+ Rscript -e 'Sys.setenv(BIOCONDUCTOR_USE_CONTAINER_REPOSITORY=FALSE); p <- .libPaths(); p <- c('\''/tmp/tmp/built'\'', p); .libPaths(p); if(BiocManager::install('\''annmap'\'', INSTALL_opts = '\''--build'\'', update = TRUE, quiet = FALSE, dependencies=TRUE, force = TRUE, keep_outputs = TRUE) %in% rownames(installed.packages())) q(status = 0) else q(status = 1)'
'getOption("repos")' replaces Bioconductor standard repositories, see
'help("repositories", package = "BiocManager")' for details.
Replacement repositories:
    CRAN: https://cloud.r-project.org
Bioconductor version 3.19 (BiocManager 1.30.22), R Under development (unstable)
  (2024-01-31 r85845)
Installing package(s) 'annmap'
also installing the dependencies ‘VariantAnnotation’, ‘rtracklayer’, ‘GenomicFeatures’, ‘ensembldb’, ‘BSgenome’, ‘biovizBase’, ‘RMySQL’, ‘Gviz’

trying URL 'https://bioconductor.org/packages/3.19/bioc/src/contrib/VariantAnnotation_1.49.6.tar.gz'
Content type 'application/x-gzip' length 2113698 bytes (2.0 MB)
==================================================
downloaded 2.0 MB

trying URL 'https://bioconductor.org/packages/3.19/bioc/src/contrib/rtracklayer_1.63.0.tar.gz'
Content type 'application/x-gzip' length 4018472 bytes (3.8 MB)
==================================================
downloaded 3.8 MB

trying URL 'https://bioconductor.org/packages/3.19/bioc/src/contrib/GenomicFeatures_1.55.3.tar.gz'
Content type 'application/x-gzip' length 1181124 bytes (1.1 MB)
==================================================
downloaded 1.1 MB

trying URL 'https://bioconductor.org/packages/3.19/bioc/src/contrib/ensembldb_2.27.1.tar.gz'
Content type 'application/x-gzip' length 3363246 bytes (3.2 MB)
==================================================
downloaded 3.2 MB

trying URL 'https://bioconductor.org/packages/3.19/bioc/src/contrib/BSgenome_1.71.1.tar.gz'
Content type 'application/x-gzip' length 5909258 bytes (5.6 MB)
==================================================
downloaded 5.6 MB

trying URL 'https://bioconductor.org/packages/3.19/bioc/src/contrib/biovizBase_1.51.0.tar.gz'
Content type 'application/x-gzip' length 2320249 bytes (2.2 MB)
==================================================
downloaded 2.2 MB

trying URL 'https://cloud.r-project.org/src/contrib/RMySQL_0.10.27.tar.gz'
Content type 'application/x-gzip' length 53406 bytes (52 KB)
==================================================
downloaded 52 KB

trying URL 'https://bioconductor.org/packages/3.19/bioc/src/contrib/Gviz_1.47.1.tar.gz'
Content type 'application/x-gzip' length 7216184 bytes (6.9 MB)
==================================================
downloaded 6.9 MB

trying URL 'https://bioconductor.org/packages/3.19/bioc/src/contrib/annmap_1.45.0.tar.gz'
Content type 'application/x-gzip' length 862170 bytes (841 KB)
==================================================
downloaded 841 KB

* installing *source* package ‘rtracklayer’ ...
** using staged installation
checking for pkg-config... /usr/bin/pkg-config
checking pkg-config is at least version 0.9.0... yes
checking for OPENSSL... yes
configure: creating ./config.status
config.status: creating src/Makevars
** libs
using C compiler: ‘gcc (Ubuntu 11.4.0-1ubuntu1~22.04) 11.4.0’
gcc -I"/usr/local/lib/R/include" -DNDEBUG -DUSE_SSL -D_FILE_OFFSET_BITS=64 -I'/tmp/tmp/built/S4Vectors/include' -I'/tmp/tmp/built/IRanges/include' -I'/tmp/tmp/built/XVector/include' -I/usr/local/include    -fpic  -g -O2 -fstack-protector-strong -Wformat -Werror=format-security -Wdate-time -D_FORTIFY_SOURCE=2 -g  -c S4Vectors_stubs.c -o S4Vectors_stubs.o
gcc -I"/usr/local/lib/R/include" -DNDEBUG -DUSE_SSL -D_FILE_OFFSET_BITS=64 -I'/tmp/tmp/built/S4Vectors/include' -I'/tmp/tmp/built/IRanges/include' -I'/tmp/tmp/built/XVector/include' -I/usr/local/include    -fpic  -g -O2 -fstack-protector-strong -Wformat -Werror=format-security -Wdate-time -D_FORTIFY_SOURCE=2 -g  -c IRanges_stubs.c -o IRanges_stubs.o
gcc -I"/usr/local/lib/R/include" -DNDEBUG -DUSE_SSL -D_FILE_OFFSET_BITS=64 -I'/tmp/tmp/built/S4Vectors/include' -I'/tmp/tmp/built/IRanges/include' -I'/tmp/tmp/built/XVector/include' -I/usr/local/include    -fpic  -g -O2 -fstack-protector-strong -Wformat -Werror=format-security -Wdate-time -D_FORTIFY_SOURCE=2 -g  -c XVector_stubs.c -o XVector_stubs.o
gcc -I"/usr/local/lib/R/include" -DNDEBUG -DUSE_SSL -D_FILE_OFFSET_BITS=64 -I'/tmp/tmp/built/S4Vectors/include' -I'/tmp/tmp/built/IRanges/include' -I'/tmp/tmp/built/XVector/include' -I/usr/local/include    -fpic  -g -O2 -fstack-protector-strong -Wformat -Werror=format-security -Wdate-time -D_FORTIFY_SOURCE=2 -g  -c R_init_rtracklayer.c -o R_init_rtracklayer.o
gcc -I"/usr/local/lib/R/include" -DNDEBUG -DUSE_SSL -D_FILE_OFFSET_BITS=64 -I'/tmp/tmp/built/S4Vectors/include' -I'/tmp/tmp/built/IRanges/include' -I'/tmp/tmp/built/XVector/include' -I/usr/local/include    -fpic  -g -O2 -fstack-protector-strong -Wformat -Werror=format-security -Wdate-time -D_FORTIFY_SOURCE=2 -g  -c readGFF.c -o readGFF.o
gcc -I"/usr/local/lib/R/include" -DNDEBUG -DUSE_SSL -D_FILE_OFFSET_BITS=64 -I'/tmp/tmp/built/S4Vectors/include' -I'/tmp/tmp/built/IRanges/include' -I'/tmp/tmp/built/XVector/include' -I/usr/local/include    -fpic  -g -O2 -fstack-protector-strong -Wformat -Werror=format-security -Wdate-time -D_FORTIFY_SOURCE=2 -g  -c bbiHelper.c -o bbiHelper.o
gcc -I"/usr/local/lib/R/include" -DNDEBUG -DUSE_SSL -D_FILE_OFFSET_BITS=64 -I'/tmp/tmp/built/S4Vectors/include' -I'/tmp/tmp/built/IRanges/include' -I'/tmp/tmp/built/XVector/include' -I/usr/local/include    -fpic  -g -O2 -fstack-protector-strong -Wformat -Werror=format-security -Wdate-time -D_FORTIFY_SOURCE=2 -g  -c bigWig.c -o bigWig.o
gcc -I"/usr/local/lib/R/include" -DNDEBUG -DUSE_SSL -D_FILE_OFFSET_BITS=64 -I'/tmp/tmp/built/S4Vectors/include' -I'/tmp/tmp/built/IRanges/include' -I'/tmp/tmp/built/XVector/include' -I/usr/local/include    -fpic  -g -O2 -fstack-protector-strong -Wformat -Werror=format-security -Wdate-time -D_FORTIFY_SOURCE=2 -g  -c bigBedHelper.c -o bigBedHelper.o
gcc -I"/usr/local/lib/R/include" -DNDEBUG -DUSE_SSL -D_FILE_OFFSET_BITS=64 -I'/tmp/tmp/built/S4Vectors/include' -I'/tmp/tmp/built/IRanges/include' -I'/tmp/tmp/built/XVector/include' -I/usr/local/include    -fpic  -g -O2 -fstack-protector-strong -Wformat -Werror=format-security -Wdate-time -D_FORTIFY_SOURCE=2 -g  -c bigBed.c -o bigBed.o
gcc -I"/usr/local/lib/R/include" -DNDEBUG -DUSE_SSL -D_FILE_OFFSET_BITS=64 -I'/tmp/tmp/built/S4Vectors/include' -I'/tmp/tmp/built/IRanges/include' -I'/tmp/tmp/built/XVector/include' -I/usr/local/include    -fpic  -g -O2 -fstack-protector-strong -Wformat -Werror=format-security -Wdate-time -D_FORTIFY_SOURCE=2 -g  -c chain_io.c -o chain_io.o
gcc -I"/usr/local/lib/R/include" -DNDEBUG -DUSE_SSL -D_FILE_OFFSET_BITS=64 -I'/tmp/tmp/built/S4Vectors/include' -I'/tmp/tmp/built/IRanges/include' -I'/tmp/tmp/built/XVector/include' -I/usr/local/include    -fpic  -g -O2 -fstack-protector-strong -Wformat -Werror=format-security -Wdate-time -D_FORTIFY_SOURCE=2 -g  -c twoBit.c -o twoBit.o
gcc -I"/usr/local/lib/R/include" -DNDEBUG -DUSE_SSL -D_FILE_OFFSET_BITS=64 -I'/tmp/tmp/built/S4Vectors/include' -I'/tmp/tmp/built/IRanges/include' -I'/tmp/tmp/built/XVector/include' -I/usr/local/include    -fpic  -g -O2 -fstack-protector-strong -Wformat -Werror=format-security -Wdate-time -D_FORTIFY_SOURCE=2 -g  -c handlers.c -o handlers.o
handlers.c: In function ‘R_warnHandler’:
handlers.c:10:11: error: format not a string literal and no format arguments [-Werror=format-security]
   10 |   warning(warn_buf);
      |           ^~~~~~~~
cc1: some warnings being treated as errors
make: *** [/usr/local/lib/R/etc/Makeconf:191: handlers.o] Error 1
ERROR: compilation failed for package ‘rtracklayer’
* removing ‘/tmp/tmp/built/rtracklayer’
* installing *source* package ‘RMySQL’ ...
** package ‘RMySQL’ successfully unpacked and MD5 sums checked
** using staged installation
Found mysql_config cflags and libs!
Using PKG_CFLAGS=-I/usr/include/mysql 
Using PKG_LIBS=-L/usr/lib/x86_64-linux-gnu -lmysqlclient -lzstd -lssl -lcrypto -lresolv -lm
** libs
using C compiler: ‘gcc (Ubuntu 11.4.0-1ubuntu1~22.04) 11.4.0’
rm -f RMySQL.so RMySQL-init.o connection.o db-apply.o driver.o exception.o fields.o result.o utils.o
gcc -I"/usr/local/lib/R/include" -DNDEBUG -I/usr/include/mysql   -I/usr/local/include    -fpic  -g -O2 -fstack-protector-strong -Wformat -Werror=format-security -Wdate-time -D_FORTIFY_SOURCE=2 -g  -c RMySQL-init.c -o RMySQL-init.o
gcc -I"/usr/local/lib/R/include" -DNDEBUG -I/usr/include/mysql   -I/usr/local/include    -fpic  -g -O2 -fstack-protector-strong -Wformat -Werror=format-security -Wdate-time -D_FORTIFY_SOURCE=2 -g  -c connection.c -o connection.o
gcc -I"/usr/local/lib/R/include" -DNDEBUG -I/usr/include/mysql   -I/usr/local/include    -fpic  -g -O2 -fstack-protector-strong -Wformat -Werror=format-security -Wdate-time -D_FORTIFY_SOURCE=2 -g  -c db-apply.c -o db-apply.o
gcc -I"/usr/local/lib/R/include" -DNDEBUG -I/usr/include/mysql   -I/usr/local/include    -fpic  -g -O2 -fstack-protector-strong -Wformat -Werror=format-security -Wdate-time -D_FORTIFY_SOURCE=2 -g  -c driver.c -o driver.o
gcc -I"/usr/local/lib/R/include" -DNDEBUG -I/usr/include/mysql   -I/usr/local/include    -fpic  -g -O2 -fstack-protector-strong -Wformat -Werror=format-security -Wdate-time -D_FORTIFY_SOURCE=2 -g  -c exception.c -o exception.o
gcc -I"/usr/local/lib/R/include" -DNDEBUG -I/usr/include/mysql   -I/usr/local/include    -fpic  -g -O2 -fstack-protector-strong -Wformat -Werror=format-security -Wdate-time -D_FORTIFY_SOURCE=2 -g  -c fields.c -o fields.o
gcc -I"/usr/local/lib/R/include" -DNDEBUG -I/usr/include/mysql   -I/usr/local/include    -fpic  -g -O2 -fstack-protector-strong -Wformat -Werror=format-security -Wdate-time -D_FORTIFY_SOURCE=2 -g  -c result.c -o result.o
gcc -I"/usr/local/lib/R/include" -DNDEBUG -I/usr/include/mysql   -I/usr/local/include    -fpic  -g -O2 -fstack-protector-strong -Wformat -Werror=format-security -Wdate-time -D_FORTIFY_SOURCE=2 -g  -c utils.c -o utils.o
gcc -shared -L/usr/local/lib/R/lib -L/usr/local/lib -o RMySQL.so RMySQL-init.o connection.o db-apply.o driver.o exception.o fields.o result.o utils.o -L/usr/lib/x86_64-linux-gnu -lmysqlclient -lzstd -lssl -lcrypto -lresolv -lm -L/usr/local/lib/R/lib -lR
installing to /tmp/tmp/built/00LOCK-RMySQL/00new/RMySQL/libs
** R
** byte-compile and prepare package for lazy loading
** help
*** installing help indices
** building package indices
** testing if installed package can be loaded from temporary location
** checking absolute paths in shared objects and dynamic libraries
** testing if installed package can be loaded from final location
** testing if installed package keeps a record of temporary installation path
* creating tarball
packaged installation of ‘RMySQL’ as ‘RMySQL_0.10.27_R_x86_64-pc-linux-gnu.tar.gz’
* DONE (RMySQL)
ERROR: dependency ‘rtracklayer’ is not available for package ‘GenomicFeatures’
* removing ‘/tmp/tmp/built/GenomicFeatures’
ERROR: dependency ‘rtracklayer’ is not available for package ‘BSgenome’
* removing ‘/tmp/tmp/built/BSgenome’
* installing *source* package ‘annmap’ ...
** using staged installation
** R
** inst
** byte-compile and prepare package for lazy loading
in method for ‘probesetInRange’ with signature ‘x="RangedData"’: no definition for class “RangedData”
in method for ‘probeInRange’ with signature ‘x="RangedData"’: no definition for class “RangedData”
in method for ‘proteinInRange’ with signature ‘x="RangedData"’: no definition for class “RangedData”
in method for ‘domainInRange’ with signature ‘x="RangedData"’: no definition for class “RangedData”
in method for ‘geneInRange’ with signature ‘x="RangedData"’: no definition for class “RangedData”
in method for ‘transcriptInRange’ with signature ‘x="RangedData"’: no definition for class “RangedData”
in method for ‘exonInRange’ with signature ‘x="RangedData"’: no definition for class “RangedData”
in method for ‘estGeneInRange’ with signature ‘x="RangedData"’: no definition for class “RangedData”
in method for ‘estTranscriptInRange’ with signature ‘x="RangedData"’: no definition for class “RangedData”
in method for ‘estExonInRange’ with signature ‘x="RangedData"’: no definition for class “RangedData”
in method for ‘predictionTranscriptInRange’ with signature ‘x="RangedData"’: no definition for class “RangedData”
** help
*** installing help indices
** building package indices
** installing vignettes
** testing if installed package can be loaded from temporary location
** testing if installed package can be loaded from final location
** testing if installed package keeps a record of temporary installation path
* creating tarball
packaged installation of ‘annmap’ as ‘annmap_1.45.0_R_x86_64-pc-linux-gnu.tar.gz’
* DONE (annmap)
ERROR: dependencies ‘rtracklayer’, ‘BSgenome’, ‘GenomicFeatures’ are not available for package ‘VariantAnnotation’
* removing ‘/tmp/tmp/built/VariantAnnotation’
ERROR: dependencies ‘GenomicFeatures’, ‘rtracklayer’ are not available for package ‘ensembldb’
* removing ‘/tmp/tmp/built/ensembldb’
ERROR: dependencies ‘GenomicFeatures’, ‘VariantAnnotation’, ‘ensembldb’ are not available for package ‘biovizBase’
* removing ‘/tmp/tmp/built/biovizBase’
ERROR: dependencies ‘rtracklayer’, ‘GenomicFeatures’, ‘ensembldb’, ‘BSgenome’, ‘biovizBase’ are not available for package ‘Gviz’
* removing ‘/tmp/tmp/built/Gviz’

The downloaded source packages are in
	‘/tmp/RtmpeVRS40/downloaded_packages’
Warning messages:
1: In install.packages(...) :
  installation of package ‘rtracklayer’ had non-zero exit status
2: In install.packages(...) :
  installation of package ‘GenomicFeatures’ had non-zero exit status
3: In install.packages(...) :
  installation of package ‘BSgenome’ had non-zero exit status
4: In install.packages(...) :
  installation of package ‘VariantAnnotation’ had non-zero exit status
5: In install.packages(...) :
  installation of package ‘ensembldb’ had non-zero exit status
6: In install.packages(...) :
  installation of package ‘biovizBase’ had non-zero exit status
7: In install.packages(...) :
  installation of package ‘Gviz’ had non-zero exit status

real	0m29.648s
user	0m23.313s
sys	0m4.580s
