+ Rscript -e 'Sys.setenv(BIOCONDUCTOR_USE_CONTAINER_REPOSITORY=FALSE); p <- .libPaths(); p <- c('\''/tmp/tmp/built'\'', p); .libPaths(p); if(BiocManager::install('\''hmdbQuery'\'', INSTALL_opts = '\''--build'\'', update = TRUE, quiet = FALSE, dependencies=TRUE, force = TRUE, keep_outputs = TRUE) %in% rownames(installed.packages())) q(status = 0) else q(status = 1)'
'getOption("repos")' replaces Bioconductor standard repositories, see
'help("repositories", package = "BiocManager")' for details.
Replacement repositories:
    CRAN: https://cloud.r-project.org
Bioconductor version 3.19 (BiocManager 1.30.22), R Under development (unstable)
  (2024-01-31 r85845)
Installing package(s) 'hmdbQuery'
also installing the dependencies ‘rjson’, ‘restfulr’, ‘progress’, ‘BiocIO’, ‘rtracklayer’, ‘biomaRt’, ‘hms’, ‘vroom’, ‘tzdb’, ‘dbplyr’, ‘filelock’, ‘BSgenome’, ‘GenomicFeatures’, ‘readr’, ‘BiocFileCache’, ‘snpStats’, ‘VariantAnnotation’, ‘AnnotationHub’, ‘gwascat’

trying URL 'https://cloud.r-project.org/src/contrib/rjson_0.2.21.tar.gz'
Content type 'application/x-gzip' length 116509 bytes (113 KB)
==================================================
downloaded 113 KB

trying URL 'https://cloud.r-project.org/src/contrib/restfulr_0.0.15.tar.gz'
Content type 'application/x-gzip' length 15033 bytes (14 KB)
==================================================
downloaded 14 KB

trying URL 'https://cloud.r-project.org/src/contrib/progress_1.2.3.tar.gz'
Content type 'application/x-gzip' length 30499 bytes (29 KB)
==================================================
downloaded 29 KB

trying URL 'https://bioconductor.org/packages/3.19/bioc/src/contrib/BiocIO_1.13.0.tar.gz'
Content type 'application/x-gzip' length 230503 bytes (225 KB)
==================================================
downloaded 225 KB

trying URL 'https://bioconductor.org/packages/3.19/bioc/src/contrib/rtracklayer_1.63.0.tar.gz'
Content type 'application/x-gzip' length 4018472 bytes (3.8 MB)
==================================================
downloaded 3.8 MB

trying URL 'https://bioconductor.org/packages/3.19/bioc/src/contrib/biomaRt_2.59.1.tar.gz'
Content type 'application/x-gzip' length 862120 bytes (841 KB)
==================================================
downloaded 841 KB

trying URL 'https://cloud.r-project.org/src/contrib/hms_1.1.3.tar.gz'
Content type 'application/x-gzip' length 43379 bytes (42 KB)
==================================================
downloaded 42 KB

trying URL 'https://cloud.r-project.org/src/contrib/vroom_1.6.5.tar.gz'
Content type 'application/x-gzip' length 750416 bytes (732 KB)
==================================================
downloaded 732 KB

trying URL 'https://cloud.r-project.org/src/contrib/tzdb_0.4.0.tar.gz'
Content type 'application/x-gzip' length 586327 bytes (572 KB)
==================================================
downloaded 572 KB

trying URL 'https://cloud.r-project.org/src/contrib/dbplyr_2.4.0.tar.gz'
Content type 'application/x-gzip' length 760884 bytes (743 KB)
==================================================
downloaded 743 KB

trying URL 'https://cloud.r-project.org/src/contrib/filelock_1.0.3.tar.gz'
Content type 'application/x-gzip' length 15443 bytes (15 KB)
==================================================
downloaded 15 KB

trying URL 'https://bioconductor.org/packages/3.19/bioc/src/contrib/BSgenome_1.71.1.tar.gz'
Content type 'application/x-gzip' length 5909258 bytes (5.6 MB)
==================================================
downloaded 5.6 MB

trying URL 'https://bioconductor.org/packages/3.19/bioc/src/contrib/GenomicFeatures_1.55.3.tar.gz'
Content type 'application/x-gzip' length 1181124 bytes (1.1 MB)
==================================================
downloaded 1.1 MB

trying URL 'https://cloud.r-project.org/src/contrib/readr_2.1.5.tar.gz'
Content type 'application/x-gzip' length 298065 bytes (291 KB)
==================================================
downloaded 291 KB

trying URL 'https://bioconductor.org/packages/3.19/bioc/src/contrib/BiocFileCache_2.11.1.tar.gz'
Content type 'application/x-gzip' length 299452 bytes (292 KB)
==================================================
downloaded 292 KB

trying URL 'https://bioconductor.org/packages/3.19/bioc/src/contrib/snpStats_1.53.0.tar.gz'
Content type 'application/x-gzip' length 7063017 bytes (6.7 MB)
==================================================
downloaded 6.7 MB

trying URL 'https://bioconductor.org/packages/3.19/bioc/src/contrib/VariantAnnotation_1.49.6.tar.gz'
Content type 'application/x-gzip' length 2113698 bytes (2.0 MB)
==================================================
downloaded 2.0 MB

trying URL 'https://bioconductor.org/packages/3.19/bioc/src/contrib/AnnotationHub_3.11.1.tar.gz'
Content type 'application/x-gzip' length 994032 bytes (970 KB)
==================================================
downloaded 970 KB

trying URL 'https://bioconductor.org/packages/3.19/bioc/src/contrib/gwascat_2.35.0.tar.gz'
Content type 'application/x-gzip' length 35369152 bytes (33.7 MB)
==================================================
downloaded 33.7 MB

trying URL 'https://bioconductor.org/packages/3.19/bioc/src/contrib/hmdbQuery_1.23.0.tar.gz'
Content type 'application/x-gzip' length 765171 bytes (747 KB)
==================================================
downloaded 747 KB

* installing *source* package ‘rjson’ ...
** package ‘rjson’ successfully unpacked and MD5 sums checked
** using staged installation
** libs
using C compiler: ‘gcc (Ubuntu 11.4.0-1ubuntu1~22.04) 11.4.0’
using C++ compiler: ‘g++ (Ubuntu 11.4.0-1ubuntu1~22.04) 11.4.0’
g++ -std=gnu++17 -I"/usr/local/lib/R/include" -DNDEBUG   -I/usr/local/include    -fpic  -g -O2 -fstack-protector-strong -Wformat -Werror=format-security -Wdate-time -D_FORTIFY_SOURCE=2 -g  -c dump.cpp -o dump.o
gcc -I"/usr/local/lib/R/include" -DNDEBUG   -I/usr/local/include    -fpic  -g -O2 -fstack-protector-strong -Wformat -Werror=format-security -Wdate-time -D_FORTIFY_SOURCE=2 -g  -c parser.c -o parser.o
gcc -I"/usr/local/lib/R/include" -DNDEBUG   -I/usr/local/include    -fpic  -g -O2 -fstack-protector-strong -Wformat -Werror=format-security -Wdate-time -D_FORTIFY_SOURCE=2 -g  -c register.c -o register.o
g++ -std=gnu++17 -shared -L/usr/local/lib/R/lib -L/usr/local/lib -o rjson.so dump.o parser.o register.o -L/usr/local/lib/R/lib -lR
installing to /tmp/tmp/built/00LOCK-rjson/00new/rjson/libs
** R
** inst
** byte-compile and prepare package for lazy loading
** help
*** installing help indices
** building package indices
** installing vignettes
** testing if installed package can be loaded from temporary location
** checking absolute paths in shared objects and dynamic libraries
** testing if installed package can be loaded from final location
** testing if installed package keeps a record of temporary installation path
* creating tarball
packaged installation of ‘rjson’ as ‘rjson_0.2.21_R_x86_64-pc-linux-gnu.tar.gz’
* DONE (rjson)
* installing *source* package ‘BiocIO’ ...
** using staged installation
** R
** inst
** byte-compile and prepare package for lazy loading
** help
*** installing help indices
** building package indices
** installing vignettes
** testing if installed package can be loaded from temporary location
** testing if installed package can be loaded from final location
** testing if installed package keeps a record of temporary installation path
* creating tarball
packaged installation of ‘BiocIO’ as ‘BiocIO_1.13.0_R_x86_64-pc-linux-gnu.tar.gz’
* DONE (BiocIO)
* installing *source* package ‘hms’ ...
** package ‘hms’ successfully unpacked and MD5 sums checked
** using staged installation
** R
** byte-compile and prepare package for lazy loading
** help
*** installing help indices
*** copying figures
** building package indices
** testing if installed package can be loaded from temporary location
** testing if installed package can be loaded from final location
** testing if installed package keeps a record of temporary installation path
* creating tarball
packaged installation of ‘hms’ as ‘hms_1.1.3_R_x86_64-pc-linux-gnu.tar.gz’
* DONE (hms)
* installing *source* package ‘tzdb’ ...
** package ‘tzdb’ successfully unpacked and MD5 sums checked
** using staged installation
** libs
using C++ compiler: ‘g++ (Ubuntu 11.4.0-1ubuntu1~22.04) 11.4.0’
g++ -std=gnu++17 -I"/usr/local/lib/R/include" -DNDEBUG  -I'/usr/local/lib/R/site-library/cpp11/include' -I/usr/local/include   -I../inst/include -DINSTALL=dummy -DAUTO_DOWNLOAD=0 -DHAS_REMOTE_API=0 -DUSE_OS_TZDB=0 -DONLY_C_LOCALE=1 -fpic  -g -O2 -fstack-protector-strong -Wformat -Werror=format-security -Wdate-time -D_FORTIFY_SOURCE=2 -g  -c api.cpp -o api.o
g++ -std=gnu++17 -I"/usr/local/lib/R/include" -DNDEBUG  -I'/usr/local/lib/R/site-library/cpp11/include' -I/usr/local/include   -I../inst/include -DINSTALL=dummy -DAUTO_DOWNLOAD=0 -DHAS_REMOTE_API=0 -DUSE_OS_TZDB=0 -DONLY_C_LOCALE=1 -fpic  -g -O2 -fstack-protector-strong -Wformat -Werror=format-security -Wdate-time -D_FORTIFY_SOURCE=2 -g  -c cpp11.cpp -o cpp11.o
g++ -std=gnu++17 -I"/usr/local/lib/R/include" -DNDEBUG  -I'/usr/local/lib/R/site-library/cpp11/include' -I/usr/local/include   -I../inst/include -DINSTALL=dummy -DAUTO_DOWNLOAD=0 -DHAS_REMOTE_API=0 -DUSE_OS_TZDB=0 -DONLY_C_LOCALE=1 -fpic  -g -O2 -fstack-protector-strong -Wformat -Werror=format-security -Wdate-time -D_FORTIFY_SOURCE=2 -g  -c names.cpp -o names.o
g++ -std=gnu++17 -I"/usr/local/lib/R/include" -DNDEBUG  -I'/usr/local/lib/R/site-library/cpp11/include' -I/usr/local/include   -I../inst/include -DINSTALL=dummy -DAUTO_DOWNLOAD=0 -DHAS_REMOTE_API=0 -DUSE_OS_TZDB=0 -DONLY_C_LOCALE=1 -fpic  -g -O2 -fstack-protector-strong -Wformat -Werror=format-security -Wdate-time -D_FORTIFY_SOURCE=2 -g  -c path.cpp -o path.o
g++ -std=gnu++17 -I"/usr/local/lib/R/include" -DNDEBUG  -I'/usr/local/lib/R/site-library/cpp11/include' -I/usr/local/include   -I../inst/include -DINSTALL=dummy -DAUTO_DOWNLOAD=0 -DHAS_REMOTE_API=0 -DUSE_OS_TZDB=0 -DONLY_C_LOCALE=1 -fpic  -g -O2 -fstack-protector-strong -Wformat -Werror=format-security -Wdate-time -D_FORTIFY_SOURCE=2 -g  -c tz.cpp -o tz.o
g++ -std=gnu++17 -I"/usr/local/lib/R/include" -DNDEBUG  -I'/usr/local/lib/R/site-library/cpp11/include' -I/usr/local/include   -I../inst/include -DINSTALL=dummy -DAUTO_DOWNLOAD=0 -DHAS_REMOTE_API=0 -DUSE_OS_TZDB=0 -DONLY_C_LOCALE=1 -fpic  -g -O2 -fstack-protector-strong -Wformat -Werror=format-security -Wdate-time -D_FORTIFY_SOURCE=2 -g  -c version.cpp -o version.o
g++ -std=gnu++17 -shared -L/usr/local/lib/R/lib -L/usr/local/lib -o tzdb.so api.o cpp11.o names.o path.o tz.o version.o -L/usr/local/lib/R/lib -lR
installing to /tmp/tmp/built/00LOCK-tzdb/00new/tzdb/libs
** R
** inst
** byte-compile and prepare package for lazy loading
** help
*** installing help indices
** building package indices
** testing if installed package can be loaded from temporary location
** checking absolute paths in shared objects and dynamic libraries
** testing if installed package can be loaded from final location
** testing if installed package keeps a record of temporary installation path
* creating tarball
packaged installation of ‘tzdb’ as ‘tzdb_0.4.0_R_x86_64-pc-linux-gnu.tar.gz’
* DONE (tzdb)
* installing *source* package ‘dbplyr’ ...
** package ‘dbplyr’ successfully unpacked and MD5 sums checked
** using staged installation
** R
** inst
** byte-compile and prepare package for lazy loading
** help
*** installing help indices
*** copying figures
** building package indices
** installing vignettes
** testing if installed package can be loaded from temporary location
** testing if installed package can be loaded from final location
** testing if installed package keeps a record of temporary installation path
* creating tarball
packaged installation of ‘dbplyr’ as ‘dbplyr_2.4.0_R_x86_64-pc-linux-gnu.tar.gz’
* DONE (dbplyr)
* installing *source* package ‘filelock’ ...
** package ‘filelock’ successfully unpacked and MD5 sums checked
** using staged installation
** libs
using C compiler: ‘gcc (Ubuntu 11.4.0-1ubuntu1~22.04) 11.4.0’
rm -f filelock.so init.o filelock-unix.o locklist.o
gcc -I"/usr/local/lib/R/include" -DNDEBUG   -I/usr/local/include    -fpic  -g -O2 -fstack-protector-strong -Wformat -Werror=format-security -Wdate-time -D_FORTIFY_SOURCE=2 -g  -c init.c -o init.o
gcc -I"/usr/local/lib/R/include" -DNDEBUG   -I/usr/local/include    -fpic  -g -O2 -fstack-protector-strong -Wformat -Werror=format-security -Wdate-time -D_FORTIFY_SOURCE=2 -g  -c filelock-unix.c -o filelock-unix.o
gcc -I"/usr/local/lib/R/include" -DNDEBUG   -I/usr/local/include    -fpic  -g -O2 -fstack-protector-strong -Wformat -Werror=format-security -Wdate-time -D_FORTIFY_SOURCE=2 -g  -c locklist.c -o locklist.o
gcc -shared -L/usr/local/lib/R/lib -L/usr/local/lib -o filelock.so init.o filelock-unix.o locklist.o -L/usr/local/lib/R/lib -lR
installing to /tmp/tmp/built/00LOCK-filelock/00new/filelock/libs
** R
** inst
** byte-compile and prepare package for lazy loading
** help
*** installing help indices
** building package indices
** testing if installed package can be loaded from temporary location
** checking absolute paths in shared objects and dynamic libraries
** testing if installed package can be loaded from final location
** testing if installed package keeps a record of temporary installation path
* creating tarball
packaged installation of ‘filelock’ as ‘filelock_1.0.3_R_x86_64-pc-linux-gnu.tar.gz’
* DONE (filelock)
* installing *source* package ‘snpStats’ ...
** using staged installation
** libs
using C compiler: ‘gcc (Ubuntu 11.4.0-1ubuntu1~22.04) 11.4.0’
gcc -I"/usr/local/lib/R/include" -DNDEBUG   -I/usr/local/include    -fpic  -g -O2 -fstack-protector-strong -Wformat -Werror=format-security -Wdate-time -D_FORTIFY_SOURCE=2 -g  -c Runcertain.c -o Runcertain.o
gcc -I"/usr/local/lib/R/include" -DNDEBUG   -I/usr/local/include    -fpic  -g -O2 -fstack-protector-strong -Wformat -Werror=format-security -Wdate-time -D_FORTIFY_SOURCE=2 -g  -c bind.c -o bind.o
bind.c: In function ‘snp_cbind’:
bind.c:243:56: warning: format ‘%d’ expects argument of type ‘int’, but argument 2 has type ‘R_xlen_t’ {aka ‘long int’} [-Wformat=]
  243 |               error("Duplicated column name at column %d overall from column %d of object %d", ij+1, j+1, i+1);
      |                                                       ~^                                       ~~~~
      |                                                        |                                         |
      |                                                        int                                       R_xlen_t {aka long int}
      |                                                       %ld
gcc -I"/usr/local/lib/R/include" -DNDEBUG   -I/usr/local/include    -fpic  -g -O2 -fstack-protector-strong -Wformat -Werror=format-security -Wdate-time -D_FORTIFY_SOURCE=2 -g  -c count_gt.c -o count_gt.o
gcc -I"/usr/local/lib/R/include" -DNDEBUG   -I/usr/local/include    -fpic  -g -O2 -fstack-protector-strong -Wformat -Werror=format-security -Wdate-time -D_FORTIFY_SOURCE=2 -g  -c covwin.c -o covwin.o
gcc -I"/usr/local/lib/R/include" -DNDEBUG   -I/usr/local/include    -fpic  -g -O2 -fstack-protector-strong -Wformat -Werror=format-security -Wdate-time -D_FORTIFY_SOURCE=2 -g  -c force_hom.c -o force_hom.o
gcc -I"/usr/local/lib/R/include" -DNDEBUG   -I/usr/local/include    -fpic  -g -O2 -fstack-protector-strong -Wformat -Werror=format-security -Wdate-time -D_FORTIFY_SOURCE=2 -g  -c fst.c -o fst.o
gcc -I"/usr/local/lib/R/include" -DNDEBUG   -I/usr/local/include    -fpic  -g -O2 -fstack-protector-strong -Wformat -Werror=format-security -Wdate-time -D_FORTIFY_SOURCE=2 -g  -c glm_test.c -o glm_test.o
gcc -I"/usr/local/lib/R/include" -DNDEBUG   -I/usr/local/include    -fpic  -g -O2 -fstack-protector-strong -Wformat -Werror=format-security -Wdate-time -D_FORTIFY_SOURCE=2 -g  -c glm_test_R.c -o glm_test_R.o
glm_test_R.c: In function ‘snp_lhs_score’:
glm_test_R.c:305:17: warning: too many arguments for format [-Wformat-extra-args]
  305 |         warning("Matrix not positive semi-definite in test ", t+1);
      |                 ^~~~~~~~~~~~~~~~~~~~~~~~~~~~~~~~~~~~~~~~~~~~
glm_test_R.c: In function ‘snp_rhs_score’:
glm_test_R.c:805:17: warning: too many arguments for format [-Wformat-extra-args]
  805 |         warning("Matrix not positive semi-definite in test ", test+1);
      |                 ^~~~~~~~~~~~~~~~~~~~~~~~~~~~~~~~~~~~~~~~~~~~
glm_test_R.c: In function ‘pool2_glm’:
glm_test_R.c:937:17: warning: too many arguments for format [-Wformat-extra-args]
  937 |         warning("Matrix not positive semi-definite in pooled test ", i+1);
      |                 ^~~~~~~~~~~~~~~~~~~~~~~~~~~~~~~~~~~~~~~~~~~~~~~~~~~
gcc -I"/usr/local/lib/R/include" -DNDEBUG   -I/usr/local/include    -fpic  -g -O2 -fstack-protector-strong -Wformat -Werror=format-security -Wdate-time -D_FORTIFY_SOURCE=2 -g  -c hash_index.c -o hash_index.o
gcc -I"/usr/local/lib/R/include" -DNDEBUG   -I/usr/local/include    -fpic  -g -O2 -fstack-protector-strong -Wformat -Werror=format-security -Wdate-time -D_FORTIFY_SOURCE=2 -g  -c hphase.c -o hphase.o
gcc -I"/usr/local/lib/R/include" -DNDEBUG   -I/usr/local/include    -fpic  -g -O2 -fstack-protector-strong -Wformat -Werror=format-security -Wdate-time -D_FORTIFY_SOURCE=2 -g  -c imputation.c -o imputation.o
gcc -I"/usr/local/lib/R/include" -DNDEBUG   -I/usr/local/include    -fpic  -g -O2 -fstack-protector-strong -Wformat -Werror=format-security -Wdate-time -D_FORTIFY_SOURCE=2 -g  -c in.c -o in.o
gcc -I"/usr/local/lib/R/include" -DNDEBUG   -I/usr/local/include    -fpic  -g -O2 -fstack-protector-strong -Wformat -Werror=format-security -Wdate-time -D_FORTIFY_SOURCE=2 -g  -c input.c -o input.o
gcc -I"/usr/local/lib/R/include" -DNDEBUG   -I/usr/local/include    -fpic  -g -O2 -fstack-protector-strong -Wformat -Werror=format-security -Wdate-time -D_FORTIFY_SOURCE=2 -g  -c invert.c -o invert.o
gcc -I"/usr/local/lib/R/include" -DNDEBUG   -I/usr/local/include    -fpic  -g -O2 -fstack-protector-strong -Wformat -Werror=format-security -Wdate-time -D_FORTIFY_SOURCE=2 -g  -c ipf.c -o ipf.o
gcc -I"/usr/local/lib/R/include" -DNDEBUG   -I/usr/local/include    -fpic  -g -O2 -fstack-protector-strong -Wformat -Werror=format-security -Wdate-time -D_FORTIFY_SOURCE=2 -g  -c ld.c -o ld.o
gcc -I"/usr/local/lib/R/include" -DNDEBUG   -I/usr/local/include    -fpic  -g -O2 -fstack-protector-strong -Wformat -Werror=format-security -Wdate-time -D_FORTIFY_SOURCE=2 -g  -c misc.c -o misc.o
gcc -I"/usr/local/lib/R/include" -DNDEBUG   -I/usr/local/include    -fpic  -g -O2 -fstack-protector-strong -Wformat -Werror=format-security -Wdate-time -D_FORTIFY_SOURCE=2 -g  -c mla.c -o mla.o
gcc -I"/usr/local/lib/R/include" -DNDEBUG   -I/usr/local/include    -fpic  -g -O2 -fstack-protector-strong -Wformat -Werror=format-security -Wdate-time -D_FORTIFY_SOURCE=2 -g  -c mvphenotype.c -o mvphenotype.o
gcc -I"/usr/local/lib/R/include" -DNDEBUG   -I/usr/local/include    -fpic  -g -O2 -fstack-protector-strong -Wformat -Werror=format-security -Wdate-time -D_FORTIFY_SOURCE=2 -g  -c outdata.c -o outdata.o
gcc -I"/usr/local/lib/R/include" -DNDEBUG   -I/usr/local/include    -fpic  -g -O2 -fstack-protector-strong -Wformat -Werror=format-security -Wdate-time -D_FORTIFY_SOURCE=2 -g  -c plink.c -o plink.o
gcc -I"/usr/local/lib/R/include" -DNDEBUG   -I/usr/local/include    -fpic  -g -O2 -fstack-protector-strong -Wformat -Werror=format-security -Wdate-time -D_FORTIFY_SOURCE=2 -g  -c read_uncertain.c -o read_uncertain.o
read_uncertain.c: In function ‘read_mach’:
read_uncertain.c:103:36: warning: format ‘%d’ expects argument of type ‘int’, but argument 2 has type ‘long int’ [-Wformat=]
  103 |   Rprintf("Reading SnpMatrix with %d rows and %d columns\n", lines, ncol);
      |                                   ~^                         ~~~~~
      |                                    |                         |
      |                                    int                       long int
      |                                   %ld
gcc -I"/usr/local/lib/R/include" -DNDEBUG   -I/usr/local/include    -fpic  -g -O2 -fstack-protector-strong -Wformat -Werror=format-security -Wdate-time -D_FORTIFY_SOURCE=2 -g  -c readped.c -o readped.o
readped.c: In function ‘readped’:
readped.c:234:33: warning: ‘%d’ directive output may be truncated writing between 1 and 11 bytes into a region of size between 0 and 127 [-Wformat-truncation=]
  234 |     snprintf(fmid, MAX_ID, "%s%c%d", fid, sepchar, memi);
      |                                 ^~
In file included from /usr/include/stdio.h:894,
                 from /usr/local/lib/R/include/R.h:44,
                 from readped.c:3:
/usr/include/x86_64-linux-gnu/bits/stdio2.h:71:10: note: ‘__builtin___snprintf_chk’ output between 3 and 140 bytes into a destination of size 128
   71 |   return __builtin___snprintf_chk (__s, __n, __USE_FORTIFY_LEVEL - 1,
      |          ^~~~~~~~~~~~~~~~~~~~~~~~~~~~~~~~~~~~~~~~~~~~~~~~~~~~~~~~~~~~
   72 |                                    __glibc_objsize (__s), __fmt,
      |                                    ~~~~~~~~~~~~~~~~~~~~~~~~~~~~~
   73 |                                    __va_arg_pack ());
      |                                    ~~~~~~~~~~~~~~~~~
gcc -I"/usr/local/lib/R/include" -DNDEBUG   -I/usr/local/include    -fpic  -g -O2 -fstack-protector-strong -Wformat -Werror=format-security -Wdate-time -D_FORTIFY_SOURCE=2 -g  -c single_snp_tests.c -o single_snp_tests.o
gcc -I"/usr/local/lib/R/include" -DNDEBUG   -I/usr/local/include    -fpic  -g -O2 -fstack-protector-strong -Wformat -Werror=format-security -Wdate-time -D_FORTIFY_SOURCE=2 -g  -c snp_summary.c -o snp_summary.o
gcc -I"/usr/local/lib/R/include" -DNDEBUG   -I/usr/local/include    -fpic  -g -O2 -fstack-protector-strong -Wformat -Werror=format-security -Wdate-time -D_FORTIFY_SOURCE=2 -g  -c snpmpy.c -o snpmpy.o
gcc -I"/usr/local/lib/R/include" -DNDEBUG   -I/usr/local/include    -fpic  -g -O2 -fstack-protector-strong -Wformat -Werror=format-security -Wdate-time -D_FORTIFY_SOURCE=2 -g  -c solve_cubic.c -o solve_cubic.o
gcc -I"/usr/local/lib/R/include" -DNDEBUG   -I/usr/local/include    -fpic  -g -O2 -fstack-protector-strong -Wformat -Werror=format-security -Wdate-time -D_FORTIFY_SOURCE=2 -g  -c structure.c -o structure.o
gcc -I"/usr/local/lib/R/include" -DNDEBUG   -I/usr/local/include    -fpic  -g -O2 -fstack-protector-strong -Wformat -Werror=format-security -Wdate-time -D_FORTIFY_SOURCE=2 -g  -c subset.c -o subset.o
gcc -I"/usr/local/lib/R/include" -DNDEBUG   -I/usr/local/include    -fpic  -g -O2 -fstack-protector-strong -Wformat -Werror=format-security -Wdate-time -D_FORTIFY_SOURCE=2 -g  -c switch.c -o switch.o
gcc -I"/usr/local/lib/R/include" -DNDEBUG   -I/usr/local/include    -fpic  -g -O2 -fstack-protector-strong -Wformat -Werror=format-security -Wdate-time -D_FORTIFY_SOURCE=2 -g  -c tdt.c -o tdt.o
gcc -I"/usr/local/lib/R/include" -DNDEBUG   -I/usr/local/include    -fpic  -g -O2 -fstack-protector-strong -Wformat -Werror=format-security -Wdate-time -D_FORTIFY_SOURCE=2 -g  -c testBig.c -o testBig.o
testBig.c: In function ‘snp_big’:
testBig.c:31:27: warning: ‘%d’ directive writing between 1 and 10 bytes into a region of size 9 [-Wformat-overflow=]
   31 |     sprintf(name, "Subject%d", i+1);
      |                           ^~
testBig.c:31:19: note: directive argument in the range [1, 2147483647]
   31 |     sprintf(name, "Subject%d", i+1);
      |                   ^~~~~~~~~~~
In file included from /usr/include/stdio.h:894,
                 from /usr/local/lib/R/include/R.h:44,
                 from testBig.c:1:
/usr/include/x86_64-linux-gnu/bits/stdio2.h:38:10: note: ‘__builtin___sprintf_chk’ output between 9 and 18 bytes into a destination of size 16
   38 |   return __builtin___sprintf_chk (__s, __USE_FORTIFY_LEVEL - 1,
      |          ^~~~~~~~~~~~~~~~~~~~~~~~~~~~~~~~~~~~~~~~~~~~~~~~~~~~~~
   39 |                                   __glibc_objsize (__s), __fmt,
      |                                   ~~~~~~~~~~~~~~~~~~~~~~~~~~~~~
   40 |                                   __va_arg_pack ());
      |                                   ~~~~~~~~~~~~~~~~~
gcc -I"/usr/local/lib/R/include" -DNDEBUG   -I/usr/local/include    -fpic  -g -O2 -fstack-protector-strong -Wformat -Werror=format-security -Wdate-time -D_FORTIFY_SOURCE=2 -g  -c uncertain.c -o uncertain.o
gcc -shared -L/usr/local/lib/R/lib -L/usr/local/lib -o snpStats.so Runcertain.o bind.o count_gt.o covwin.o force_hom.o fst.o glm_test.o glm_test_R.o hash_index.o hphase.o imputation.o in.o input.o invert.o ipf.o ld.o misc.o mla.o mvphenotype.o outdata.o plink.o read_uncertain.o readped.o single_snp_tests.o snp_summary.o snpmpy.o solve_cubic.o structure.o subset.o switch.o tdt.o testBig.o uncertain.o -lz -L/usr/local/lib/R/lib -lR
installing to /tmp/tmp/built/00LOCK-snpStats/00new/snpStats/libs
** R
** data
** inst
** byte-compile and prepare package for lazy loading
** help
*** installing help indices
** building package indices
** installing vignettes
** testing if installed package can be loaded from temporary location
** checking absolute paths in shared objects and dynamic libraries
** testing if installed package can be loaded from final location
** testing if installed package keeps a record of temporary installation path
* creating tarball
packaged installation of ‘snpStats’ as ‘snpStats_1.53.0_R_x86_64-pc-linux-gnu.tar.gz’
* DONE (snpStats)
* installing *source* package ‘hmdbQuery’ ...
** using staged installation
** R
** data
** inst
** byte-compile and prepare package for lazy loading
** help
*** installing help indices
** building package indices
** installing vignettes
** testing if installed package can be loaded from temporary location
** testing if installed package can be loaded from final location
** testing if installed package keeps a record of temporary installation path
* creating tarball
packaged installation of ‘hmdbQuery’ as ‘hmdbQuery_1.23.0_R_x86_64-pc-linux-gnu.tar.gz’
* DONE (hmdbQuery)
* installing *source* package ‘restfulr’ ...
** package ‘restfulr’ successfully unpacked and MD5 sums checked
** using staged installation
** libs
using C compiler: ‘gcc (Ubuntu 11.4.0-1ubuntu1~22.04) 11.4.0’
gcc -I"/usr/local/lib/R/include" -DNDEBUG   -I/usr/local/include    -fpic  -g -O2 -fstack-protector-strong -Wformat -Werror=format-security -Wdate-time -D_FORTIFY_SOURCE=2 -g  -c init.c -o init.o
gcc -I"/usr/local/lib/R/include" -DNDEBUG   -I/usr/local/include    -fpic  -g -O2 -fstack-protector-strong -Wformat -Werror=format-security -Wdate-time -D_FORTIFY_SOURCE=2 -g  -c raggedListToDF.c -o raggedListToDF.o
gcc -shared -L/usr/local/lib/R/lib -L/usr/local/lib -o restfulr.so init.o raggedListToDF.o -L/usr/local/lib/R/lib -lR
installing to /tmp/tmp/built/00LOCK-restfulr/00new/restfulr/libs
** R
** inst
** byte-compile and prepare package for lazy loading
Creating a new generic function for ‘assign’ in package ‘restfulr’
** help
*** installing help indices
** building package indices
** testing if installed package can be loaded from temporary location
** checking absolute paths in shared objects and dynamic libraries
** testing if installed package can be loaded from final location
** testing if installed package keeps a record of temporary installation path
* creating tarball
packaged installation of ‘restfulr’ as ‘restfulr_0.0.15_R_x86_64-pc-linux-gnu.tar.gz’
* DONE (restfulr)
* installing *source* package ‘progress’ ...
** package ‘progress’ successfully unpacked and MD5 sums checked
** using staged installation
** R
** inst
** byte-compile and prepare package for lazy loading
** help
*** installing help indices
*** copying figures
** building package indices
** testing if installed package can be loaded from temporary location
** testing if installed package can be loaded from final location
** testing if installed package keeps a record of temporary installation path
* creating tarball
packaged installation of ‘progress’ as ‘progress_1.2.3_R_x86_64-pc-linux-gnu.tar.gz’
* DONE (progress)
* installing *source* package ‘BiocFileCache’ ...
** using staged installation
** R
** inst
** byte-compile and prepare package for lazy loading
** help
*** installing help indices
** building package indices
** installing vignettes
** testing if installed package can be loaded from temporary location
** testing if installed package can be loaded from final location
** testing if installed package keeps a record of temporary installation path
* creating tarball
packaged installation of ‘BiocFileCache’ as ‘BiocFileCache_2.11.1_R_x86_64-pc-linux-gnu.tar.gz’
* DONE (BiocFileCache)
* installing *source* package ‘rtracklayer’ ...
** using staged installation
checking for pkg-config... /usr/bin/pkg-config
checking pkg-config is at least version 0.9.0... yes
checking for OPENSSL... yes
configure: creating ./config.status
config.status: creating src/Makevars
** libs
using C compiler: ‘gcc (Ubuntu 11.4.0-1ubuntu1~22.04) 11.4.0’
gcc -I"/usr/local/lib/R/include" -DNDEBUG -DUSE_SSL -D_FILE_OFFSET_BITS=64 -I'/tmp/tmp/built/S4Vectors/include' -I'/tmp/tmp/built/IRanges/include' -I'/tmp/tmp/built/XVector/include' -I/usr/local/include    -fpic  -g -O2 -fstack-protector-strong -Wformat -Werror=format-security -Wdate-time -D_FORTIFY_SOURCE=2 -g  -c S4Vectors_stubs.c -o S4Vectors_stubs.o
gcc -I"/usr/local/lib/R/include" -DNDEBUG -DUSE_SSL -D_FILE_OFFSET_BITS=64 -I'/tmp/tmp/built/S4Vectors/include' -I'/tmp/tmp/built/IRanges/include' -I'/tmp/tmp/built/XVector/include' -I/usr/local/include    -fpic  -g -O2 -fstack-protector-strong -Wformat -Werror=format-security -Wdate-time -D_FORTIFY_SOURCE=2 -g  -c IRanges_stubs.c -o IRanges_stubs.o
gcc -I"/usr/local/lib/R/include" -DNDEBUG -DUSE_SSL -D_FILE_OFFSET_BITS=64 -I'/tmp/tmp/built/S4Vectors/include' -I'/tmp/tmp/built/IRanges/include' -I'/tmp/tmp/built/XVector/include' -I/usr/local/include    -fpic  -g -O2 -fstack-protector-strong -Wformat -Werror=format-security -Wdate-time -D_FORTIFY_SOURCE=2 -g  -c XVector_stubs.c -o XVector_stubs.o
gcc -I"/usr/local/lib/R/include" -DNDEBUG -DUSE_SSL -D_FILE_OFFSET_BITS=64 -I'/tmp/tmp/built/S4Vectors/include' -I'/tmp/tmp/built/IRanges/include' -I'/tmp/tmp/built/XVector/include' -I/usr/local/include    -fpic  -g -O2 -fstack-protector-strong -Wformat -Werror=format-security -Wdate-time -D_FORTIFY_SOURCE=2 -g  -c R_init_rtracklayer.c -o R_init_rtracklayer.o
gcc -I"/usr/local/lib/R/include" -DNDEBUG -DUSE_SSL -D_FILE_OFFSET_BITS=64 -I'/tmp/tmp/built/S4Vectors/include' -I'/tmp/tmp/built/IRanges/include' -I'/tmp/tmp/built/XVector/include' -I/usr/local/include    -fpic  -g -O2 -fstack-protector-strong -Wformat -Werror=format-security -Wdate-time -D_FORTIFY_SOURCE=2 -g  -c readGFF.c -o readGFF.o
gcc -I"/usr/local/lib/R/include" -DNDEBUG -DUSE_SSL -D_FILE_OFFSET_BITS=64 -I'/tmp/tmp/built/S4Vectors/include' -I'/tmp/tmp/built/IRanges/include' -I'/tmp/tmp/built/XVector/include' -I/usr/local/include    -fpic  -g -O2 -fstack-protector-strong -Wformat -Werror=format-security -Wdate-time -D_FORTIFY_SOURCE=2 -g  -c bbiHelper.c -o bbiHelper.o
gcc -I"/usr/local/lib/R/include" -DNDEBUG -DUSE_SSL -D_FILE_OFFSET_BITS=64 -I'/tmp/tmp/built/S4Vectors/include' -I'/tmp/tmp/built/IRanges/include' -I'/tmp/tmp/built/XVector/include' -I/usr/local/include    -fpic  -g -O2 -fstack-protector-strong -Wformat -Werror=format-security -Wdate-time -D_FORTIFY_SOURCE=2 -g  -c bigWig.c -o bigWig.o
gcc -I"/usr/local/lib/R/include" -DNDEBUG -DUSE_SSL -D_FILE_OFFSET_BITS=64 -I'/tmp/tmp/built/S4Vectors/include' -I'/tmp/tmp/built/IRanges/include' -I'/tmp/tmp/built/XVector/include' -I/usr/local/include    -fpic  -g -O2 -fstack-protector-strong -Wformat -Werror=format-security -Wdate-time -D_FORTIFY_SOURCE=2 -g  -c bigBedHelper.c -o bigBedHelper.o
gcc -I"/usr/local/lib/R/include" -DNDEBUG -DUSE_SSL -D_FILE_OFFSET_BITS=64 -I'/tmp/tmp/built/S4Vectors/include' -I'/tmp/tmp/built/IRanges/include' -I'/tmp/tmp/built/XVector/include' -I/usr/local/include    -fpic  -g -O2 -fstack-protector-strong -Wformat -Werror=format-security -Wdate-time -D_FORTIFY_SOURCE=2 -g  -c bigBed.c -o bigBed.o
gcc -I"/usr/local/lib/R/include" -DNDEBUG -DUSE_SSL -D_FILE_OFFSET_BITS=64 -I'/tmp/tmp/built/S4Vectors/include' -I'/tmp/tmp/built/IRanges/include' -I'/tmp/tmp/built/XVector/include' -I/usr/local/include    -fpic  -g -O2 -fstack-protector-strong -Wformat -Werror=format-security -Wdate-time -D_FORTIFY_SOURCE=2 -g  -c chain_io.c -o chain_io.o
gcc -I"/usr/local/lib/R/include" -DNDEBUG -DUSE_SSL -D_FILE_OFFSET_BITS=64 -I'/tmp/tmp/built/S4Vectors/include' -I'/tmp/tmp/built/IRanges/include' -I'/tmp/tmp/built/XVector/include' -I/usr/local/include    -fpic  -g -O2 -fstack-protector-strong -Wformat -Werror=format-security -Wdate-time -D_FORTIFY_SOURCE=2 -g  -c twoBit.c -o twoBit.o
gcc -I"/usr/local/lib/R/include" -DNDEBUG -DUSE_SSL -D_FILE_OFFSET_BITS=64 -I'/tmp/tmp/built/S4Vectors/include' -I'/tmp/tmp/built/IRanges/include' -I'/tmp/tmp/built/XVector/include' -I/usr/local/include    -fpic  -g -O2 -fstack-protector-strong -Wformat -Werror=format-security -Wdate-time -D_FORTIFY_SOURCE=2 -g  -c handlers.c -o handlers.o
handlers.c: In function ‘R_warnHandler’:
handlers.c:10:11: error: format not a string literal and no format arguments [-Werror=format-security]
   10 |   warning(warn_buf);
      |           ^~~~~~~~
cc1: some warnings being treated as errors
make: *** [/usr/local/lib/R/etc/Makeconf:191: handlers.o] Error 1
ERROR: compilation failed for package ‘rtracklayer’
* removing ‘/tmp/tmp/built/rtracklayer’
* installing *source* package ‘biomaRt’ ...
** using staged installation
** R
** inst
** byte-compile and prepare package for lazy loading
** help
*** installing help indices
** building package indices
** installing vignettes
** testing if installed package can be loaded from temporary location
** testing if installed package can be loaded from final location
** testing if installed package keeps a record of temporary installation path
* creating tarball
packaged installation of ‘biomaRt’ as ‘biomaRt_2.59.1_R_x86_64-pc-linux-gnu.tar.gz’
* DONE (biomaRt)
* installing *source* package ‘vroom’ ...
** package ‘vroom’ successfully unpacked and MD5 sums checked
** using staged installation
** libs
using C compiler: ‘gcc (Ubuntu 11.4.0-1ubuntu1~22.04) 11.4.0’
using C++ compiler: ‘g++ (Ubuntu 11.4.0-1ubuntu1~22.04) 11.4.0’
g++ -std=gnu++17 -I"/usr/local/lib/R/include" -DNDEBUG -Imio/include -DWIN32_LEAN_AND_MEAN -Ispdlog/include -DFMT_HEADER_ONLY -I'/usr/local/lib/R/site-library/cpp11/include' -I'/tmp/tmp/built/progress/include' -I'/tmp/tmp/built/tzdb/include' -I/usr/local/include    -fpic  -g -O2 -fstack-protector-strong -Wformat -Werror=format-security -Wdate-time -D_FORTIFY_SOURCE=2 -g  -c Iconv.cpp -o Iconv.o
g++ -std=gnu++17 -I"/usr/local/lib/R/include" -DNDEBUG -Imio/include -DWIN32_LEAN_AND_MEAN -Ispdlog/include -DFMT_HEADER_ONLY -I'/usr/local/lib/R/site-library/cpp11/include' -I'/tmp/tmp/built/progress/include' -I'/tmp/tmp/built/tzdb/include' -I/usr/local/include    -fpic  -g -O2 -fstack-protector-strong -Wformat -Werror=format-security -Wdate-time -D_FORTIFY_SOURCE=2 -g  -c LocaleInfo.cpp -o LocaleInfo.o
g++ -std=gnu++17 -I"/usr/local/lib/R/include" -DNDEBUG -Imio/include -DWIN32_LEAN_AND_MEAN -Ispdlog/include -DFMT_HEADER_ONLY -I'/usr/local/lib/R/site-library/cpp11/include' -I'/tmp/tmp/built/progress/include' -I'/tmp/tmp/built/tzdb/include' -I/usr/local/include    -fpic  -g -O2 -fstack-protector-strong -Wformat -Werror=format-security -Wdate-time -D_FORTIFY_SOURCE=2 -g  -c altrep.cc -o altrep.o
g++ -std=gnu++17 -I"/usr/local/lib/R/include" -DNDEBUG -Imio/include -DWIN32_LEAN_AND_MEAN -Ispdlog/include -DFMT_HEADER_ONLY -I'/usr/local/lib/R/site-library/cpp11/include' -I'/tmp/tmp/built/progress/include' -I'/tmp/tmp/built/tzdb/include' -I/usr/local/include    -fpic  -g -O2 -fstack-protector-strong -Wformat -Werror=format-security -Wdate-time -D_FORTIFY_SOURCE=2 -g  -c cpp11.cpp -o cpp11.o
g++ -std=gnu++17 -I"/usr/local/lib/R/include" -DNDEBUG -Imio/include -DWIN32_LEAN_AND_MEAN -Ispdlog/include -DFMT_HEADER_ONLY -I'/usr/local/lib/R/site-library/cpp11/include' -I'/tmp/tmp/built/progress/include' -I'/tmp/tmp/built/tzdb/include' -I/usr/local/include    -fpic  -g -O2 -fstack-protector-strong -Wformat -Werror=format-security -Wdate-time -D_FORTIFY_SOURCE=2 -g  -c delimited_index.cc -o delimited_index.o
g++ -std=gnu++17 -I"/usr/local/lib/R/include" -DNDEBUG -Imio/include -DWIN32_LEAN_AND_MEAN -Ispdlog/include -DFMT_HEADER_ONLY -I'/usr/local/lib/R/site-library/cpp11/include' -I'/tmp/tmp/built/progress/include' -I'/tmp/tmp/built/tzdb/include' -I/usr/local/include    -fpic  -g -O2 -fstack-protector-strong -Wformat -Werror=format-security -Wdate-time -D_FORTIFY_SOURCE=2 -g  -c delimited_index_connection.cc -o delimited_index_connection.o
g++ -std=gnu++17 -I"/usr/local/lib/R/include" -DNDEBUG -Imio/include -DWIN32_LEAN_AND_MEAN -Ispdlog/include -DFMT_HEADER_ONLY -I'/usr/local/lib/R/site-library/cpp11/include' -I'/tmp/tmp/built/progress/include' -I'/tmp/tmp/built/tzdb/include' -I/usr/local/include    -fpic  -g -O2 -fstack-protector-strong -Wformat -Werror=format-security -Wdate-time -D_FORTIFY_SOURCE=2 -g  -c fixed_width_index_connection.cc -o fixed_width_index_connection.o
g++ -std=gnu++17 -I"/usr/local/lib/R/include" -DNDEBUG -Imio/include -DWIN32_LEAN_AND_MEAN -Ispdlog/include -DFMT_HEADER_ONLY -I'/usr/local/lib/R/site-library/cpp11/include' -I'/tmp/tmp/built/progress/include' -I'/tmp/tmp/built/tzdb/include' -I/usr/local/include    -fpic  -g -O2 -fstack-protector-strong -Wformat -Werror=format-security -Wdate-time -D_FORTIFY_SOURCE=2 -g  -c gen.cc -o gen.o
gcc -I"/usr/local/lib/R/include" -DNDEBUG -Imio/include -DWIN32_LEAN_AND_MEAN -Ispdlog/include -DFMT_HEADER_ONLY -I'/usr/local/lib/R/site-library/cpp11/include' -I'/tmp/tmp/built/progress/include' -I'/tmp/tmp/built/tzdb/include' -I/usr/local/include    -fpic  -g -O2 -fstack-protector-strong -Wformat -Werror=format-security -Wdate-time -D_FORTIFY_SOURCE=2 -g  -c grisu3.c -o grisu3.o
g++ -std=gnu++17 -I"/usr/local/lib/R/include" -DNDEBUG -Imio/include -DWIN32_LEAN_AND_MEAN -Ispdlog/include -DFMT_HEADER_ONLY -I'/usr/local/lib/R/site-library/cpp11/include' -I'/tmp/tmp/built/progress/include' -I'/tmp/tmp/built/tzdb/include' -I/usr/local/include    -fpic  -g -O2 -fstack-protector-strong -Wformat -Werror=format-security -Wdate-time -D_FORTIFY_SOURCE=2 -g  -c guess_type.cc -o guess_type.o
g++ -std=gnu++17 -I"/usr/local/lib/R/include" -DNDEBUG -Imio/include -DWIN32_LEAN_AND_MEAN -Ispdlog/include -DFMT_HEADER_ONLY -I'/usr/local/lib/R/site-library/cpp11/include' -I'/tmp/tmp/built/progress/include' -I'/tmp/tmp/built/tzdb/include' -I/usr/local/include    -fpic  -g -O2 -fstack-protector-strong -Wformat -Werror=format-security -Wdate-time -D_FORTIFY_SOURCE=2 -g  -c iconv_file.cc -o iconv_file.o
g++ -std=gnu++17 -I"/usr/local/lib/R/include" -DNDEBUG -Imio/include -DWIN32_LEAN_AND_MEAN -Ispdlog/include -DFMT_HEADER_ONLY -I'/usr/local/lib/R/site-library/cpp11/include' -I'/tmp/tmp/built/progress/include' -I'/tmp/tmp/built/tzdb/include' -I/usr/local/include    -fpic  -g -O2 -fstack-protector-strong -Wformat -Werror=format-security -Wdate-time -D_FORTIFY_SOURCE=2 -g  -c index_collection.cc -o index_collection.o
g++ -std=gnu++17 -I"/usr/local/lib/R/include" -DNDEBUG -Imio/include -DWIN32_LEAN_AND_MEAN -Ispdlog/include -DFMT_HEADER_ONLY -I'/usr/local/lib/R/site-library/cpp11/include' -I'/tmp/tmp/built/progress/include' -I'/tmp/tmp/built/tzdb/include' -I/usr/local/include    -fpic  -g -O2 -fstack-protector-strong -Wformat -Werror=format-security -Wdate-time -D_FORTIFY_SOURCE=2 -g  -c vroom.cc -o vroom.o
g++ -std=gnu++17 -I"/usr/local/lib/R/include" -DNDEBUG -Imio/include -DWIN32_LEAN_AND_MEAN -Ispdlog/include -DFMT_HEADER_ONLY -I'/usr/local/lib/R/site-library/cpp11/include' -I'/tmp/tmp/built/progress/include' -I'/tmp/tmp/built/tzdb/include' -I/usr/local/include    -fpic  -g -O2 -fstack-protector-strong -Wformat -Werror=format-security -Wdate-time -D_FORTIFY_SOURCE=2 -g  -c vroom_big_int.cc -o vroom_big_int.o
g++ -std=gnu++17 -I"/usr/local/lib/R/include" -DNDEBUG -Imio/include -DWIN32_LEAN_AND_MEAN -Ispdlog/include -DFMT_HEADER_ONLY -I'/usr/local/lib/R/site-library/cpp11/include' -I'/tmp/tmp/built/progress/include' -I'/tmp/tmp/built/tzdb/include' -I/usr/local/include    -fpic  -g -O2 -fstack-protector-strong -Wformat -Werror=format-security -Wdate-time -D_FORTIFY_SOURCE=2 -g  -c vroom_chr.cc -o vroom_chr.o
g++ -std=gnu++17 -I"/usr/local/lib/R/include" -DNDEBUG -Imio/include -DWIN32_LEAN_AND_MEAN -Ispdlog/include -DFMT_HEADER_ONLY -I'/usr/local/lib/R/site-library/cpp11/include' -I'/tmp/tmp/built/progress/include' -I'/tmp/tmp/built/tzdb/include' -I/usr/local/include    -fpic  -g -O2 -fstack-protector-strong -Wformat -Werror=format-security -Wdate-time -D_FORTIFY_SOURCE=2 -g  -c vroom_date.cc -o vroom_date.o
g++ -std=gnu++17 -I"/usr/local/lib/R/include" -DNDEBUG -Imio/include -DWIN32_LEAN_AND_MEAN -Ispdlog/include -DFMT_HEADER_ONLY -I'/usr/local/lib/R/site-library/cpp11/include' -I'/tmp/tmp/built/progress/include' -I'/tmp/tmp/built/tzdb/include' -I/usr/local/include    -fpic  -g -O2 -fstack-protector-strong -Wformat -Werror=format-security -Wdate-time -D_FORTIFY_SOURCE=2 -g  -c vroom_dbl.cc -o vroom_dbl.o
g++ -std=gnu++17 -I"/usr/local/lib/R/include" -DNDEBUG -Imio/include -DWIN32_LEAN_AND_MEAN -Ispdlog/include -DFMT_HEADER_ONLY -I'/usr/local/lib/R/site-library/cpp11/include' -I'/tmp/tmp/built/progress/include' -I'/tmp/tmp/built/tzdb/include' -I/usr/local/include    -fpic  -g -O2 -fstack-protector-strong -Wformat -Werror=format-security -Wdate-time -D_FORTIFY_SOURCE=2 -g  -c vroom_dttm.cc -o vroom_dttm.o
g++ -std=gnu++17 -I"/usr/local/lib/R/include" -DNDEBUG -Imio/include -DWIN32_LEAN_AND_MEAN -Ispdlog/include -DFMT_HEADER_ONLY -I'/usr/local/lib/R/site-library/cpp11/include' -I'/tmp/tmp/built/progress/include' -I'/tmp/tmp/built/tzdb/include' -I/usr/local/include    -fpic  -g -O2 -fstack-protector-strong -Wformat -Werror=format-security -Wdate-time -D_FORTIFY_SOURCE=2 -g  -c vroom_errors.cpp -o vroom_errors.o
g++ -std=gnu++17 -I"/usr/local/lib/R/include" -DNDEBUG -Imio/include -DWIN32_LEAN_AND_MEAN -Ispdlog/include -DFMT_HEADER_ONLY -I'/usr/local/lib/R/site-library/cpp11/include' -I'/tmp/tmp/built/progress/include' -I'/tmp/tmp/built/tzdb/include' -I/usr/local/include    -fpic  -g -O2 -fstack-protector-strong -Wformat -Werror=format-security -Wdate-time -D_FORTIFY_SOURCE=2 -g  -c vroom_fct.cc -o vroom_fct.o
g++ -std=gnu++17 -I"/usr/local/lib/R/include" -DNDEBUG -Imio/include -DWIN32_LEAN_AND_MEAN -Ispdlog/include -DFMT_HEADER_ONLY -I'/usr/local/lib/R/site-library/cpp11/include' -I'/tmp/tmp/built/progress/include' -I'/tmp/tmp/built/tzdb/include' -I/usr/local/include    -fpic  -g -O2 -fstack-protector-strong -Wformat -Werror=format-security -Wdate-time -D_FORTIFY_SOURCE=2 -g  -c vroom_fwf.cc -o vroom_fwf.o
g++ -std=gnu++17 -I"/usr/local/lib/R/include" -DNDEBUG -Imio/include -DWIN32_LEAN_AND_MEAN -Ispdlog/include -DFMT_HEADER_ONLY -I'/usr/local/lib/R/site-library/cpp11/include' -I'/tmp/tmp/built/progress/include' -I'/tmp/tmp/built/tzdb/include' -I/usr/local/include    -fpic  -g -O2 -fstack-protector-strong -Wformat -Werror=format-security -Wdate-time -D_FORTIFY_SOURCE=2 -g  -c vroom_int.cc -o vroom_int.o
g++ -std=gnu++17 -I"/usr/local/lib/R/include" -DNDEBUG -Imio/include -DWIN32_LEAN_AND_MEAN -Ispdlog/include -DFMT_HEADER_ONLY -I'/usr/local/lib/R/site-library/cpp11/include' -I'/tmp/tmp/built/progress/include' -I'/tmp/tmp/built/tzdb/include' -I/usr/local/include    -fpic  -g -O2 -fstack-protector-strong -Wformat -Werror=format-security -Wdate-time -D_FORTIFY_SOURCE=2 -g  -c vroom_num.cc -o vroom_num.o
g++ -std=gnu++17 -I"/usr/local/lib/R/include" -DNDEBUG -Imio/include -DWIN32_LEAN_AND_MEAN -Ispdlog/include -DFMT_HEADER_ONLY -I'/usr/local/lib/R/site-library/cpp11/include' -I'/tmp/tmp/built/progress/include' -I'/tmp/tmp/built/tzdb/include' -I/usr/local/include    -fpic  -g -O2 -fstack-protector-strong -Wformat -Werror=format-security -Wdate-time -D_FORTIFY_SOURCE=2 -g  -c vroom_rle.cc -o vroom_rle.o
g++ -std=gnu++17 -I"/usr/local/lib/R/include" -DNDEBUG -Imio/include -DWIN32_LEAN_AND_MEAN -Ispdlog/include -DFMT_HEADER_ONLY -I'/usr/local/lib/R/site-library/cpp11/include' -I'/tmp/tmp/built/progress/include' -I'/tmp/tmp/built/tzdb/include' -I/usr/local/include    -fpic  -g -O2 -fstack-protector-strong -Wformat -Werror=format-security -Wdate-time -D_FORTIFY_SOURCE=2 -g  -c vroom_time.cc -o vroom_time.o
g++ -std=gnu++17 -I"/usr/local/lib/R/include" -DNDEBUG -Imio/include -DWIN32_LEAN_AND_MEAN -Ispdlog/include -DFMT_HEADER_ONLY -I'/usr/local/lib/R/site-library/cpp11/include' -I'/tmp/tmp/built/progress/include' -I'/tmp/tmp/built/tzdb/include' -I/usr/local/include    -fpic  -g -O2 -fstack-protector-strong -Wformat -Werror=format-security -Wdate-time -D_FORTIFY_SOURCE=2 -g  -c vroom_write.cc -o vroom_write.o
g++ -std=gnu++17 -shared -L/usr/local/lib/R/lib -L/usr/local/lib -o vroom.so Iconv.o LocaleInfo.o altrep.o cpp11.o delimited_index.o delimited_index_connection.o fixed_width_index_connection.o gen.o grisu3.o guess_type.o iconv_file.o index_collection.o vroom.o vroom_big_int.o vroom_chr.o vroom_date.o vroom_dbl.o vroom_dttm.o vroom_errors.o vroom_fct.o vroom_fwf.o vroom_int.o vroom_num.o vroom_rle.o vroom_time.o vroom_write.o -L/usr/local/lib/R/lib -lR
installing to /tmp/tmp/built/00LOCK-vroom/00new/vroom/libs
** R
** inst
** byte-compile and prepare package for lazy loading
** help
*** installing help indices
*** copying figures
** building package indices
** installing vignettes
** testing if installed package can be loaded from temporary location
** checking absolute paths in shared objects and dynamic libraries
** testing if installed package can be loaded from final location
** testing if installed package keeps a record of temporary installation path
* creating tarball
packaged installation of ‘vroom’ as ‘vroom_1.6.5_R_x86_64-pc-linux-gnu.tar.gz’
* DONE (vroom)
* installing *source* package ‘AnnotationHub’ ...
** using staged installation
** R
** inst
** byte-compile and prepare package for lazy loading
** help
*** installing help indices
** building package indices
** installing vignettes
** testing if installed package can be loaded from temporary location
** testing if installed package can be loaded from final location
** testing if installed package keeps a record of temporary installation path
* creating tarball
packaged installation of ‘AnnotationHub’ as ‘AnnotationHub_3.11.1_R_x86_64-pc-linux-gnu.tar.gz’
* DONE (AnnotationHub)
ERROR: dependency ‘rtracklayer’ is not available for package ‘BSgenome’
* removing ‘/tmp/tmp/built/BSgenome’
ERROR: dependency ‘rtracklayer’ is not available for package ‘GenomicFeatures’
* removing ‘/tmp/tmp/built/GenomicFeatures’
* installing *source* package ‘readr’ ...
** package ‘readr’ successfully unpacked and MD5 sums checked
** using staged installation
** libs
using C compiler: ‘gcc (Ubuntu 11.4.0-1ubuntu1~22.04) 11.4.0’
using C++ compiler: ‘g++ (Ubuntu 11.4.0-1ubuntu1~22.04) 11.4.0’
g++ -std=gnu++17 -I"/usr/local/lib/R/include" -DNDEBUG  -I'/usr/local/lib/R/site-library/cpp11/include' -I'/tmp/tmp/built/tzdb/include' -I/usr/local/include    -fpic  -g -O2 -fstack-protector-strong -Wformat -Werror=format-security -Wdate-time -D_FORTIFY_SOURCE=2 -g  -c Collector.cpp -o Collector.o
g++ -std=gnu++17 -I"/usr/local/lib/R/include" -DNDEBUG  -I'/usr/local/lib/R/site-library/cpp11/include' -I'/tmp/tmp/built/tzdb/include' -I/usr/local/include    -fpic  -g -O2 -fstack-protector-strong -Wformat -Werror=format-security -Wdate-time -D_FORTIFY_SOURCE=2 -g  -c CollectorGuess.cpp -o CollectorGuess.o
g++ -std=gnu++17 -I"/usr/local/lib/R/include" -DNDEBUG  -I'/usr/local/lib/R/site-library/cpp11/include' -I'/tmp/tmp/built/tzdb/include' -I/usr/local/include    -fpic  -g -O2 -fstack-protector-strong -Wformat -Werror=format-security -Wdate-time -D_FORTIFY_SOURCE=2 -g  -c Iconv.cpp -o Iconv.o
g++ -std=gnu++17 -I"/usr/local/lib/R/include" -DNDEBUG  -I'/usr/local/lib/R/site-library/cpp11/include' -I'/tmp/tmp/built/tzdb/include' -I/usr/local/include    -fpic  -g -O2 -fstack-protector-strong -Wformat -Werror=format-security -Wdate-time -D_FORTIFY_SOURCE=2 -g  -c LocaleInfo.cpp -o LocaleInfo.o
g++ -std=gnu++17 -I"/usr/local/lib/R/include" -DNDEBUG  -I'/usr/local/lib/R/site-library/cpp11/include' -I'/tmp/tmp/built/tzdb/include' -I/usr/local/include    -fpic  -g -O2 -fstack-protector-strong -Wformat -Werror=format-security -Wdate-time -D_FORTIFY_SOURCE=2 -g  -c Reader.cpp -o Reader.o
g++ -std=gnu++17 -I"/usr/local/lib/R/include" -DNDEBUG  -I'/usr/local/lib/R/site-library/cpp11/include' -I'/tmp/tmp/built/tzdb/include' -I/usr/local/include    -fpic  -g -O2 -fstack-protector-strong -Wformat -Werror=format-security -Wdate-time -D_FORTIFY_SOURCE=2 -g  -c Source.cpp -o Source.o
g++ -std=gnu++17 -I"/usr/local/lib/R/include" -DNDEBUG  -I'/usr/local/lib/R/site-library/cpp11/include' -I'/tmp/tmp/built/tzdb/include' -I/usr/local/include    -fpic  -g -O2 -fstack-protector-strong -Wformat -Werror=format-security -Wdate-time -D_FORTIFY_SOURCE=2 -g  -c Tokenizer.cpp -o Tokenizer.o
g++ -std=gnu++17 -I"/usr/local/lib/R/include" -DNDEBUG  -I'/usr/local/lib/R/site-library/cpp11/include' -I'/tmp/tmp/built/tzdb/include' -I/usr/local/include    -fpic  -g -O2 -fstack-protector-strong -Wformat -Werror=format-security -Wdate-time -D_FORTIFY_SOURCE=2 -g  -c TokenizerDelim.cpp -o TokenizerDelim.o
g++ -std=gnu++17 -I"/usr/local/lib/R/include" -DNDEBUG  -I'/usr/local/lib/R/site-library/cpp11/include' -I'/tmp/tmp/built/tzdb/include' -I/usr/local/include    -fpic  -g -O2 -fstack-protector-strong -Wformat -Werror=format-security -Wdate-time -D_FORTIFY_SOURCE=2 -g  -c TokenizerFwf.cpp -o TokenizerFwf.o
g++ -std=gnu++17 -I"/usr/local/lib/R/include" -DNDEBUG  -I'/usr/local/lib/R/site-library/cpp11/include' -I'/tmp/tmp/built/tzdb/include' -I/usr/local/include    -fpic  -g -O2 -fstack-protector-strong -Wformat -Werror=format-security -Wdate-time -D_FORTIFY_SOURCE=2 -g  -c TokenizerWs.cpp -o TokenizerWs.o
g++ -std=gnu++17 -I"/usr/local/lib/R/include" -DNDEBUG  -I'/usr/local/lib/R/site-library/cpp11/include' -I'/tmp/tmp/built/tzdb/include' -I/usr/local/include    -fpic  -g -O2 -fstack-protector-strong -Wformat -Werror=format-security -Wdate-time -D_FORTIFY_SOURCE=2 -g  -c connection.cpp -o connection.o
g++ -std=gnu++17 -I"/usr/local/lib/R/include" -DNDEBUG  -I'/usr/local/lib/R/site-library/cpp11/include' -I'/tmp/tmp/built/tzdb/include' -I/usr/local/include    -fpic  -g -O2 -fstack-protector-strong -Wformat -Werror=format-security -Wdate-time -D_FORTIFY_SOURCE=2 -g  -c cpp11.cpp -o cpp11.o
g++ -std=gnu++17 -I"/usr/local/lib/R/include" -DNDEBUG  -I'/usr/local/lib/R/site-library/cpp11/include' -I'/tmp/tmp/built/tzdb/include' -I/usr/local/include    -fpic  -g -O2 -fstack-protector-strong -Wformat -Werror=format-security -Wdate-time -D_FORTIFY_SOURCE=2 -g  -c datetime.cpp -o datetime.o
gcc -I"/usr/local/lib/R/include" -DNDEBUG  -I'/usr/local/lib/R/site-library/cpp11/include' -I'/tmp/tmp/built/tzdb/include' -I/usr/local/include    -fpic  -g -O2 -fstack-protector-strong -Wformat -Werror=format-security -Wdate-time -D_FORTIFY_SOURCE=2 -g  -c grisu3.c -o grisu3.o
gcc -I"/usr/local/lib/R/include" -DNDEBUG  -I'/usr/local/lib/R/site-library/cpp11/include' -I'/tmp/tmp/built/tzdb/include' -I/usr/local/include    -fpic  -g -O2 -fstack-protector-strong -Wformat -Werror=format-security -Wdate-time -D_FORTIFY_SOURCE=2 -g  -c init.c -o init.o
g++ -std=gnu++17 -I"/usr/local/lib/R/include" -DNDEBUG  -I'/usr/local/lib/R/site-library/cpp11/include' -I'/tmp/tmp/built/tzdb/include' -I/usr/local/include    -fpic  -g -O2 -fstack-protector-strong -Wformat -Werror=format-security -Wdate-time -D_FORTIFY_SOURCE=2 -g  -c parse.cpp -o parse.o
g++ -std=gnu++17 -I"/usr/local/lib/R/include" -DNDEBUG  -I'/usr/local/lib/R/site-library/cpp11/include' -I'/tmp/tmp/built/tzdb/include' -I/usr/local/include    -fpic  -g -O2 -fstack-protector-strong -Wformat -Werror=format-security -Wdate-time -D_FORTIFY_SOURCE=2 -g  -c read.cpp -o read.o
g++ -std=gnu++17 -I"/usr/local/lib/R/include" -DNDEBUG  -I'/usr/local/lib/R/site-library/cpp11/include' -I'/tmp/tmp/built/tzdb/include' -I/usr/local/include    -fpic  -g -O2 -fstack-protector-strong -Wformat -Werror=format-security -Wdate-time -D_FORTIFY_SOURCE=2 -g  -c type_convert.cpp -o type_convert.o
g++ -std=gnu++17 -I"/usr/local/lib/R/include" -DNDEBUG  -I'/usr/local/lib/R/site-library/cpp11/include' -I'/tmp/tmp/built/tzdb/include' -I/usr/local/include    -fpic  -g -O2 -fstack-protector-strong -Wformat -Werror=format-security -Wdate-time -D_FORTIFY_SOURCE=2 -g  -c write.cpp -o write.o
g++ -std=gnu++17 -I"/usr/local/lib/R/include" -DNDEBUG  -I'/usr/local/lib/R/site-library/cpp11/include' -I'/tmp/tmp/built/tzdb/include' -I/usr/local/include    -fpic  -g -O2 -fstack-protector-strong -Wformat -Werror=format-security -Wdate-time -D_FORTIFY_SOURCE=2 -g  -c write_delim.cpp -o write_delim.o
g++ -std=gnu++17 -shared -L/usr/local/lib/R/lib -L/usr/local/lib -o readr.so Collector.o CollectorGuess.o Iconv.o LocaleInfo.o Reader.o Source.o Tokenizer.o TokenizerDelim.o TokenizerFwf.o TokenizerWs.o connection.o cpp11.o datetime.o grisu3.o init.o parse.o read.o type_convert.o write.o write_delim.o -L/usr/local/lib/R/lib -lR
installing to /tmp/tmp/built/00LOCK-readr/00new/readr/libs
** R
** inst
** byte-compile and prepare package for lazy loading
** help
*** installing help indices
*** copying figures
** building package indices
** installing vignettes
** testing if installed package can be loaded from temporary location
** checking absolute paths in shared objects and dynamic libraries
** testing if installed package can be loaded from final location
** testing if installed package keeps a record of temporary installation path
* creating tarball
packaged installation of ‘readr’ as ‘readr_2.1.5_R_x86_64-pc-linux-gnu.tar.gz’
* DONE (readr)
ERROR: dependencies ‘rtracklayer’, ‘BSgenome’, ‘GenomicFeatures’ are not available for package ‘VariantAnnotation’
* removing ‘/tmp/tmp/built/VariantAnnotation’
ERROR: dependencies ‘GenomicFeatures’, ‘VariantAnnotation’ are not available for package ‘gwascat’
* removing ‘/tmp/tmp/built/gwascat’

The downloaded source packages are in
	‘/tmp/RtmpBnhbN1/downloaded_packages’
Warning messages:
1: In install.packages(...) :
  installation of package ‘rtracklayer’ had non-zero exit status
2: In install.packages(...) :
  installation of package ‘BSgenome’ had non-zero exit status
3: In install.packages(...) :
  installation of package ‘GenomicFeatures’ had non-zero exit status
4: In install.packages(...) :
  installation of package ‘VariantAnnotation’ had non-zero exit status
5: In install.packages(...) :
  installation of package ‘gwascat’ had non-zero exit status

real	3m0.059s
user	2m39.405s
sys	0m23.179s
