+ Rscript -e 'Sys.setenv(BIOCONDUCTOR_USE_CONTAINER_REPOSITORY=FALSE); p <- .libPaths(); p <- c('\''/tmp/tmp/built'\'', p); .libPaths(p); if(BiocManager::install('\''QDNAseq'\'', INSTALL_opts = '\''--build'\'', update = TRUE, quiet = FALSE, dependencies=TRUE, force = TRUE, keep_outputs = TRUE) %in% rownames(installed.packages())) q(status = 0) else q(status = 1)'
'getOption("repos")' replaces Bioconductor standard repositories, see
'help("repositories", package = "BiocManager")' for details.
Replacement repositories:
    CRAN: https://cloud.r-project.org
Bioconductor version 3.19 (BiocManager 1.30.22), R Under development (unstable)
  (2024-01-31 r85845)
Installing package(s) 'QDNAseq'
also installing the dependencies ‘rjson’, ‘GenomicAlignments’, ‘restfulr’, ‘R.oo’, ‘R.methodsS3’, ‘globals’, ‘BiocIO’, ‘rtracklayer’, ‘listenv’, ‘R.utils’, ‘future.apply’, ‘BSgenome’, ‘future’, ‘parallelly’, ‘R.cache’, ‘QDNAseq.hg19’, ‘QDNAseq.mm10’

trying URL 'https://cloud.r-project.org/src/contrib/rjson_0.2.21.tar.gz'
Content type 'application/x-gzip' length 116509 bytes (113 KB)
==================================================
downloaded 113 KB

trying URL 'https://bioconductor.org/packages/3.19/bioc/src/contrib/GenomicAlignments_1.39.2.tar.gz'
Content type 'application/x-gzip' length 2265817 bytes (2.2 MB)
==================================================
downloaded 2.2 MB

trying URL 'https://cloud.r-project.org/src/contrib/restfulr_0.0.15.tar.gz'
Content type 'application/x-gzip' length 15033 bytes (14 KB)
==================================================
downloaded 14 KB

trying URL 'https://cloud.r-project.org/src/contrib/R.oo_1.26.0.tar.gz'
Content type 'application/x-gzip' length 383646 bytes (374 KB)
==================================================
downloaded 374 KB

trying URL 'https://cloud.r-project.org/src/contrib/R.methodsS3_1.8.2.tar.gz'
Content type 'application/x-gzip' length 24131 bytes (23 KB)
==================================================
downloaded 23 KB

trying URL 'https://cloud.r-project.org/src/contrib/globals_0.16.2.tar.gz'
Content type 'application/x-gzip' length 35764 bytes (34 KB)
==================================================
downloaded 34 KB

trying URL 'https://bioconductor.org/packages/3.19/bioc/src/contrib/BiocIO_1.13.0.tar.gz'
Content type 'application/x-gzip' length 230503 bytes (225 KB)
==================================================
downloaded 225 KB

trying URL 'https://bioconductor.org/packages/3.19/bioc/src/contrib/rtracklayer_1.63.0.tar.gz'
Content type 'application/x-gzip' length 4018472 bytes (3.8 MB)
==================================================
downloaded 3.8 MB

trying URL 'https://cloud.r-project.org/src/contrib/listenv_0.9.1.tar.gz'
Content type 'application/x-gzip' length 36600 bytes (35 KB)
==================================================
downloaded 35 KB

trying URL 'https://cloud.r-project.org/src/contrib/R.utils_2.12.3.tar.gz'
Content type 'application/x-gzip' length 364188 bytes (355 KB)
==================================================
downloaded 355 KB

trying URL 'https://cloud.r-project.org/src/contrib/future.apply_1.11.1.tar.gz'
Content type 'application/x-gzip' length 63671 bytes (62 KB)
==================================================
downloaded 62 KB

trying URL 'https://bioconductor.org/packages/3.19/bioc/src/contrib/BSgenome_1.71.1.tar.gz'
Content type 'application/x-gzip' length 5909258 bytes (5.6 MB)
==================================================
downloaded 5.6 MB

trying URL 'https://cloud.r-project.org/src/contrib/future_1.33.1.tar.gz'
Content type 'application/x-gzip' length 348630 bytes (340 KB)
==================================================
downloaded 340 KB

trying URL 'https://cloud.r-project.org/src/contrib/parallelly_1.36.0.tar.gz'
Content type 'application/x-gzip' length 141332 bytes (138 KB)
==================================================
downloaded 138 KB

trying URL 'https://cloud.r-project.org/src/contrib/R.cache_0.16.0.tar.gz'
Content type 'application/x-gzip' length 35287 bytes (34 KB)
==================================================
downloaded 34 KB

trying URL 'https://bioconductor.org/packages/3.19/data/experiment/src/contrib/QDNAseq.hg19_1.33.0.tar.gz'
Content type 'application/x-gzip' length 36971326 bytes (35.3 MB)
==================================================
downloaded 35.3 MB

trying URL 'https://bioconductor.org/packages/3.19/data/experiment/src/contrib/QDNAseq.mm10_1.33.0.tar.gz'
Content type 'application/x-gzip' length 32693066 bytes (31.2 MB)
==================================================
downloaded 31.2 MB

trying URL 'https://bioconductor.org/packages/3.19/bioc/src/contrib/QDNAseq_1.39.0.tar.gz'
Content type 'application/x-gzip' length 1062456 bytes (1.0 MB)
==================================================
downloaded 1.0 MB

* installing *source* package ‘rjson’ ...
** package ‘rjson’ successfully unpacked and MD5 sums checked
** using staged installation
** libs
using C compiler: ‘gcc (Ubuntu 11.4.0-1ubuntu1~22.04) 11.4.0’
using C++ compiler: ‘g++ (Ubuntu 11.4.0-1ubuntu1~22.04) 11.4.0’
g++ -std=gnu++17 -I"/usr/local/lib/R/include" -DNDEBUG   -I/usr/local/include    -fpic  -g -O2 -fstack-protector-strong -Wformat -Werror=format-security -Wdate-time -D_FORTIFY_SOURCE=2 -g  -c dump.cpp -o dump.o
gcc -I"/usr/local/lib/R/include" -DNDEBUG   -I/usr/local/include    -fpic  -g -O2 -fstack-protector-strong -Wformat -Werror=format-security -Wdate-time -D_FORTIFY_SOURCE=2 -g  -c parser.c -o parser.o
gcc -I"/usr/local/lib/R/include" -DNDEBUG   -I/usr/local/include    -fpic  -g -O2 -fstack-protector-strong -Wformat -Werror=format-security -Wdate-time -D_FORTIFY_SOURCE=2 -g  -c register.c -o register.o
g++ -std=gnu++17 -shared -L/usr/local/lib/R/lib -L/usr/local/lib -o rjson.so dump.o parser.o register.o -L/usr/local/lib/R/lib -lR
installing to /tmp/tmp/built/00LOCK-rjson/00new/rjson/libs
** R
** inst
** byte-compile and prepare package for lazy loading
** help
*** installing help indices
** building package indices
** installing vignettes
** testing if installed package can be loaded from temporary location
** checking absolute paths in shared objects and dynamic libraries
** testing if installed package can be loaded from final location
** testing if installed package keeps a record of temporary installation path
* creating tarball
packaged installation of ‘rjson’ as ‘rjson_0.2.21_R_x86_64-pc-linux-gnu.tar.gz’
* DONE (rjson)
* installing *source* package ‘GenomicAlignments’ ...
** using staged installation
** libs
using C compiler: ‘gcc (Ubuntu 11.4.0-1ubuntu1~22.04) 11.4.0’
gcc -I"/usr/local/lib/R/include" -DNDEBUG  -I'/tmp/tmp/built/S4Vectors/include' -I'/tmp/tmp/built/IRanges/include' -I/usr/local/include    -fpic  -g -O2 -fstack-protector-strong -Wformat -Werror=format-security -Wdate-time -D_FORTIFY_SOURCE=2 -g  -c IRanges_stubs.c -o IRanges_stubs.o
gcc -I"/usr/local/lib/R/include" -DNDEBUG  -I'/tmp/tmp/built/S4Vectors/include' -I'/tmp/tmp/built/IRanges/include' -I/usr/local/include    -fpic  -g -O2 -fstack-protector-strong -Wformat -Werror=format-security -Wdate-time -D_FORTIFY_SOURCE=2 -g  -c R_init_GenomicAlignments.c -o R_init_GenomicAlignments.o
gcc -I"/usr/local/lib/R/include" -DNDEBUG  -I'/tmp/tmp/built/S4Vectors/include' -I'/tmp/tmp/built/IRanges/include' -I/usr/local/include    -fpic  -g -O2 -fstack-protector-strong -Wformat -Werror=format-security -Wdate-time -D_FORTIFY_SOURCE=2 -g  -c S4Vectors_stubs.c -o S4Vectors_stubs.o
gcc -I"/usr/local/lib/R/include" -DNDEBUG  -I'/tmp/tmp/built/S4Vectors/include' -I'/tmp/tmp/built/IRanges/include' -I/usr/local/include    -fpic  -g -O2 -fstack-protector-strong -Wformat -Werror=format-security -Wdate-time -D_FORTIFY_SOURCE=2 -g  -c cigar_utils.c -o cigar_utils.o
gcc -I"/usr/local/lib/R/include" -DNDEBUG  -I'/tmp/tmp/built/S4Vectors/include' -I'/tmp/tmp/built/IRanges/include' -I/usr/local/include    -fpic  -g -O2 -fstack-protector-strong -Wformat -Werror=format-security -Wdate-time -D_FORTIFY_SOURCE=2 -g  -c coordinate_mapping_methods.c -o coordinate_mapping_methods.o
gcc -I"/usr/local/lib/R/include" -DNDEBUG  -I'/tmp/tmp/built/S4Vectors/include' -I'/tmp/tmp/built/IRanges/include' -I/usr/local/include    -fpic  -g -O2 -fstack-protector-strong -Wformat -Werror=format-security -Wdate-time -D_FORTIFY_SOURCE=2 -g  -c encodeOverlaps_methods.c -o encodeOverlaps_methods.o
gcc -shared -L/usr/local/lib/R/lib -L/usr/local/lib -o GenomicAlignments.so IRanges_stubs.o R_init_GenomicAlignments.o S4Vectors_stubs.o cigar_utils.o coordinate_mapping_methods.o encodeOverlaps_methods.o -L/usr/local/lib/R/lib -lR
installing to /tmp/tmp/built/00LOCK-GenomicAlignments/00new/GenomicAlignments/libs
** R
** inst
** byte-compile and prepare package for lazy loading
** help
*** installing help indices
** building package indices
** installing vignettes
** testing if installed package can be loaded from temporary location
** checking absolute paths in shared objects and dynamic libraries
** testing if installed package can be loaded from final location
** testing if installed package keeps a record of temporary installation path
* creating tarball
packaged installation of ‘GenomicAlignments’ as ‘GenomicAlignments_1.39.2_R_x86_64-pc-linux-gnu.tar.gz’
* DONE (GenomicAlignments)
* installing *source* package ‘R.methodsS3’ ...
** package ‘R.methodsS3’ successfully unpacked and MD5 sums checked
** using staged installation
** R
** inst
** byte-compile and prepare package for lazy loading
** help
*** installing help indices
** building package indices
** testing if installed package can be loaded from temporary location
** testing if installed package can be loaded from final location
** testing if installed package keeps a record of temporary installation path
* creating tarball
packaged installation of ‘R.methodsS3’ as ‘R.methodsS3_1.8.2_R_x86_64-pc-linux-gnu.tar.gz’
* DONE (R.methodsS3)
* installing *source* package ‘globals’ ...
** package ‘globals’ successfully unpacked and MD5 sums checked
** using staged installation
** R
** inst
** byte-compile and prepare package for lazy loading
** help
*** installing help indices
** building package indices
** testing if installed package can be loaded from temporary location
** testing if installed package can be loaded from final location
** testing if installed package keeps a record of temporary installation path
* creating tarball
packaged installation of ‘globals’ as ‘globals_0.16.2_R_x86_64-pc-linux-gnu.tar.gz’
* DONE (globals)
* installing *source* package ‘BiocIO’ ...
** using staged installation
** R
** inst
** byte-compile and prepare package for lazy loading
** help
*** installing help indices
** building package indices
** installing vignettes
** testing if installed package can be loaded from temporary location
** testing if installed package can be loaded from final location
** testing if installed package keeps a record of temporary installation path
* creating tarball
packaged installation of ‘BiocIO’ as ‘BiocIO_1.13.0_R_x86_64-pc-linux-gnu.tar.gz’
* DONE (BiocIO)
* installing *source* package ‘listenv’ ...
** package ‘listenv’ successfully unpacked and MD5 sums checked
** using staged installation
** R
** inst
** byte-compile and prepare package for lazy loading
** help
*** installing help indices
** building package indices
** installing vignettes
** testing if installed package can be loaded from temporary location
** testing if installed package can be loaded from final location
** testing if installed package keeps a record of temporary installation path
* creating tarball
packaged installation of ‘listenv’ as ‘listenv_0.9.1_R_x86_64-pc-linux-gnu.tar.gz’
* DONE (listenv)
* installing *source* package ‘parallelly’ ...
** package ‘parallelly’ successfully unpacked and MD5 sums checked
** using staged installation
** R
** inst
** byte-compile and prepare package for lazy loading
** help
*** installing help indices
*** copying figures
** building package indices
** testing if installed package can be loaded from temporary location
** testing if installed package can be loaded from final location
** testing if installed package keeps a record of temporary installation path
* creating tarball
packaged installation of ‘parallelly’ as ‘parallelly_1.36.0_R_x86_64-pc-linux-gnu.tar.gz’
* DONE (parallelly)
* installing *source* package ‘restfulr’ ...
** package ‘restfulr’ successfully unpacked and MD5 sums checked
** using staged installation
** libs
using C compiler: ‘gcc (Ubuntu 11.4.0-1ubuntu1~22.04) 11.4.0’
gcc -I"/usr/local/lib/R/include" -DNDEBUG   -I/usr/local/include    -fpic  -g -O2 -fstack-protector-strong -Wformat -Werror=format-security -Wdate-time -D_FORTIFY_SOURCE=2 -g  -c init.c -o init.o
gcc -I"/usr/local/lib/R/include" -DNDEBUG   -I/usr/local/include    -fpic  -g -O2 -fstack-protector-strong -Wformat -Werror=format-security -Wdate-time -D_FORTIFY_SOURCE=2 -g  -c raggedListToDF.c -o raggedListToDF.o
gcc -shared -L/usr/local/lib/R/lib -L/usr/local/lib -o restfulr.so init.o raggedListToDF.o -L/usr/local/lib/R/lib -lR
installing to /tmp/tmp/built/00LOCK-restfulr/00new/restfulr/libs
** R
** inst
** byte-compile and prepare package for lazy loading
Creating a new generic function for ‘assign’ in package ‘restfulr’
** help
*** installing help indices
** building package indices
** testing if installed package can be loaded from temporary location
** checking absolute paths in shared objects and dynamic libraries
** testing if installed package can be loaded from final location
** testing if installed package keeps a record of temporary installation path
* creating tarball
packaged installation of ‘restfulr’ as ‘restfulr_0.0.15_R_x86_64-pc-linux-gnu.tar.gz’
* DONE (restfulr)
* installing *source* package ‘R.oo’ ...
** package ‘R.oo’ successfully unpacked and MD5 sums checked
** using staged installation
** R
** inst
** byte-compile and prepare package for lazy loading
Warning in setGenericS3.default(name, export = exportGeneric, envir = envir,  :
  Renamed the preexisting function getMethods to getMethods.default, which was defined in environment R.oo.
Warning in setGenericS3.default(name, export = exportGeneric, envir = envir,  :
  Renamed the preexisting function getClasses to getClasses.default, which was defined in environment R.oo.
** help
*** installing help indices
** building package indices
** testing if installed package can be loaded from temporary location
** testing if installed package can be loaded from final location
** testing if installed package keeps a record of temporary installation path
* creating tarball
packaged installation of ‘R.oo’ as ‘R.oo_1.26.0_R_x86_64-pc-linux-gnu.tar.gz’
* DONE (R.oo)
* installing *source* package ‘future’ ...
** package ‘future’ successfully unpacked and MD5 sums checked
** using staged installation
** R
** demo
** inst
** byte-compile and prepare package for lazy loading
** help
*** installing help indices
*** copying figures
** building package indices
** installing vignettes
** testing if installed package can be loaded from temporary location
** testing if installed package can be loaded from final location
** testing if installed package keeps a record of temporary installation path
* creating tarball
packaged installation of ‘future’ as ‘future_1.33.1_R_x86_64-pc-linux-gnu.tar.gz’
* DONE (future)
* installing *source* package ‘rtracklayer’ ...
** using staged installation
checking for pkg-config... /usr/bin/pkg-config
checking pkg-config is at least version 0.9.0... yes
checking for OPENSSL... yes
configure: creating ./config.status
config.status: creating src/Makevars
** libs
using C compiler: ‘gcc (Ubuntu 11.4.0-1ubuntu1~22.04) 11.4.0’
gcc -I"/usr/local/lib/R/include" -DNDEBUG -DUSE_SSL -D_FILE_OFFSET_BITS=64 -I'/tmp/tmp/built/S4Vectors/include' -I'/tmp/tmp/built/IRanges/include' -I'/tmp/tmp/built/XVector/include' -I/usr/local/include    -fpic  -g -O2 -fstack-protector-strong -Wformat -Werror=format-security -Wdate-time -D_FORTIFY_SOURCE=2 -g  -c S4Vectors_stubs.c -o S4Vectors_stubs.o
gcc -I"/usr/local/lib/R/include" -DNDEBUG -DUSE_SSL -D_FILE_OFFSET_BITS=64 -I'/tmp/tmp/built/S4Vectors/include' -I'/tmp/tmp/built/IRanges/include' -I'/tmp/tmp/built/XVector/include' -I/usr/local/include    -fpic  -g -O2 -fstack-protector-strong -Wformat -Werror=format-security -Wdate-time -D_FORTIFY_SOURCE=2 -g  -c IRanges_stubs.c -o IRanges_stubs.o
gcc -I"/usr/local/lib/R/include" -DNDEBUG -DUSE_SSL -D_FILE_OFFSET_BITS=64 -I'/tmp/tmp/built/S4Vectors/include' -I'/tmp/tmp/built/IRanges/include' -I'/tmp/tmp/built/XVector/include' -I/usr/local/include    -fpic  -g -O2 -fstack-protector-strong -Wformat -Werror=format-security -Wdate-time -D_FORTIFY_SOURCE=2 -g  -c XVector_stubs.c -o XVector_stubs.o
gcc -I"/usr/local/lib/R/include" -DNDEBUG -DUSE_SSL -D_FILE_OFFSET_BITS=64 -I'/tmp/tmp/built/S4Vectors/include' -I'/tmp/tmp/built/IRanges/include' -I'/tmp/tmp/built/XVector/include' -I/usr/local/include    -fpic  -g -O2 -fstack-protector-strong -Wformat -Werror=format-security -Wdate-time -D_FORTIFY_SOURCE=2 -g  -c R_init_rtracklayer.c -o R_init_rtracklayer.o
gcc -I"/usr/local/lib/R/include" -DNDEBUG -DUSE_SSL -D_FILE_OFFSET_BITS=64 -I'/tmp/tmp/built/S4Vectors/include' -I'/tmp/tmp/built/IRanges/include' -I'/tmp/tmp/built/XVector/include' -I/usr/local/include    -fpic  -g -O2 -fstack-protector-strong -Wformat -Werror=format-security -Wdate-time -D_FORTIFY_SOURCE=2 -g  -c readGFF.c -o readGFF.o
gcc -I"/usr/local/lib/R/include" -DNDEBUG -DUSE_SSL -D_FILE_OFFSET_BITS=64 -I'/tmp/tmp/built/S4Vectors/include' -I'/tmp/tmp/built/IRanges/include' -I'/tmp/tmp/built/XVector/include' -I/usr/local/include    -fpic  -g -O2 -fstack-protector-strong -Wformat -Werror=format-security -Wdate-time -D_FORTIFY_SOURCE=2 -g  -c bbiHelper.c -o bbiHelper.o
gcc -I"/usr/local/lib/R/include" -DNDEBUG -DUSE_SSL -D_FILE_OFFSET_BITS=64 -I'/tmp/tmp/built/S4Vectors/include' -I'/tmp/tmp/built/IRanges/include' -I'/tmp/tmp/built/XVector/include' -I/usr/local/include    -fpic  -g -O2 -fstack-protector-strong -Wformat -Werror=format-security -Wdate-time -D_FORTIFY_SOURCE=2 -g  -c bigWig.c -o bigWig.o
gcc -I"/usr/local/lib/R/include" -DNDEBUG -DUSE_SSL -D_FILE_OFFSET_BITS=64 -I'/tmp/tmp/built/S4Vectors/include' -I'/tmp/tmp/built/IRanges/include' -I'/tmp/tmp/built/XVector/include' -I/usr/local/include    -fpic  -g -O2 -fstack-protector-strong -Wformat -Werror=format-security -Wdate-time -D_FORTIFY_SOURCE=2 -g  -c bigBedHelper.c -o bigBedHelper.o
gcc -I"/usr/local/lib/R/include" -DNDEBUG -DUSE_SSL -D_FILE_OFFSET_BITS=64 -I'/tmp/tmp/built/S4Vectors/include' -I'/tmp/tmp/built/IRanges/include' -I'/tmp/tmp/built/XVector/include' -I/usr/local/include    -fpic  -g -O2 -fstack-protector-strong -Wformat -Werror=format-security -Wdate-time -D_FORTIFY_SOURCE=2 -g  -c bigBed.c -o bigBed.o
gcc -I"/usr/local/lib/R/include" -DNDEBUG -DUSE_SSL -D_FILE_OFFSET_BITS=64 -I'/tmp/tmp/built/S4Vectors/include' -I'/tmp/tmp/built/IRanges/include' -I'/tmp/tmp/built/XVector/include' -I/usr/local/include    -fpic  -g -O2 -fstack-protector-strong -Wformat -Werror=format-security -Wdate-time -D_FORTIFY_SOURCE=2 -g  -c chain_io.c -o chain_io.o
gcc -I"/usr/local/lib/R/include" -DNDEBUG -DUSE_SSL -D_FILE_OFFSET_BITS=64 -I'/tmp/tmp/built/S4Vectors/include' -I'/tmp/tmp/built/IRanges/include' -I'/tmp/tmp/built/XVector/include' -I/usr/local/include    -fpic  -g -O2 -fstack-protector-strong -Wformat -Werror=format-security -Wdate-time -D_FORTIFY_SOURCE=2 -g  -c twoBit.c -o twoBit.o
gcc -I"/usr/local/lib/R/include" -DNDEBUG -DUSE_SSL -D_FILE_OFFSET_BITS=64 -I'/tmp/tmp/built/S4Vectors/include' -I'/tmp/tmp/built/IRanges/include' -I'/tmp/tmp/built/XVector/include' -I/usr/local/include    -fpic  -g -O2 -fstack-protector-strong -Wformat -Werror=format-security -Wdate-time -D_FORTIFY_SOURCE=2 -g  -c handlers.c -o handlers.o
handlers.c: In function ‘R_warnHandler’:
handlers.c:10:11: error: format not a string literal and no format arguments [-Werror=format-security]
   10 |   warning(warn_buf);
      |           ^~~~~~~~
cc1: some warnings being treated as errors
make: *** [/usr/local/lib/R/etc/Makeconf:191: handlers.o] Error 1
ERROR: compilation failed for package ‘rtracklayer’
* removing ‘/tmp/tmp/built/rtracklayer’
* installing *source* package ‘R.utils’ ...
** package ‘R.utils’ successfully unpacked and MD5 sums checked
** using staged installation
** R
** inst
** byte-compile and prepare package for lazy loading
Warning in setGenericS3.default(name, export = exportGeneric, envir = envir,  :
  Renamed the preexisting function warnings to warnings.default, which was defined in environment R.utils.
Warning in setGenericS3.default("use") :
  Renamed the preexisting function use to use.default, which was defined in environment R.utils.
Warning in setMethodS3.default("use", "default", function(pkg = "R.utils",  :
  Method already existed and was overwritten: use.default
** help
*** installing help indices
** building package indices
** testing if installed package can be loaded from temporary location
** testing if installed package can be loaded from final location
** testing if installed package keeps a record of temporary installation path
* creating tarball
packaged installation of ‘R.utils’ as ‘R.utils_2.12.3_R_x86_64-pc-linux-gnu.tar.gz’
* DONE (R.utils)
* installing *source* package ‘future.apply’ ...
** package ‘future.apply’ successfully unpacked and MD5 sums checked
** using staged installation
** R
** inst
** byte-compile and prepare package for lazy loading
** help
*** installing help indices
** building package indices
** installing vignettes
** testing if installed package can be loaded from temporary location
** testing if installed package can be loaded from final location
** testing if installed package keeps a record of temporary installation path
* creating tarball
packaged installation of ‘future.apply’ as ‘future.apply_1.11.1_R_x86_64-pc-linux-gnu.tar.gz’
* DONE (future.apply)
ERROR: dependency ‘rtracklayer’ is not available for package ‘BSgenome’
* removing ‘/tmp/tmp/built/BSgenome’
* installing *source* package ‘R.cache’ ...
** package ‘R.cache’ successfully unpacked and MD5 sums checked
** using staged installation
** R
** inst
** byte-compile and prepare package for lazy loading
** help
*** installing help indices
** building package indices
** testing if installed package can be loaded from temporary location
** testing if installed package can be loaded from final location
** testing if installed package keeps a record of temporary installation path
* creating tarball
packaged installation of ‘R.cache’ as ‘R.cache_0.16.0_R_x86_64-pc-linux-gnu.tar.gz’
* DONE (R.cache)
* installing *source* package ‘QDNAseq’ ...
** using staged installation
** R
** data
** inst
** byte-compile and prepare package for lazy loading
** help
*** installing help indices
** building package indices
** installing vignettes
** testing if installed package can be loaded from temporary location
** testing if installed package can be loaded from final location
** testing if installed package keeps a record of temporary installation path
* creating tarball
packaged installation of ‘QDNAseq’ as ‘QDNAseq_1.39.0_R_x86_64-pc-linux-gnu.tar.gz’
* DONE (QDNAseq)
* installing *source* package ‘QDNAseq.hg19’ ...
** using staged installation
** R
** data
** byte-compile and prepare package for lazy loading
** help
*** installing help indices
** building package indices
** testing if installed package can be loaded from temporary location
** testing if installed package can be loaded from final location
** testing if installed package keeps a record of temporary installation path
* creating tarball
packaged installation of ‘QDNAseq.hg19’ as ‘QDNAseq.hg19_1.33.0_R_x86_64-pc-linux-gnu.tar.gz’
* DONE (QDNAseq.hg19)
* installing *source* package ‘QDNAseq.mm10’ ...
** using staged installation
** R
** data
** byte-compile and prepare package for lazy loading
** help
*** installing help indices
** building package indices
** testing if installed package can be loaded from temporary location
** testing if installed package can be loaded from final location
** testing if installed package keeps a record of temporary installation path
* creating tarball
packaged installation of ‘QDNAseq.mm10’ as ‘QDNAseq.mm10_1.33.0_R_x86_64-pc-linux-gnu.tar.gz’
* DONE (QDNAseq.mm10)

The downloaded source packages are in
	‘/tmp/RtmpXPJFhv/downloaded_packages’
Warning messages:
1: In install.packages(...) :
  installation of package ‘rtracklayer’ had non-zero exit status
2: In install.packages(...) :
  installation of package ‘BSgenome’ had non-zero exit status

real	1m42.956s
user	1m30.257s
sys	0m16.418s
