+ Rscript -e 'Sys.setenv(BIOCONDUCTOR_USE_CONTAINER_REPOSITORY=FALSE); p <- .libPaths(); p <- c('\''/tmp/tmp/built'\'', p); .libPaths(p); if(BiocManager::install('\''rTRM'\'', INSTALL_opts = '\''--build'\'', update = TRUE, quiet = FALSE, dependencies=TRUE, force = TRUE, keep_outputs = TRUE) %in% rownames(installed.packages())) q(status = 0) else q(status = 1)'
'getOption("repos")' replaces Bioconductor standard repositories, see
'help("repositories", package = "BiocManager")' for details.
Replacement repositories:
    CRAN: https://cloud.r-project.org
Bioconductor version 3.19 (BiocManager 1.30.22), R Under development (unstable)
  (2024-01-31 r85845)
Installing package(s) 'rTRM'
also installing the dependencies ‘gtools’, ‘rtracklayer’, ‘splitstackshape’, ‘seqLogo’, ‘gdata’, ‘evd’, ‘BSgenome’, ‘BSgenome.Mmusculus.UCSC.mm8’, ‘MotifDb’, ‘PWMEnrich’, ‘BSgenome.Mmusculus.UCSC.mm8.masked’, ‘org.Mm.eg.db’

trying URL 'https://cloud.r-project.org/src/contrib/gtools_3.9.5.tar.gz'
Content type 'application/x-gzip' length 242029 bytes (236 KB)
==================================================
downloaded 236 KB

trying URL 'https://bioconductor.org/packages/3.19/bioc/src/contrib/rtracklayer_1.63.0.tar.gz'
Content type 'application/x-gzip' length 4018472 bytes (3.8 MB)
==================================================
downloaded 3.8 MB

trying URL 'https://cloud.r-project.org/src/contrib/splitstackshape_1.4.8.tar.gz'
Content type 'application/x-gzip' length 33972 bytes (33 KB)
==================================================
downloaded 33 KB

trying URL 'https://bioconductor.org/packages/3.19/bioc/src/contrib/seqLogo_1.69.0.tar.gz'
Content type 'application/x-gzip' length 920864 bytes (899 KB)
==================================================
downloaded 899 KB

trying URL 'https://cloud.r-project.org/src/contrib/gdata_3.0.0.tar.gz'
Content type 'application/x-gzip' length 326299 bytes (318 KB)
==================================================
downloaded 318 KB

trying URL 'https://cloud.r-project.org/src/contrib/evd_2.3-6.1.tar.gz'
Content type 'application/x-gzip' length 1006631 bytes (983 KB)
==================================================
downloaded 983 KB

trying URL 'https://bioconductor.org/packages/3.19/bioc/src/contrib/BSgenome_1.71.1.tar.gz'
Content type 'application/x-gzip' length 5909258 bytes (5.6 MB)
==================================================
downloaded 5.6 MB

trying URL 'https://bioconductor.org/packages/3.19/data/annotation/src/contrib/BSgenome.Mmusculus.UCSC.mm8_1.4.0.tar.gz'
Content type 'application/x-gzip' length 609699050 bytes (581.5 MB)
==================================================
downloaded 581.5 MB

trying URL 'https://bioconductor.org/packages/3.19/bioc/src/contrib/MotifDb_1.45.0.tar.gz'
Content type 'application/x-gzip' length 3384351 bytes (3.2 MB)
==================================================
downloaded 3.2 MB

trying URL 'https://bioconductor.org/packages/3.19/bioc/src/contrib/PWMEnrich_4.39.0.tar.gz'
Content type 'application/x-gzip' length 1647939 bytes (1.6 MB)
==================================================
downloaded 1.6 MB

trying URL 'https://bioconductor.org/packages/3.19/data/annotation/src/contrib/BSgenome.Mmusculus.UCSC.mm8.masked_1.3.99.tar.gz'
Content type 'application/x-gzip' length 22497726 bytes (21.5 MB)
==================================================
downloaded 21.5 MB

trying URL 'https://bioconductor.org/packages/3.19/data/annotation/src/contrib/org.Mm.eg.db_3.18.0.tar.gz'
Content type 'application/x-gzip' length 80888723 bytes (77.1 MB)
==================================================
downloaded 77.1 MB

trying URL 'https://bioconductor.org/packages/3.19/bioc/src/contrib/rTRM_1.41.0.tar.gz'
Content type 'application/x-gzip' length 3629649 bytes (3.5 MB)
==================================================
downloaded 3.5 MB

* installing *source* package ‘gtools’ ...
** package ‘gtools’ successfully unpacked and MD5 sums checked
** using staged installation
** libs
using C compiler: ‘gcc (Ubuntu 11.4.0-1ubuntu1~22.04) 11.4.0’
gcc -I"/usr/local/lib/R/include" -DNDEBUG   -I/usr/local/include    -fpic  -g -O2 -fstack-protector-strong -Wformat -Werror=format-security -Wdate-time -D_FORTIFY_SOURCE=2 -g  -c init.c -o init.o
gcc -I"/usr/local/lib/R/include" -DNDEBUG   -I/usr/local/include    -fpic  -g -O2 -fstack-protector-strong -Wformat -Werror=format-security -Wdate-time -D_FORTIFY_SOURCE=2 -g  -c roman2int.c -o roman2int.o
gcc -I"/usr/local/lib/R/include" -DNDEBUG   -I/usr/local/include    -fpic  -g -O2 -fstack-protector-strong -Wformat -Werror=format-security -Wdate-time -D_FORTIFY_SOURCE=2 -g  -c setTCPNoDelay.c -o setTCPNoDelay.o
gcc -shared -L/usr/local/lib/R/lib -L/usr/local/lib -o gtools.so init.o roman2int.o setTCPNoDelay.o -L/usr/local/lib/R/lib -lR
installing to /tmp/tmp/built/00LOCK-gtools/00new/gtools/libs
** R
** data
** inst
** byte-compile and prepare package for lazy loading
** help
*** installing help indices
*** copying figures
** building package indices
** testing if installed package can be loaded from temporary location
** checking absolute paths in shared objects and dynamic libraries
** testing if installed package can be loaded from final location
** testing if installed package keeps a record of temporary installation path
* creating tarball
packaged installation of ‘gtools’ as ‘gtools_3.9.5_R_x86_64-pc-linux-gnu.tar.gz’
* DONE (gtools)
* installing *source* package ‘rtracklayer’ ...
** using staged installation
checking for pkg-config... /usr/bin/pkg-config
checking pkg-config is at least version 0.9.0... yes
checking for OPENSSL... yes
configure: creating ./config.status
config.status: creating src/Makevars
** libs
using C compiler: ‘gcc (Ubuntu 11.4.0-1ubuntu1~22.04) 11.4.0’
gcc -I"/usr/local/lib/R/include" -DNDEBUG -DUSE_SSL -D_FILE_OFFSET_BITS=64 -I'/tmp/tmp/built/S4Vectors/include' -I'/tmp/tmp/built/IRanges/include' -I'/tmp/tmp/built/XVector/include' -I/usr/local/include    -fpic  -g -O2 -fstack-protector-strong -Wformat -Werror=format-security -Wdate-time -D_FORTIFY_SOURCE=2 -g  -c S4Vectors_stubs.c -o S4Vectors_stubs.o
gcc -I"/usr/local/lib/R/include" -DNDEBUG -DUSE_SSL -D_FILE_OFFSET_BITS=64 -I'/tmp/tmp/built/S4Vectors/include' -I'/tmp/tmp/built/IRanges/include' -I'/tmp/tmp/built/XVector/include' -I/usr/local/include    -fpic  -g -O2 -fstack-protector-strong -Wformat -Werror=format-security -Wdate-time -D_FORTIFY_SOURCE=2 -g  -c IRanges_stubs.c -o IRanges_stubs.o
gcc -I"/usr/local/lib/R/include" -DNDEBUG -DUSE_SSL -D_FILE_OFFSET_BITS=64 -I'/tmp/tmp/built/S4Vectors/include' -I'/tmp/tmp/built/IRanges/include' -I'/tmp/tmp/built/XVector/include' -I/usr/local/include    -fpic  -g -O2 -fstack-protector-strong -Wformat -Werror=format-security -Wdate-time -D_FORTIFY_SOURCE=2 -g  -c XVector_stubs.c -o XVector_stubs.o
gcc -I"/usr/local/lib/R/include" -DNDEBUG -DUSE_SSL -D_FILE_OFFSET_BITS=64 -I'/tmp/tmp/built/S4Vectors/include' -I'/tmp/tmp/built/IRanges/include' -I'/tmp/tmp/built/XVector/include' -I/usr/local/include    -fpic  -g -O2 -fstack-protector-strong -Wformat -Werror=format-security -Wdate-time -D_FORTIFY_SOURCE=2 -g  -c R_init_rtracklayer.c -o R_init_rtracklayer.o
gcc -I"/usr/local/lib/R/include" -DNDEBUG -DUSE_SSL -D_FILE_OFFSET_BITS=64 -I'/tmp/tmp/built/S4Vectors/include' -I'/tmp/tmp/built/IRanges/include' -I'/tmp/tmp/built/XVector/include' -I/usr/local/include    -fpic  -g -O2 -fstack-protector-strong -Wformat -Werror=format-security -Wdate-time -D_FORTIFY_SOURCE=2 -g  -c readGFF.c -o readGFF.o
gcc -I"/usr/local/lib/R/include" -DNDEBUG -DUSE_SSL -D_FILE_OFFSET_BITS=64 -I'/tmp/tmp/built/S4Vectors/include' -I'/tmp/tmp/built/IRanges/include' -I'/tmp/tmp/built/XVector/include' -I/usr/local/include    -fpic  -g -O2 -fstack-protector-strong -Wformat -Werror=format-security -Wdate-time -D_FORTIFY_SOURCE=2 -g  -c bbiHelper.c -o bbiHelper.o
gcc -I"/usr/local/lib/R/include" -DNDEBUG -DUSE_SSL -D_FILE_OFFSET_BITS=64 -I'/tmp/tmp/built/S4Vectors/include' -I'/tmp/tmp/built/IRanges/include' -I'/tmp/tmp/built/XVector/include' -I/usr/local/include    -fpic  -g -O2 -fstack-protector-strong -Wformat -Werror=format-security -Wdate-time -D_FORTIFY_SOURCE=2 -g  -c bigWig.c -o bigWig.o
gcc -I"/usr/local/lib/R/include" -DNDEBUG -DUSE_SSL -D_FILE_OFFSET_BITS=64 -I'/tmp/tmp/built/S4Vectors/include' -I'/tmp/tmp/built/IRanges/include' -I'/tmp/tmp/built/XVector/include' -I/usr/local/include    -fpic  -g -O2 -fstack-protector-strong -Wformat -Werror=format-security -Wdate-time -D_FORTIFY_SOURCE=2 -g  -c bigBedHelper.c -o bigBedHelper.o
gcc -I"/usr/local/lib/R/include" -DNDEBUG -DUSE_SSL -D_FILE_OFFSET_BITS=64 -I'/tmp/tmp/built/S4Vectors/include' -I'/tmp/tmp/built/IRanges/include' -I'/tmp/tmp/built/XVector/include' -I/usr/local/include    -fpic  -g -O2 -fstack-protector-strong -Wformat -Werror=format-security -Wdate-time -D_FORTIFY_SOURCE=2 -g  -c bigBed.c -o bigBed.o
gcc -I"/usr/local/lib/R/include" -DNDEBUG -DUSE_SSL -D_FILE_OFFSET_BITS=64 -I'/tmp/tmp/built/S4Vectors/include' -I'/tmp/tmp/built/IRanges/include' -I'/tmp/tmp/built/XVector/include' -I/usr/local/include    -fpic  -g -O2 -fstack-protector-strong -Wformat -Werror=format-security -Wdate-time -D_FORTIFY_SOURCE=2 -g  -c chain_io.c -o chain_io.o
gcc -I"/usr/local/lib/R/include" -DNDEBUG -DUSE_SSL -D_FILE_OFFSET_BITS=64 -I'/tmp/tmp/built/S4Vectors/include' -I'/tmp/tmp/built/IRanges/include' -I'/tmp/tmp/built/XVector/include' -I/usr/local/include    -fpic  -g -O2 -fstack-protector-strong -Wformat -Werror=format-security -Wdate-time -D_FORTIFY_SOURCE=2 -g  -c twoBit.c -o twoBit.o
gcc -I"/usr/local/lib/R/include" -DNDEBUG -DUSE_SSL -D_FILE_OFFSET_BITS=64 -I'/tmp/tmp/built/S4Vectors/include' -I'/tmp/tmp/built/IRanges/include' -I'/tmp/tmp/built/XVector/include' -I/usr/local/include    -fpic  -g -O2 -fstack-protector-strong -Wformat -Werror=format-security -Wdate-time -D_FORTIFY_SOURCE=2 -g  -c handlers.c -o handlers.o
handlers.c: In function ‘R_warnHandler’:
handlers.c:10:11: error: format not a string literal and no format arguments [-Werror=format-security]
   10 |   warning(warn_buf);
      |           ^~~~~~~~
cc1: some warnings being treated as errors
make: *** [/usr/local/lib/R/etc/Makeconf:191: handlers.o] Error 1
ERROR: compilation failed for package ‘rtracklayer’
* removing ‘/tmp/tmp/built/rtracklayer’
* installing *source* package ‘splitstackshape’ ...
** package ‘splitstackshape’ successfully unpacked and MD5 sums checked
** using staged installation
** R
** data
*** moving datasets to lazyload DB
** byte-compile and prepare package for lazy loading
** help
*** installing help indices
** building package indices
** testing if installed package can be loaded from temporary location
** testing if installed package can be loaded from final location
** testing if installed package keeps a record of temporary installation path
* creating tarball
packaged installation of ‘splitstackshape’ as ‘splitstackshape_1.4.8_R_x86_64-pc-linux-gnu.tar.gz’
* DONE (splitstackshape)
* installing *source* package ‘seqLogo’ ...
** using staged installation
** R
** inst
** byte-compile and prepare package for lazy loading
** help
*** installing help indices
** building package indices
** installing vignettes
** testing if installed package can be loaded from temporary location
** testing if installed package can be loaded from final location
** testing if installed package keeps a record of temporary installation path
* creating tarball
packaged installation of ‘seqLogo’ as ‘seqLogo_1.69.0_R_x86_64-pc-linux-gnu.tar.gz’
* DONE (seqLogo)
* installing *source* package ‘evd’ ...
** package ‘evd’ successfully unpacked and MD5 sums checked
** using staged installation
** libs
using C compiler: ‘gcc (Ubuntu 11.4.0-1ubuntu1~22.04) 11.4.0’
gcc -I"/usr/local/lib/R/include" -DNDEBUG   -I/usr/local/include    -fpic  -g -O2 -fstack-protector-strong -Wformat -Werror=format-security -Wdate-time -D_FORTIFY_SOURCE=2 -g  -c bvpot.c -o bvpot.o
gcc -I"/usr/local/lib/R/include" -DNDEBUG   -I/usr/local/include    -fpic  -g -O2 -fstack-protector-strong -Wformat -Werror=format-security -Wdate-time -D_FORTIFY_SOURCE=2 -g  -c ccop.c -o ccop.o
gcc -I"/usr/local/lib/R/include" -DNDEBUG   -I/usr/local/include    -fpic  -g -O2 -fstack-protector-strong -Wformat -Werror=format-security -Wdate-time -D_FORTIFY_SOURCE=2 -g  -c evd_init.c -o evd_init.o
gcc -I"/usr/local/lib/R/include" -DNDEBUG   -I/usr/local/include    -fpic  -g -O2 -fstack-protector-strong -Wformat -Werror=format-security -Wdate-time -D_FORTIFY_SOURCE=2 -g  -c fit.c -o fit.o
gcc -I"/usr/local/lib/R/include" -DNDEBUG   -I/usr/local/include    -fpic  -g -O2 -fstack-protector-strong -Wformat -Werror=format-security -Wdate-time -D_FORTIFY_SOURCE=2 -g  -c pot.c -o pot.o
gcc -I"/usr/local/lib/R/include" -DNDEBUG   -I/usr/local/include    -fpic  -g -O2 -fstack-protector-strong -Wformat -Werror=format-security -Wdate-time -D_FORTIFY_SOURCE=2 -g  -c sim.c -o sim.o
gcc -shared -L/usr/local/lib/R/lib -L/usr/local/lib -o evd.so bvpot.o ccop.o evd_init.o fit.o pot.o sim.o -L/usr/local/lib/R/lib -lR
installing to /tmp/tmp/built/00LOCK-evd/00new/evd/libs
** R
** data
*** moving datasets to lazyload DB
** inst
** byte-compile and prepare package for lazy loading
** help
*** installing help indices
** building package indices
** installing vignettes
** testing if installed package can be loaded from temporary location
** checking absolute paths in shared objects and dynamic libraries
** testing if installed package can be loaded from final location
** testing if installed package keeps a record of temporary installation path
* creating tarball
packaged installation of ‘evd’ as ‘evd_2.3-6.1_R_x86_64-pc-linux-gnu.tar.gz’
* DONE (evd)
* installing *source* package ‘org.Mm.eg.db’ ...
** using staged installation
** R
** inst
** byte-compile and prepare package for lazy loading
** help
*** installing help indices
** building package indices
** testing if installed package can be loaded from temporary location
** testing if installed package can be loaded from final location
** testing if installed package keeps a record of temporary installation path
* creating tarball
packaged installation of ‘org.Mm.eg.db’ as ‘org.Mm.eg.db_3.18.0_R_x86_64-pc-linux-gnu.tar.gz’
* DONE (org.Mm.eg.db)
* installing *source* package ‘rTRM’ ...
** using staged installation
** R
** data
** inst
** byte-compile and prepare package for lazy loading
** help
Loading required package: igraph

Attaching package: ‘igraph’

The following objects are masked from ‘package:stats’:

    decompose, spectrum

The following object is masked from ‘package:base’:

    union

This graph was created by an old(er) igraph version.
  Call upgrade_graph() on it to use with the current igraph version
  For now we convert it on the fly...
This graph was created by an old(er) igraph version.
  Call upgrade_graph() on it to use with the current igraph version
  For now we convert it on the fly...
*** installing help indices
** building package indices
** installing vignettes
** testing if installed package can be loaded from temporary location
** testing if installed package can be loaded from final location
** testing if installed package keeps a record of temporary installation path
* creating tarball
packaged installation of ‘rTRM’ as ‘rTRM_1.41.0_R_x86_64-pc-linux-gnu.tar.gz’
* DONE (rTRM)
* installing *source* package ‘gdata’ ...
** package ‘gdata’ successfully unpacked and MD5 sums checked
** using staged installation
** R
** data
** inst
** byte-compile and prepare package for lazy loading
** help
*** installing help indices
** building package indices
** installing vignettes
** testing if installed package can be loaded from temporary location
** testing if installed package can be loaded from final location
** testing if installed package keeps a record of temporary installation path
* creating tarball
packaged installation of ‘gdata’ as ‘gdata_3.0.0_R_x86_64-pc-linux-gnu.tar.gz’
* DONE (gdata)
ERROR: dependency ‘rtracklayer’ is not available for package ‘BSgenome’
* removing ‘/tmp/tmp/built/BSgenome’
ERROR: dependency ‘rtracklayer’ is not available for package ‘MotifDb’
* removing ‘/tmp/tmp/built/MotifDb’
ERROR: dependency ‘BSgenome’ is not available for package ‘BSgenome.Mmusculus.UCSC.mm8’
* removing ‘/tmp/tmp/built/BSgenome.Mmusculus.UCSC.mm8’
* installing *source* package ‘PWMEnrich’ ...
** using staged installation
** R
** inst
** byte-compile and prepare package for lazy loading
** help
*** installing help indices
** building package indices
** installing vignettes
** testing if installed package can be loaded from temporary location
** testing if installed package can be loaded from final location
** testing if installed package keeps a record of temporary installation path
* creating tarball
packaged installation of ‘PWMEnrich’ as ‘PWMEnrich_4.39.0_R_x86_64-pc-linux-gnu.tar.gz’
* DONE (PWMEnrich)
ERROR: dependencies ‘BSgenome’, ‘BSgenome.Mmusculus.UCSC.mm8’ are not available for package ‘BSgenome.Mmusculus.UCSC.mm8.masked’
* removing ‘/tmp/tmp/built/BSgenome.Mmusculus.UCSC.mm8.masked’

The downloaded source packages are in
	‘/tmp/Rtmpw8Amwh/downloaded_packages’
Warning messages:
1: In install.packages(...) :
  installation of package ‘rtracklayer’ had non-zero exit status
2: In install.packages(...) :
  installation of package ‘BSgenome’ had non-zero exit status
3: In install.packages(...) :
  installation of package ‘MotifDb’ had non-zero exit status
4: In install.packages(...) :
  installation of package ‘BSgenome.Mmusculus.UCSC.mm8’ had non-zero exit status
5: In install.packages(...) :
  installation of package ‘BSgenome.Mmusculus.UCSC.mm8.masked’ had non-zero exit status

real	4m35.746s
user	3m50.230s
sys	0m13.476s
* installing *source* package ‘rtracklayer’ ...
** using staged installation
checking for pkg-config... /usr/bin/pkg-config
checking pkg-config is at least version 0.9.0... yes
checking for OPENSSL... yes
configure: creating ./config.status
config.status: creating src/Makevars
** libs
using C compiler: ‘gcc (Ubuntu 11.4.0-1ubuntu1~22.04) 11.4.0’
gcc -I"/usr/local/lib/R/include" -DNDEBUG -DUSE_SSL -D_FILE_OFFSET_BITS=64 -I'/tmp/tmp/built/S4Vectors/include' -I'/tmp/tmp/built/IRanges/include' -I'/tmp/tmp/built/XVector/include' -I/usr/local/include    -fpic  -g -O2 -fstack-protector-strong -Wformat -Werror=format-security -Wdate-time -D_FORTIFY_SOURCE=2 -g  -c S4Vectors_stubs.c -o S4Vectors_stubs.o
gcc -I"/usr/local/lib/R/include" -DNDEBUG -DUSE_SSL -D_FILE_OFFSET_BITS=64 -I'/tmp/tmp/built/S4Vectors/include' -I'/tmp/tmp/built/IRanges/include' -I'/tmp/tmp/built/XVector/include' -I/usr/local/include    -fpic  -g -O2 -fstack-protector-strong -Wformat -Werror=format-security -Wdate-time -D_FORTIFY_SOURCE=2 -g  -c IRanges_stubs.c -o IRanges_stubs.o
gcc -I"/usr/local/lib/R/include" -DNDEBUG -DUSE_SSL -D_FILE_OFFSET_BITS=64 -I'/tmp/tmp/built/S4Vectors/include' -I'/tmp/tmp/built/IRanges/include' -I'/tmp/tmp/built/XVector/include' -I/usr/local/include    -fpic  -g -O2 -fstack-protector-strong -Wformat -Werror=format-security -Wdate-time -D_FORTIFY_SOURCE=2 -g  -c XVector_stubs.c -o XVector_stubs.o
gcc -I"/usr/local/lib/R/include" -DNDEBUG -DUSE_SSL -D_FILE_OFFSET_BITS=64 -I'/tmp/tmp/built/S4Vectors/include' -I'/tmp/tmp/built/IRanges/include' -I'/tmp/tmp/built/XVector/include' -I/usr/local/include    -fpic  -g -O2 -fstack-protector-strong -Wformat -Werror=format-security -Wdate-time -D_FORTIFY_SOURCE=2 -g  -c R_init_rtracklayer.c -o R_init_rtracklayer.o
gcc -I"/usr/local/lib/R/include" -DNDEBUG -DUSE_SSL -D_FILE_OFFSET_BITS=64 -I'/tmp/tmp/built/S4Vectors/include' -I'/tmp/tmp/built/IRanges/include' -I'/tmp/tmp/built/XVector/include' -I/usr/local/include    -fpic  -g -O2 -fstack-protector-strong -Wformat -Werror=format-security -Wdate-time -D_FORTIFY_SOURCE=2 -g  -c readGFF.c -o readGFF.o
gcc -I"/usr/local/lib/R/include" -DNDEBUG -DUSE_SSL -D_FILE_OFFSET_BITS=64 -I'/tmp/tmp/built/S4Vectors/include' -I'/tmp/tmp/built/IRanges/include' -I'/tmp/tmp/built/XVector/include' -I/usr/local/include    -fpic  -g -O2 -fstack-protector-strong -Wformat -Werror=format-security -Wdate-time -D_FORTIFY_SOURCE=2 -g  -c bbiHelper.c -o bbiHelper.o
gcc -I"/usr/local/lib/R/include" -DNDEBUG -DUSE_SSL -D_FILE_OFFSET_BITS=64 -I'/tmp/tmp/built/S4Vectors/include' -I'/tmp/tmp/built/IRanges/include' -I'/tmp/tmp/built/XVector/include' -I/usr/local/include    -fpic  -g -O2 -fstack-protector-strong -Wformat -Werror=format-security -Wdate-time -D_FORTIFY_SOURCE=2 -g  -c bigWig.c -o bigWig.o
gcc -I"/usr/local/lib/R/include" -DNDEBUG -DUSE_SSL -D_FILE_OFFSET_BITS=64 -I'/tmp/tmp/built/S4Vectors/include' -I'/tmp/tmp/built/IRanges/include' -I'/tmp/tmp/built/XVector/include' -I/usr/local/include    -fpic  -g -O2 -fstack-protector-strong -Wformat -Werror=format-security -Wdate-time -D_FORTIFY_SOURCE=2 -g  -c bigBedHelper.c -o bigBedHelper.o
gcc -I"/usr/local/lib/R/include" -DNDEBUG -DUSE_SSL -D_FILE_OFFSET_BITS=64 -I'/tmp/tmp/built/S4Vectors/include' -I'/tmp/tmp/built/IRanges/include' -I'/tmp/tmp/built/XVector/include' -I/usr/local/include    -fpic  -g -O2 -fstack-protector-strong -Wformat -Werror=format-security -Wdate-time -D_FORTIFY_SOURCE=2 -g  -c bigBed.c -o bigBed.o
gcc -I"/usr/local/lib/R/include" -DNDEBUG -DUSE_SSL -D_FILE_OFFSET_BITS=64 -I'/tmp/tmp/built/S4Vectors/include' -I'/tmp/tmp/built/IRanges/include' -I'/tmp/tmp/built/XVector/include' -I/usr/local/include    -fpic  -g -O2 -fstack-protector-strong -Wformat -Werror=format-security -Wdate-time -D_FORTIFY_SOURCE=2 -g  -c chain_io.c -o chain_io.o
gcc -I"/usr/local/lib/R/include" -DNDEBUG -DUSE_SSL -D_FILE_OFFSET_BITS=64 -I'/tmp/tmp/built/S4Vectors/include' -I'/tmp/tmp/built/IRanges/include' -I'/tmp/tmp/built/XVector/include' -I/usr/local/include    -fpic  -g -O2 -fstack-protector-strong -Wformat -Werror=format-security -Wdate-time -D_FORTIFY_SOURCE=2 -g  -c twoBit.c -o twoBit.o
gcc -I"/usr/local/lib/R/include" -DNDEBUG -DUSE_SSL -D_FILE_OFFSET_BITS=64 -I'/tmp/tmp/built/S4Vectors/include' -I'/tmp/tmp/built/IRanges/include' -I'/tmp/tmp/built/XVector/include' -I/usr/local/include    -fpic  -g -O2 -fstack-protector-strong -Wformat -Werror=format-security -Wdate-time -D_FORTIFY_SOURCE=2 -g  -c handlers.c -o handlers.o
handlers.c: In function ‘R_warnHandler’:
handlers.c:10:11: error: format not a string literal and no format arguments [-Werror=format-security]
   10 |   warning(warn_buf);
      |           ^~~~~~~~
cc1: some warnings being treated as errors
make: *** [/usr/local/lib/R/etc/Makeconf:191: handlers.o] Error 1
ERROR: compilation failed for package ‘rtracklayer’
* removing ‘/tmp/tmp/built/rtracklayer’
ERROR: dependency ‘rtracklayer’ is not available for package ‘BSgenome’
* removing ‘/tmp/tmp/built/BSgenome’
ERROR: dependency ‘rtracklayer’ is not available for package ‘GenomicFeatures’
* removing ‘/tmp/tmp/built/GenomicFeatures’
ERROR: dependency ‘BSgenome’ is not available for package ‘BSgenome.Mmusculus.UCSC.mm8’
* removing ‘/tmp/tmp/built/BSgenome.Mmusculus.UCSC.mm8’
* installing *source* package ‘rtracklayer’ ...
** using staged installation
checking for pkg-config... /usr/bin/pkg-config
checking pkg-config is at least version 0.9.0... yes
checking for OPENSSL... yes
configure: creating ./config.status
config.status: creating src/Makevars
** libs
using C compiler: ‘gcc (Ubuntu 11.4.0-1ubuntu1~22.04) 11.4.0’
gcc -I"/usr/local/lib/R/include" -DNDEBUG -DUSE_SSL -D_FILE_OFFSET_BITS=64 -I'/tmp/tmp/built/S4Vectors/include' -I'/tmp/tmp/built/IRanges/include' -I'/tmp/tmp/built/XVector/include' -I/usr/local/include    -fpic  -g -O2 -fstack-protector-strong -Wformat -Werror=format-security -Wdate-time -D_FORTIFY_SOURCE=2 -g  -c S4Vectors_stubs.c -o S4Vectors_stubs.o
gcc -I"/usr/local/lib/R/include" -DNDEBUG -DUSE_SSL -D_FILE_OFFSET_BITS=64 -I'/tmp/tmp/built/S4Vectors/include' -I'/tmp/tmp/built/IRanges/include' -I'/tmp/tmp/built/XVector/include' -I/usr/local/include    -fpic  -g -O2 -fstack-protector-strong -Wformat -Werror=format-security -Wdate-time -D_FORTIFY_SOURCE=2 -g  -c IRanges_stubs.c -o IRanges_stubs.o
gcc -I"/usr/local/lib/R/include" -DNDEBUG -DUSE_SSL -D_FILE_OFFSET_BITS=64 -I'/tmp/tmp/built/S4Vectors/include' -I'/tmp/tmp/built/IRanges/include' -I'/tmp/tmp/built/XVector/include' -I/usr/local/include    -fpic  -g -O2 -fstack-protector-strong -Wformat -Werror=format-security -Wdate-time -D_FORTIFY_SOURCE=2 -g  -c XVector_stubs.c -o XVector_stubs.o
gcc -I"/usr/local/lib/R/include" -DNDEBUG -DUSE_SSL -D_FILE_OFFSET_BITS=64 -I'/tmp/tmp/built/S4Vectors/include' -I'/tmp/tmp/built/IRanges/include' -I'/tmp/tmp/built/XVector/include' -I/usr/local/include    -fpic  -g -O2 -fstack-protector-strong -Wformat -Werror=format-security -Wdate-time -D_FORTIFY_SOURCE=2 -g  -c R_init_rtracklayer.c -o R_init_rtracklayer.o
gcc -I"/usr/local/lib/R/include" -DNDEBUG -DUSE_SSL -D_FILE_OFFSET_BITS=64 -I'/tmp/tmp/built/S4Vectors/include' -I'/tmp/tmp/built/IRanges/include' -I'/tmp/tmp/built/XVector/include' -I/usr/local/include    -fpic  -g -O2 -fstack-protector-strong -Wformat -Werror=format-security -Wdate-time -D_FORTIFY_SOURCE=2 -g  -c readGFF.c -o readGFF.o
gcc -I"/usr/local/lib/R/include" -DNDEBUG -DUSE_SSL -D_FILE_OFFSET_BITS=64 -I'/tmp/tmp/built/S4Vectors/include' -I'/tmp/tmp/built/IRanges/include' -I'/tmp/tmp/built/XVector/include' -I/usr/local/include    -fpic  -g -O2 -fstack-protector-strong -Wformat -Werror=format-security -Wdate-time -D_FORTIFY_SOURCE=2 -g  -c bbiHelper.c -o bbiHelper.o
gcc -I"/usr/local/lib/R/include" -DNDEBUG -DUSE_SSL -D_FILE_OFFSET_BITS=64 -I'/tmp/tmp/built/S4Vectors/include' -I'/tmp/tmp/built/IRanges/include' -I'/tmp/tmp/built/XVector/include' -I/usr/local/include    -fpic  -g -O2 -fstack-protector-strong -Wformat -Werror=format-security -Wdate-time -D_FORTIFY_SOURCE=2 -g  -c bigWig.c -o bigWig.o
gcc -I"/usr/local/lib/R/include" -DNDEBUG -DUSE_SSL -D_FILE_OFFSET_BITS=64 -I'/tmp/tmp/built/S4Vectors/include' -I'/tmp/tmp/built/IRanges/include' -I'/tmp/tmp/built/XVector/include' -I/usr/local/include    -fpic  -g -O2 -fstack-protector-strong -Wformat -Werror=format-security -Wdate-time -D_FORTIFY_SOURCE=2 -g  -c bigBedHelper.c -o bigBedHelper.o
gcc -I"/usr/local/lib/R/include" -DNDEBUG -DUSE_SSL -D_FILE_OFFSET_BITS=64 -I'/tmp/tmp/built/S4Vectors/include' -I'/tmp/tmp/built/IRanges/include' -I'/tmp/tmp/built/XVector/include' -I/usr/local/include    -fpic  -g -O2 -fstack-protector-strong -Wformat -Werror=format-security -Wdate-time -D_FORTIFY_SOURCE=2 -g  -c bigBed.c -o bigBed.o
gcc -I"/usr/local/lib/R/include" -DNDEBUG -DUSE_SSL -D_FILE_OFFSET_BITS=64 -I'/tmp/tmp/built/S4Vectors/include' -I'/tmp/tmp/built/IRanges/include' -I'/tmp/tmp/built/XVector/include' -I/usr/local/include    -fpic  -g -O2 -fstack-protector-strong -Wformat -Werror=format-security -Wdate-time -D_FORTIFY_SOURCE=2 -g  -c chain_io.c -o chain_io.o
gcc -I"/usr/local/lib/R/include" -DNDEBUG -DUSE_SSL -D_FILE_OFFSET_BITS=64 -I'/tmp/tmp/built/S4Vectors/include' -I'/tmp/tmp/built/IRanges/include' -I'/tmp/tmp/built/XVector/include' -I/usr/local/include    -fpic  -g -O2 -fstack-protector-strong -Wformat -Werror=format-security -Wdate-time -D_FORTIFY_SOURCE=2 -g  -c twoBit.c -o twoBit.o
gcc -I"/usr/local/lib/R/include" -DNDEBUG -DUSE_SSL -D_FILE_OFFSET_BITS=64 -I'/tmp/tmp/built/S4Vectors/include' -I'/tmp/tmp/built/IRanges/include' -I'/tmp/tmp/built/XVector/include' -I/usr/local/include    -fpic  -g -O2 -fstack-protector-strong -Wformat -Werror=format-security -Wdate-time -D_FORTIFY_SOURCE=2 -g  -c handlers.c -o handlers.o
handlers.c: In function ‘R_warnHandler’:
handlers.c:10:11: error: format not a string literal and no format arguments [-Werror=format-security]
   10 |   warning(warn_buf);
      |           ^~~~~~~~
cc1: some warnings being treated as errors
make: *** [/usr/local/lib/R/etc/Makeconf:191: handlers.o] Error 1
ERROR: compilation failed for package ‘rtracklayer’
* removing ‘/tmp/tmp/built/rtracklayer’
ERROR: dependency ‘rtracklayer’ is not available for package ‘BSgenome’
* removing ‘/tmp/tmp/built/BSgenome’
ERROR: dependency ‘BSgenome’ is not available for package ‘BSgenome.Mmusculus.UCSC.mm8’
* removing ‘/tmp/tmp/built/BSgenome.Mmusculus.UCSC.mm8’
ERROR: dependencies ‘BSgenome’, ‘BSgenome.Mmusculus.UCSC.mm8’ are not available for package ‘BSgenome.Mmusculus.UCSC.mm8.masked’
* removing ‘/tmp/tmp/built/BSgenome.Mmusculus.UCSC.mm8.masked’
