+ Rscript -e 'Sys.setenv(BIOCONDUCTOR_USE_CONTAINER_REPOSITORY=FALSE); p <- .libPaths(); p <- c('\''/tmp/tmp/built'\'', p); .libPaths(p); if(BiocManager::install('\''CRISPRball'\'', INSTALL_opts = '\''--build'\'', update = TRUE, quiet = FALSE, dependencies=TRUE, force = TRUE, keep_outputs = TRUE) %in% rownames(installed.packages())) q(status = 0) else q(status = 1)'
'getOption("repos")' replaces Bioconductor standard repositories, see
'help("repositories", package = "BiocManager")' for details.
Replacement repositories:
    CRAN: https://cloud.r-project.org
Bioconductor version 3.19 (BiocManager 1.30.22), R Under development (unstable)
  (2024-01-31 r85845)
Installing package(s) 'CRISPRball'
also installing the dependencies ‘rtracklayer’, ‘htmlTable’, ‘Formula’, ‘gsubfn’, ‘proto’, ‘chron’, ‘anytime’, ‘GenomicFeatures’, ‘Hmisc’, ‘sqldf’, ‘shinyBS’, ‘shinyWidgets’, ‘shinycssloaders’, ‘shinyjqui’, ‘colourpicker’, ‘shinyjs’, ‘pool’, ‘mygene’

trying URL 'https://bioconductor.org/packages/3.19/bioc/src/contrib/rtracklayer_1.63.0.tar.gz'
Content type 'application/x-gzip' length 4018472 bytes (3.8 MB)
==================================================
downloaded 3.8 MB

trying URL 'https://cloud.r-project.org/src/contrib/htmlTable_2.4.2.tar.gz'
Content type 'application/x-gzip' length 436124 bytes (425 KB)
==================================================
downloaded 425 KB

trying URL 'https://cloud.r-project.org/src/contrib/Formula_1.2-5.tar.gz'
Content type 'application/x-gzip' length 128259 bytes (125 KB)
==================================================
downloaded 125 KB

trying URL 'https://cloud.r-project.org/src/contrib/gsubfn_0.7.tar.gz'
Content type 'application/x-gzip' length 311271 bytes (303 KB)
==================================================
downloaded 303 KB

trying URL 'https://cloud.r-project.org/src/contrib/proto_1.0.0.tar.gz'
Content type 'application/x-gzip' length 541398 bytes (528 KB)
==================================================
downloaded 528 KB

trying URL 'https://cloud.r-project.org/src/contrib/chron_2.3-61.tar.gz'
Content type 'application/x-gzip' length 37347 bytes (36 KB)
==================================================
downloaded 36 KB

trying URL 'https://cloud.r-project.org/src/contrib/anytime_0.3.9.tar.gz'
Content type 'application/x-gzip' length 348903 bytes (340 KB)
==================================================
downloaded 340 KB

trying URL 'https://bioconductor.org/packages/3.19/bioc/src/contrib/GenomicFeatures_1.55.3.tar.gz'
Content type 'application/x-gzip' length 1181124 bytes (1.1 MB)
==================================================
downloaded 1.1 MB

trying URL 'https://cloud.r-project.org/src/contrib/Hmisc_5.1-1.tar.gz'
Content type 'application/x-gzip' length 875858 bytes (855 KB)
==================================================
downloaded 855 KB

trying URL 'https://cloud.r-project.org/src/contrib/sqldf_0.4-11.tar.gz'
Content type 'application/x-gzip' length 63097 bytes (61 KB)
==================================================
downloaded 61 KB

trying URL 'https://cloud.r-project.org/src/contrib/shinyBS_0.61.1.tar.gz'
Content type 'application/x-gzip' length 26624 bytes (26 KB)
==================================================
downloaded 26 KB

trying URL 'https://cloud.r-project.org/src/contrib/shinyWidgets_0.8.1.tar.gz'
Content type 'application/x-gzip' length 793347 bytes (774 KB)
==================================================
downloaded 774 KB

trying URL 'https://cloud.r-project.org/src/contrib/shinycssloaders_1.0.0.tar.gz'
Content type 'application/x-gzip' length 122969 bytes (120 KB)
==================================================
downloaded 120 KB

trying URL 'https://cloud.r-project.org/src/contrib/shinyjqui_0.4.1.tar.gz'
Content type 'application/x-gzip' length 3419238 bytes (3.3 MB)
==================================================
downloaded 3.3 MB

trying URL 'https://cloud.r-project.org/src/contrib/colourpicker_1.3.0.tar.gz'
Content type 'application/x-gzip' length 1278560 bytes (1.2 MB)
==================================================
downloaded 1.2 MB

trying URL 'https://cloud.r-project.org/src/contrib/shinyjs_2.1.0.tar.gz'
Content type 'application/x-gzip' length 1019936 bytes (996 KB)
==================================================
downloaded 996 KB

trying URL 'https://cloud.r-project.org/src/contrib/pool_1.0.2.tar.gz'
Content type 'application/x-gzip' length 40246 bytes (39 KB)
==================================================
downloaded 39 KB

trying URL 'https://bioconductor.org/packages/3.19/bioc/src/contrib/mygene_1.39.0.tar.gz'
Content type 'application/x-gzip' length 171099 bytes (167 KB)
==================================================
downloaded 167 KB

trying URL 'https://bioconductor.org/packages/3.19/bioc/src/contrib/CRISPRball_0.99.10.tar.gz'
Content type 'application/x-gzip' length 2741365 bytes (2.6 MB)
==================================================
downloaded 2.6 MB

* installing *source* package ‘rtracklayer’ ...
** using staged installation
checking for pkg-config... /usr/bin/pkg-config
checking pkg-config is at least version 0.9.0... yes
checking for OPENSSL... yes
configure: creating ./config.status
config.status: creating src/Makevars
** libs
using C compiler: ‘gcc (Ubuntu 11.4.0-1ubuntu1~22.04) 11.4.0’
gcc -I"/usr/local/lib/R/include" -DNDEBUG -DUSE_SSL -D_FILE_OFFSET_BITS=64 -I'/tmp/tmp/built/S4Vectors/include' -I'/tmp/tmp/built/IRanges/include' -I'/tmp/tmp/built/XVector/include' -I/usr/local/include    -fpic  -g -O2 -fstack-protector-strong -Wformat -Werror=format-security -Wdate-time -D_FORTIFY_SOURCE=2 -g  -c S4Vectors_stubs.c -o S4Vectors_stubs.o
gcc -I"/usr/local/lib/R/include" -DNDEBUG -DUSE_SSL -D_FILE_OFFSET_BITS=64 -I'/tmp/tmp/built/S4Vectors/include' -I'/tmp/tmp/built/IRanges/include' -I'/tmp/tmp/built/XVector/include' -I/usr/local/include    -fpic  -g -O2 -fstack-protector-strong -Wformat -Werror=format-security -Wdate-time -D_FORTIFY_SOURCE=2 -g  -c IRanges_stubs.c -o IRanges_stubs.o
gcc -I"/usr/local/lib/R/include" -DNDEBUG -DUSE_SSL -D_FILE_OFFSET_BITS=64 -I'/tmp/tmp/built/S4Vectors/include' -I'/tmp/tmp/built/IRanges/include' -I'/tmp/tmp/built/XVector/include' -I/usr/local/include    -fpic  -g -O2 -fstack-protector-strong -Wformat -Werror=format-security -Wdate-time -D_FORTIFY_SOURCE=2 -g  -c XVector_stubs.c -o XVector_stubs.o
gcc -I"/usr/local/lib/R/include" -DNDEBUG -DUSE_SSL -D_FILE_OFFSET_BITS=64 -I'/tmp/tmp/built/S4Vectors/include' -I'/tmp/tmp/built/IRanges/include' -I'/tmp/tmp/built/XVector/include' -I/usr/local/include    -fpic  -g -O2 -fstack-protector-strong -Wformat -Werror=format-security -Wdate-time -D_FORTIFY_SOURCE=2 -g  -c R_init_rtracklayer.c -o R_init_rtracklayer.o
gcc -I"/usr/local/lib/R/include" -DNDEBUG -DUSE_SSL -D_FILE_OFFSET_BITS=64 -I'/tmp/tmp/built/S4Vectors/include' -I'/tmp/tmp/built/IRanges/include' -I'/tmp/tmp/built/XVector/include' -I/usr/local/include    -fpic  -g -O2 -fstack-protector-strong -Wformat -Werror=format-security -Wdate-time -D_FORTIFY_SOURCE=2 -g  -c readGFF.c -o readGFF.o
gcc -I"/usr/local/lib/R/include" -DNDEBUG -DUSE_SSL -D_FILE_OFFSET_BITS=64 -I'/tmp/tmp/built/S4Vectors/include' -I'/tmp/tmp/built/IRanges/include' -I'/tmp/tmp/built/XVector/include' -I/usr/local/include    -fpic  -g -O2 -fstack-protector-strong -Wformat -Werror=format-security -Wdate-time -D_FORTIFY_SOURCE=2 -g  -c bbiHelper.c -o bbiHelper.o
gcc -I"/usr/local/lib/R/include" -DNDEBUG -DUSE_SSL -D_FILE_OFFSET_BITS=64 -I'/tmp/tmp/built/S4Vectors/include' -I'/tmp/tmp/built/IRanges/include' -I'/tmp/tmp/built/XVector/include' -I/usr/local/include    -fpic  -g -O2 -fstack-protector-strong -Wformat -Werror=format-security -Wdate-time -D_FORTIFY_SOURCE=2 -g  -c bigWig.c -o bigWig.o
gcc -I"/usr/local/lib/R/include" -DNDEBUG -DUSE_SSL -D_FILE_OFFSET_BITS=64 -I'/tmp/tmp/built/S4Vectors/include' -I'/tmp/tmp/built/IRanges/include' -I'/tmp/tmp/built/XVector/include' -I/usr/local/include    -fpic  -g -O2 -fstack-protector-strong -Wformat -Werror=format-security -Wdate-time -D_FORTIFY_SOURCE=2 -g  -c bigBedHelper.c -o bigBedHelper.o
gcc -I"/usr/local/lib/R/include" -DNDEBUG -DUSE_SSL -D_FILE_OFFSET_BITS=64 -I'/tmp/tmp/built/S4Vectors/include' -I'/tmp/tmp/built/IRanges/include' -I'/tmp/tmp/built/XVector/include' -I/usr/local/include    -fpic  -g -O2 -fstack-protector-strong -Wformat -Werror=format-security -Wdate-time -D_FORTIFY_SOURCE=2 -g  -c bigBed.c -o bigBed.o
gcc -I"/usr/local/lib/R/include" -DNDEBUG -DUSE_SSL -D_FILE_OFFSET_BITS=64 -I'/tmp/tmp/built/S4Vectors/include' -I'/tmp/tmp/built/IRanges/include' -I'/tmp/tmp/built/XVector/include' -I/usr/local/include    -fpic  -g -O2 -fstack-protector-strong -Wformat -Werror=format-security -Wdate-time -D_FORTIFY_SOURCE=2 -g  -c chain_io.c -o chain_io.o
gcc -I"/usr/local/lib/R/include" -DNDEBUG -DUSE_SSL -D_FILE_OFFSET_BITS=64 -I'/tmp/tmp/built/S4Vectors/include' -I'/tmp/tmp/built/IRanges/include' -I'/tmp/tmp/built/XVector/include' -I/usr/local/include    -fpic  -g -O2 -fstack-protector-strong -Wformat -Werror=format-security -Wdate-time -D_FORTIFY_SOURCE=2 -g  -c twoBit.c -o twoBit.o
gcc -I"/usr/local/lib/R/include" -DNDEBUG -DUSE_SSL -D_FILE_OFFSET_BITS=64 -I'/tmp/tmp/built/S4Vectors/include' -I'/tmp/tmp/built/IRanges/include' -I'/tmp/tmp/built/XVector/include' -I/usr/local/include    -fpic  -g -O2 -fstack-protector-strong -Wformat -Werror=format-security -Wdate-time -D_FORTIFY_SOURCE=2 -g  -c handlers.c -o handlers.o
handlers.c: In function ‘R_warnHandler’:
handlers.c:10:11: error: format not a string literal and no format arguments [-Werror=format-security]
   10 |   warning(warn_buf);
      |           ^~~~~~~~
cc1: some warnings being treated as errors
make: *** [/usr/local/lib/R/etc/Makeconf:191: handlers.o] Error 1
ERROR: compilation failed for package ‘rtracklayer’
* removing ‘/tmp/tmp/built/rtracklayer’
* installing *source* package ‘htmlTable’ ...
** package ‘htmlTable’ successfully unpacked and MD5 sums checked
** using staged installation
** R
** data
** inst
** byte-compile and prepare package for lazy loading
** help
*** installing help indices
** building package indices
** installing vignettes
** testing if installed package can be loaded from temporary location
** testing if installed package can be loaded from final location
** testing if installed package keeps a record of temporary installation path
* creating tarball
packaged installation of ‘htmlTable’ as ‘htmlTable_2.4.2_R_x86_64-pc-linux-gnu.tar.gz’
* DONE (htmlTable)
* installing *source* package ‘Formula’ ...
** package ‘Formula’ successfully unpacked and MD5 sums checked
** using staged installation
** R
** inst
** byte-compile and prepare package for lazy loading
** help
*** installing help indices
** building package indices
** installing vignettes
** testing if installed package can be loaded from temporary location
** testing if installed package can be loaded from final location
** testing if installed package keeps a record of temporary installation path
* creating tarball
packaged installation of ‘Formula’ as ‘Formula_1.2-5_R_x86_64-pc-linux-gnu.tar.gz’
* DONE (Formula)
* installing *source* package ‘proto’ ...
** package ‘proto’ successfully unpacked and MD5 sums checked
** using staged installation
** R
** demo
** inst
** byte-compile and prepare package for lazy loading
** help
*** installing help indices
** building package indices
** installing vignettes
** testing if installed package can be loaded from temporary location
** testing if installed package can be loaded from final location
** testing if installed package keeps a record of temporary installation path
* creating tarball
packaged installation of ‘proto’ as ‘proto_1.0.0_R_x86_64-pc-linux-gnu.tar.gz’
* DONE (proto)
* installing *source* package ‘chron’ ...
** package ‘chron’ successfully unpacked and MD5 sums checked
** using staged installation
** libs
using C compiler: ‘gcc (Ubuntu 11.4.0-1ubuntu1~22.04) 11.4.0’
gcc -I"/usr/local/lib/R/include" -DNDEBUG   -I/usr/local/include    -fpic  -g -O2 -fstack-protector-strong -Wformat -Werror=format-security -Wdate-time -D_FORTIFY_SOURCE=2 -g  -c chron_strs.c -o chron_strs.o
gcc -I"/usr/local/lib/R/include" -DNDEBUG   -I/usr/local/include    -fpic  -g -O2 -fstack-protector-strong -Wformat -Werror=format-security -Wdate-time -D_FORTIFY_SOURCE=2 -g  -c init.c -o init.o
gcc -I"/usr/local/lib/R/include" -DNDEBUG   -I/usr/local/include    -fpic  -g -O2 -fstack-protector-strong -Wformat -Werror=format-security -Wdate-time -D_FORTIFY_SOURCE=2 -g  -c unpaste.c -o unpaste.o
gcc -shared -L/usr/local/lib/R/lib -L/usr/local/lib -o chron.so chron_strs.o init.o unpaste.o -L/usr/local/lib/R/lib -lR
installing to /tmp/tmp/built/00LOCK-chron/00new/chron/libs
** R
** byte-compile and prepare package for lazy loading
** help
*** installing help indices
** building package indices
** testing if installed package can be loaded from temporary location
** checking absolute paths in shared objects and dynamic libraries
** testing if installed package can be loaded from final location
** testing if installed package keeps a record of temporary installation path
* creating tarball
packaged installation of ‘chron’ as ‘chron_2.3-61_R_x86_64-pc-linux-gnu.tar.gz’
* DONE (chron)
* installing *source* package ‘anytime’ ...
** package ‘anytime’ successfully unpacked and MD5 sums checked
** using staged installation
** libs
using C++ compiler: ‘g++ (Ubuntu 11.4.0-1ubuntu1~22.04) 11.4.0’
using C++11
g++ -std=gnu++11 -I"/usr/local/lib/R/include" -DNDEBUG  -I'/usr/local/lib/R/site-library/Rcpp/include' -I'/tmp/tmp/built/BH/include' -I/usr/local/include   -DRCPP_NO_RTTI -fpic  -g -O2 -fstack-protector-strong -Wformat -Werror=format-security -Wdate-time -D_FORTIFY_SOURCE=2 -g  -c RcppExports.cpp -o RcppExports.o
g++ -std=gnu++11 -I"/usr/local/lib/R/include" -DNDEBUG  -I'/usr/local/lib/R/site-library/Rcpp/include' -I'/tmp/tmp/built/BH/include' -I/usr/local/include   -DRCPP_NO_RTTI -fpic  -g -O2 -fstack-protector-strong -Wformat -Werror=format-security -Wdate-time -D_FORTIFY_SOURCE=2 -g  -c anytime.cpp -o anytime.o
In file included from /tmp/tmp/built/BH/include/boost/concept/assert.hpp:35,
                 from /tmp/tmp/built/BH/include/boost/concept_check.hpp:20,
                 from /tmp/tmp/built/BH/include/boost/range/concepts.hpp:19,
                 from /tmp/tmp/built/BH/include/boost/range/size_type.hpp:20,
                 from /tmp/tmp/built/BH/include/boost/range/size.hpp:21,
                 from /tmp/tmp/built/BH/include/boost/range/functions.hpp:20,
                 from /tmp/tmp/built/BH/include/boost/range/iterator_range_core.hpp:38,
                 from /tmp/tmp/built/BH/include/boost/algorithm/string/replace.hpp:16,
                 from /tmp/tmp/built/BH/include/boost/date_time/date_facet.hpp:17,
                 from /tmp/tmp/built/BH/include/boost/date_time/gregorian/gregorian_io.hpp:16,
                 from /tmp/tmp/built/BH/include/boost/date_time/gregorian/gregorian.hpp:31,
                 from /tmp/tmp/built/BH/include/boost/date_time/posix_time/time_formatters.hpp:12,
                 from /tmp/tmp/built/BH/include/boost/date_time/posix_time/posix_time.hpp:24,
                 from /tmp/tmp/built/BH/include/boost/date_time/local_time/local_time.hpp:11,
                 from /tmp/tmp/built/BH/include/boost/date_time.hpp:15,
                 from anytime.cpp:25:
/tmp/tmp/built/BH/include/boost/concept/detail/general.hpp: In instantiation of ‘static void boost::concepts::constraint<Model>::failed() [with Model = boost::algorithm::FinderConcept<boost::algorithm::detail::token_finderF<boost::algorithm::detail::is_any_ofF<char> >, __gnu_cxx::__normal_iterator<const char*, std::__cxx11::basic_string<char> > >]’:
/tmp/tmp/built/BH/include/boost/algorithm/string/iter_find.hpp:81:13:   required from ‘SequenceSequenceT& boost::algorithm::iter_split(SequenceSequenceT&, RangeT&&, FinderT) [with SequenceSequenceT = std::vector<std::__cxx11::basic_string<char> >; RangeT = const std::__cxx11::basic_string<char>&; FinderT = boost::algorithm::detail::token_finderF<boost::algorithm::detail::is_any_ofF<char> >]’
/tmp/tmp/built/BH/include/boost/algorithm/string/split.hpp:158:50:   required from ‘SequenceSequenceT& boost::algorithm::split(SequenceSequenceT&, RangeT&&, PredicateT, boost::algorithm::token_compress_mode_type) [with SequenceSequenceT = std::vector<std::__cxx11::basic_string<char> >; RangeT = const std::__cxx11::basic_string<char>&; PredicateT = boost::algorithm::detail::is_any_ofF<char>]’
anytime.cpp:248:17:   required from here
/tmp/tmp/built/BH/include/boost/concept/detail/general.hpp:65:52: warning: ‘this’ pointer is null [-Wnonnull]
   65 |     static void failed() { ((Model*)0)->constraints(); }
      |                            ~~~~~~~~~~~~~~~~~~~~~~~~^~
In file included from /tmp/tmp/built/BH/include/boost/algorithm/string/find_format.hpp:21,
                 from /tmp/tmp/built/BH/include/boost/algorithm/string/replace.hpp:22,
                 from /tmp/tmp/built/BH/include/boost/date_time/date_facet.hpp:17,
                 from /tmp/tmp/built/BH/include/boost/date_time/gregorian/gregorian_io.hpp:16,
                 from /tmp/tmp/built/BH/include/boost/date_time/gregorian/gregorian.hpp:31,
                 from /tmp/tmp/built/BH/include/boost/date_time/posix_time/time_formatters.hpp:12,
                 from /tmp/tmp/built/BH/include/boost/date_time/posix_time/posix_time.hpp:24,
                 from /tmp/tmp/built/BH/include/boost/date_time/local_time/local_time.hpp:11,
                 from /tmp/tmp/built/BH/include/boost/date_time.hpp:15,
                 from anytime.cpp:25:
/tmp/tmp/built/BH/include/boost/algorithm/string/concept.hpp:40:18: note: in a call to non-static member function ‘void boost::algorithm::FinderConcept<FinderT, IteratorT>::constraints() [with FinderT = boost::algorithm::detail::token_finderF<boost::algorithm::detail::is_any_ofF<char> >; IteratorT = __gnu_cxx::__normal_iterator<const char*, std::__cxx11::basic_string<char> >]’
   40 |             void constraints()
      |                  ^~~~~~~~~~~
In file included from /tmp/tmp/built/BH/include/boost/concept/assert.hpp:35,
                 from /tmp/tmp/built/BH/include/boost/concept_check.hpp:20,
                 from /tmp/tmp/built/BH/include/boost/range/concepts.hpp:19,
                 from /tmp/tmp/built/BH/include/boost/range/size_type.hpp:20,
                 from /tmp/tmp/built/BH/include/boost/range/size.hpp:21,
                 from /tmp/tmp/built/BH/include/boost/range/functions.hpp:20,
                 from /tmp/tmp/built/BH/include/boost/range/iterator_range_core.hpp:38,
                 from /tmp/tmp/built/BH/include/boost/algorithm/string/replace.hpp:16,
                 from /tmp/tmp/built/BH/include/boost/date_time/date_facet.hpp:17,
                 from /tmp/tmp/built/BH/include/boost/date_time/gregorian/gregorian_io.hpp:16,
                 from /tmp/tmp/built/BH/include/boost/date_time/gregorian/gregorian.hpp:31,
                 from /tmp/tmp/built/BH/include/boost/date_time/posix_time/time_formatters.hpp:12,
                 from /tmp/tmp/built/BH/include/boost/date_time/posix_time/posix_time.hpp:24,
                 from /tmp/tmp/built/BH/include/boost/date_time/local_time/local_time.hpp:11,
                 from /tmp/tmp/built/BH/include/boost/date_time.hpp:15,
                 from anytime.cpp:25:
/tmp/tmp/built/BH/include/boost/concept/detail/general.hpp: In instantiation of ‘static void boost::concepts::constraint<Model>::failed() [with Model = boost::algorithm::FinderConcept<boost::algorithm::detail::first_finderF<const char*, boost::algorithm::is_equal>, __gnu_cxx::__normal_iterator<const char*, std::__cxx11::basic_string<char> > >]’:
/tmp/tmp/built/BH/include/boost/algorithm/string/find_format.hpp:98:13:   required from ‘void boost::algorithm::find_format_all(SequenceT&, FinderT, FormatterT) [with SequenceT = std::__cxx11::basic_string<char>; FinderT = boost::algorithm::detail::first_finderF<const char*, boost::algorithm::is_equal>; FormatterT = boost::algorithm::detail::const_formatF<boost::iterator_range<const char*> >]’
/tmp/tmp/built/BH/include/boost/algorithm/string/replace.hpp:652:48:   required from ‘void boost::algorithm::replace_all(SequenceT&, const Range1T&, const Range2T&) [with SequenceT = std::__cxx11::basic_string<char>; Range1T = boost::iterator_range<const char*>; Range2T = boost::iterator_range<const char*>]’
/tmp/tmp/built/BH/include/boost/date_time/time_facet.hpp:293:36:   required from ‘OutItrT boost::date_time::time_facet<time_type, CharT, OutItrT>::put(OutItrT, std::ios_base&, boost::date_time::time_facet<time_type, CharT, OutItrT>::char_type, const time_type&) const [with time_type = boost::posix_time::ptime; CharT = char; OutItrT = std::ostreambuf_iterator<char, std::char_traits<char> >; boost::date_time::time_facet<time_type, CharT, OutItrT>::char_type = char]’
/tmp/tmp/built/BH/include/boost/date_time/posix_time/posix_time_io.hpp:52:58:   required from ‘std::basic_ostream<_CharT, _Traits>& boost::posix_time::operator<<(std::basic_ostream<_CharT, _Traits>&, const boost::posix_time::ptime&) [with CharT = char; TraitsT = std::char_traits<char>]’
anytime.cpp:166:95:   required from here
/tmp/tmp/built/BH/include/boost/concept/detail/general.hpp:65:52: warning: ‘this’ pointer is null [-Wnonnull]
   65 |     static void failed() { ((Model*)0)->constraints(); }
      |                            ~~~~~~~~~~~~~~~~~~~~~~~~^~
In file included from /tmp/tmp/built/BH/include/boost/algorithm/string/find_format.hpp:21,
                 from /tmp/tmp/built/BH/include/boost/algorithm/string/replace.hpp:22,
                 from /tmp/tmp/built/BH/include/boost/date_time/date_facet.hpp:17,
                 from /tmp/tmp/built/BH/include/boost/date_time/gregorian/gregorian_io.hpp:16,
                 from /tmp/tmp/built/BH/include/boost/date_time/gregorian/gregorian.hpp:31,
                 from /tmp/tmp/built/BH/include/boost/date_time/posix_time/time_formatters.hpp:12,
                 from /tmp/tmp/built/BH/include/boost/date_time/posix_time/posix_time.hpp:24,
                 from /tmp/tmp/built/BH/include/boost/date_time/local_time/local_time.hpp:11,
                 from /tmp/tmp/built/BH/include/boost/date_time.hpp:15,
                 from anytime.cpp:25:
/tmp/tmp/built/BH/include/boost/algorithm/string/concept.hpp:40:18: note: in a call to non-static member function ‘void boost::algorithm::FinderConcept<FinderT, IteratorT>::constraints() [with FinderT = boost::algorithm::detail::first_finderF<const char*, boost::algorithm::is_equal>; IteratorT = __gnu_cxx::__normal_iterator<const char*, std::__cxx11::basic_string<char> >]’
   40 |             void constraints()
      |                  ^~~~~~~~~~~
In file included from /tmp/tmp/built/BH/include/boost/concept/assert.hpp:35,
                 from /tmp/tmp/built/BH/include/boost/concept_check.hpp:20,
                 from /tmp/tmp/built/BH/include/boost/range/concepts.hpp:19,
                 from /tmp/tmp/built/BH/include/boost/range/size_type.hpp:20,
                 from /tmp/tmp/built/BH/include/boost/range/size.hpp:21,
                 from /tmp/tmp/built/BH/include/boost/range/functions.hpp:20,
                 from /tmp/tmp/built/BH/include/boost/range/iterator_range_core.hpp:38,
                 from /tmp/tmp/built/BH/include/boost/algorithm/string/replace.hpp:16,
                 from /tmp/tmp/built/BH/include/boost/date_time/date_facet.hpp:17,
                 from /tmp/tmp/built/BH/include/boost/date_time/gregorian/gregorian_io.hpp:16,
                 from /tmp/tmp/built/BH/include/boost/date_time/gregorian/gregorian.hpp:31,
                 from /tmp/tmp/built/BH/include/boost/date_time/posix_time/time_formatters.hpp:12,
                 from /tmp/tmp/built/BH/include/boost/date_time/posix_time/posix_time.hpp:24,
                 from /tmp/tmp/built/BH/include/boost/date_time/local_time/local_time.hpp:11,
                 from /tmp/tmp/built/BH/include/boost/date_time.hpp:15,
                 from anytime.cpp:25:
/tmp/tmp/built/BH/include/boost/concept/detail/general.hpp: In instantiation of ‘static void boost::concepts::constraint<Model>::failed() [with Model = boost::algorithm::FormatterConcept<boost::algorithm::detail::const_formatF<boost::iterator_range<const char*> >, boost::algorithm::detail::first_finderF<const char*, boost::algorithm::is_equal>, __gnu_cxx::__normal_iterator<const char*, std::__cxx11::basic_string<char> > >]’:
/tmp/tmp/built/BH/include/boost/algorithm/string/find_format.hpp:103:13:   required from ‘void boost::algorithm::find_format_all(SequenceT&, FinderT, FormatterT) [with SequenceT = std::__cxx11::basic_string<char>; FinderT = boost::algorithm::detail::first_finderF<const char*, boost::algorithm::is_equal>; FormatterT = boost::algorithm::detail::const_formatF<boost::iterator_range<const char*> >]’
/tmp/tmp/built/BH/include/boost/algorithm/string/replace.hpp:652:48:   required from ‘void boost::algorithm::replace_all(SequenceT&, const Range1T&, const Range2T&) [with SequenceT = std::__cxx11::basic_string<char>; Range1T = boost::iterator_range<const char*>; Range2T = boost::iterator_range<const char*>]’
/tmp/tmp/built/BH/include/boost/date_time/time_facet.hpp:293:36:   required from ‘OutItrT boost::date_time::time_facet<time_type, CharT, OutItrT>::put(OutItrT, std::ios_base&, boost::date_time::time_facet<time_type, CharT, OutItrT>::char_type, const time_type&) const [with time_type = boost::posix_time::ptime; CharT = char; OutItrT = std::ostreambuf_iterator<char, std::char_traits<char> >; boost::date_time::time_facet<time_type, CharT, OutItrT>::char_type = char]’
/tmp/tmp/built/BH/include/boost/date_time/posix_time/posix_time_io.hpp:52:58:   required from ‘std::basic_ostream<_CharT, _Traits>& boost::posix_time::operator<<(std::basic_ostream<_CharT, _Traits>&, const boost::posix_time::ptime&) [with CharT = char; TraitsT = std::char_traits<char>]’
anytime.cpp:166:95:   required from here
/tmp/tmp/built/BH/include/boost/concept/detail/general.hpp:65:52: warning: ‘this’ pointer is null [-Wnonnull]
   65 |     static void failed() { ((Model*)0)->constraints(); }
      |                            ~~~~~~~~~~~~~~~~~~~~~~~~^~
In file included from /tmp/tmp/built/BH/include/boost/algorithm/string/find_format.hpp:21,
                 from /tmp/tmp/built/BH/include/boost/algorithm/string/replace.hpp:22,
                 from /tmp/tmp/built/BH/include/boost/date_time/date_facet.hpp:17,
                 from /tmp/tmp/built/BH/include/boost/date_time/gregorian/gregorian_io.hpp:16,
                 from /tmp/tmp/built/BH/include/boost/date_time/gregorian/gregorian.hpp:31,
                 from /tmp/tmp/built/BH/include/boost/date_time/posix_time/time_formatters.hpp:12,
                 from /tmp/tmp/built/BH/include/boost/date_time/posix_time/posix_time.hpp:24,
                 from /tmp/tmp/built/BH/include/boost/date_time/local_time/local_time.hpp:11,
                 from /tmp/tmp/built/BH/include/boost/date_time.hpp:15,
                 from anytime.cpp:25:
/tmp/tmp/built/BH/include/boost/algorithm/string/concept.hpp:65:18: note: in a call to non-static member function ‘void boost::algorithm::FormatterConcept<FormatterT, FinderT, IteratorT>::constraints() [with FormatterT = boost::algorithm::detail::const_formatF<boost::iterator_range<const char*> >; FinderT = boost::algorithm::detail::first_finderF<const char*, boost::algorithm::is_equal>; IteratorT = __gnu_cxx::__normal_iterator<const char*, std::__cxx11::basic_string<char> >]’
   65 |             void constraints()
      |                  ^~~~~~~~~~~
In file included from /tmp/tmp/built/BH/include/boost/concept/assert.hpp:35,
                 from /tmp/tmp/built/BH/include/boost/concept_check.hpp:20,
                 from /tmp/tmp/built/BH/include/boost/range/concepts.hpp:19,
                 from /tmp/tmp/built/BH/include/boost/range/size_type.hpp:20,
                 from /tmp/tmp/built/BH/include/boost/range/size.hpp:21,
                 from /tmp/tmp/built/BH/include/boost/range/functions.hpp:20,
                 from /tmp/tmp/built/BH/include/boost/range/iterator_range_core.hpp:38,
                 from /tmp/tmp/built/BH/include/boost/algorithm/string/replace.hpp:16,
                 from /tmp/tmp/built/BH/include/boost/date_time/date_facet.hpp:17,
                 from /tmp/tmp/built/BH/include/boost/date_time/gregorian/gregorian_io.hpp:16,
                 from /tmp/tmp/built/BH/include/boost/date_time/gregorian/gregorian.hpp:31,
                 from /tmp/tmp/built/BH/include/boost/date_time/posix_time/time_formatters.hpp:12,
                 from /tmp/tmp/built/BH/include/boost/date_time/posix_time/posix_time.hpp:24,
                 from /tmp/tmp/built/BH/include/boost/date_time/local_time/local_time.hpp:11,
                 from /tmp/tmp/built/BH/include/boost/date_time.hpp:15,
                 from anytime.cpp:25:
/tmp/tmp/built/BH/include/boost/concept/detail/general.hpp: In instantiation of ‘static void boost::concepts::constraint<Model>::failed() [with Model = boost::algorithm::FormatterConcept<boost::algorithm::detail::const_formatF<boost::iterator_range<__gnu_cxx::__normal_iterator<const char*, std::__cxx11::basic_string<char> > > >, boost::algorithm::detail::first_finderF<const char*, boost::algorithm::is_equal>, __gnu_cxx::__normal_iterator<const char*, std::__cxx11::basic_string<char> > >]’:
/tmp/tmp/built/BH/include/boost/algorithm/string/find_format.hpp:103:13:   required from ‘void boost::algorithm::find_format_all(SequenceT&, FinderT, FormatterT) [with SequenceT = std::__cxx11::basic_string<char>; FinderT = boost::algorithm::detail::first_finderF<const char*, boost::algorithm::is_equal>; FormatterT = boost::algorithm::detail::const_formatF<boost::iterator_range<__gnu_cxx::__normal_iterator<const char*, std::__cxx11::basic_string<char> > > >]’
/tmp/tmp/built/BH/include/boost/algorithm/string/replace.hpp:652:48:   required from ‘void boost::algorithm::replace_all(SequenceT&, const Range1T&, const Range2T&) [with SequenceT = std::__cxx11::basic_string<char>; Range1T = const char*; Range2T = std::__cxx11::basic_string<char>]’
/tmp/tmp/built/BH/include/boost/date_time/time_facet.hpp:310:38:   required from ‘OutItrT boost::date_time::time_facet<time_type, CharT, OutItrT>::put(OutItrT, std::ios_base&, boost::date_time::time_facet<time_type, CharT, OutItrT>::char_type, const time_type&) const [with time_type = boost::posix_time::ptime; CharT = char; OutItrT = std::ostreambuf_iterator<char, std::char_traits<char> >; boost::date_time::time_facet<time_type, CharT, OutItrT>::char_type = char]’
/tmp/tmp/built/BH/include/boost/date_time/posix_time/posix_time_io.hpp:52:58:   required from ‘std::basic_ostream<_CharT, _Traits>& boost::posix_time::operator<<(std::basic_ostream<_CharT, _Traits>&, const boost::posix_time::ptime&) [with CharT = char; TraitsT = std::char_traits<char>]’
anytime.cpp:166:95:   required from here
/tmp/tmp/built/BH/include/boost/concept/detail/general.hpp:65:52: warning: ‘this’ pointer is null [-Wnonnull]
   65 |     static void failed() { ((Model*)0)->constraints(); }
      |                            ~~~~~~~~~~~~~~~~~~~~~~~~^~
In file included from /tmp/tmp/built/BH/include/boost/algorithm/string/find_format.hpp:21,
                 from /tmp/tmp/built/BH/include/boost/algorithm/string/replace.hpp:22,
                 from /tmp/tmp/built/BH/include/boost/date_time/date_facet.hpp:17,
                 from /tmp/tmp/built/BH/include/boost/date_time/gregorian/gregorian_io.hpp:16,
                 from /tmp/tmp/built/BH/include/boost/date_time/gregorian/gregorian.hpp:31,
                 from /tmp/tmp/built/BH/include/boost/date_time/posix_time/time_formatters.hpp:12,
                 from /tmp/tmp/built/BH/include/boost/date_time/posix_time/posix_time.hpp:24,
                 from /tmp/tmp/built/BH/include/boost/date_time/local_time/local_time.hpp:11,
                 from /tmp/tmp/built/BH/include/boost/date_time.hpp:15,
                 from anytime.cpp:25:
/tmp/tmp/built/BH/include/boost/algorithm/string/concept.hpp:65:18: note: in a call to non-static member function ‘void boost::algorithm::FormatterConcept<FormatterT, FinderT, IteratorT>::constraints() [with FormatterT = boost::algorithm::detail::const_formatF<boost::iterator_range<__gnu_cxx::__normal_iterator<const char*, std::__cxx11::basic_string<char> > > >; FinderT = boost::algorithm::detail::first_finderF<const char*, boost::algorithm::is_equal>; IteratorT = __gnu_cxx::__normal_iterator<const char*, std::__cxx11::basic_string<char> >]’
   65 |             void constraints()
      |                  ^~~~~~~~~~~
In file included from /tmp/tmp/built/BH/include/boost/concept/assert.hpp:35,
                 from /tmp/tmp/built/BH/include/boost/concept_check.hpp:20,
                 from /tmp/tmp/built/BH/include/boost/range/concepts.hpp:19,
                 from /tmp/tmp/built/BH/include/boost/range/size_type.hpp:20,
                 from /tmp/tmp/built/BH/include/boost/range/size.hpp:21,
                 from /tmp/tmp/built/BH/include/boost/range/functions.hpp:20,
                 from /tmp/tmp/built/BH/include/boost/range/iterator_range_core.hpp:38,
                 from /tmp/tmp/built/BH/include/boost/algorithm/string/replace.hpp:16,
                 from /tmp/tmp/built/BH/include/boost/date_time/date_facet.hpp:17,
                 from /tmp/tmp/built/BH/include/boost/date_time/gregorian/gregorian_io.hpp:16,
                 from /tmp/tmp/built/BH/include/boost/date_time/gregorian/gregorian.hpp:31,
                 from /tmp/tmp/built/BH/include/boost/date_time/posix_time/time_formatters.hpp:12,
                 from /tmp/tmp/built/BH/include/boost/date_time/posix_time/posix_time.hpp:24,
                 from /tmp/tmp/built/BH/include/boost/date_time/local_time/local_time.hpp:11,
                 from /tmp/tmp/built/BH/include/boost/date_time.hpp:15,
                 from anytime.cpp:25:
/tmp/tmp/built/BH/include/boost/concept/detail/general.hpp: In instantiation of ‘static void boost::concepts::constraint<Model>::failed() [with Model = boost::algorithm::FormatterConcept<boost::algorithm::detail::empty_formatF<char>, boost::algorithm::detail::first_finderF<const char*, boost::algorithm::is_equal>, __gnu_cxx::__normal_iterator<const char*, std::__cxx11::basic_string<char> > >]’:
/tmp/tmp/built/BH/include/boost/algorithm/string/find_format.hpp:103:13:   required from ‘void boost::algorithm::find_format_all(SequenceT&, FinderT, FormatterT) [with SequenceT = std::__cxx11::basic_string<char>; FinderT = boost::algorithm::detail::first_finderF<const char*, boost::algorithm::is_equal>; FormatterT = boost::algorithm::detail::empty_formatF<char>]’
/tmp/tmp/built/BH/include/boost/algorithm/string/erase.hpp:593:48:   required from ‘void boost::algorithm::erase_all(SequenceT&, const RangeT&) [with SequenceT = std::__cxx11::basic_string<char>; RangeT = const char*]’
/tmp/tmp/built/BH/include/boost/date_time/time_facet.hpp:321:38:   required from ‘OutItrT boost::date_time::time_facet<time_type, CharT, OutItrT>::put(OutItrT, std::ios_base&, boost::date_time::time_facet<time_type, CharT, OutItrT>::char_type, const time_type&) const [with time_type = boost::posix_time::ptime; CharT = char; OutItrT = std::ostreambuf_iterator<char, std::char_traits<char> >; boost::date_time::time_facet<time_type, CharT, OutItrT>::char_type = char]’
/tmp/tmp/built/BH/include/boost/date_time/posix_time/posix_time_io.hpp:52:58:   required from ‘std::basic_ostream<_CharT, _Traits>& boost::posix_time::operator<<(std::basic_ostream<_CharT, _Traits>&, const boost::posix_time::ptime&) [with CharT = char; TraitsT = std::char_traits<char>]’
anytime.cpp:166:95:   required from here
/tmp/tmp/built/BH/include/boost/concept/detail/general.hpp:65:52: warning: ‘this’ pointer is null [-Wnonnull]
   65 |     static void failed() { ((Model*)0)->constraints(); }
      |                            ~~~~~~~~~~~~~~~~~~~~~~~~^~
In file included from /tmp/tmp/built/BH/include/boost/algorithm/string/find_format.hpp:21,
                 from /tmp/tmp/built/BH/include/boost/algorithm/string/replace.hpp:22,
                 from /tmp/tmp/built/BH/include/boost/date_time/date_facet.hpp:17,
                 from /tmp/tmp/built/BH/include/boost/date_time/gregorian/gregorian_io.hpp:16,
                 from /tmp/tmp/built/BH/include/boost/date_time/gregorian/gregorian.hpp:31,
                 from /tmp/tmp/built/BH/include/boost/date_time/posix_time/time_formatters.hpp:12,
                 from /tmp/tmp/built/BH/include/boost/date_time/posix_time/posix_time.hpp:24,
                 from /tmp/tmp/built/BH/include/boost/date_time/local_time/local_time.hpp:11,
                 from /tmp/tmp/built/BH/include/boost/date_time.hpp:15,
                 from anytime.cpp:25:
/tmp/tmp/built/BH/include/boost/algorithm/string/concept.hpp:65:18: note: in a call to non-static member function ‘void boost::algorithm::FormatterConcept<FormatterT, FinderT, IteratorT>::constraints() [with FormatterT = boost::algorithm::detail::empty_formatF<char>; FinderT = boost::algorithm::detail::first_finderF<const char*, boost::algorithm::is_equal>; IteratorT = __gnu_cxx::__normal_iterator<const char*, std::__cxx11::basic_string<char> >]’
   65 |             void constraints()
      |                  ^~~~~~~~~~~
In file included from /tmp/tmp/built/BH/include/boost/concept/assert.hpp:35,
                 from /tmp/tmp/built/BH/include/boost/concept_check.hpp:20,
                 from /tmp/tmp/built/BH/include/boost/range/concepts.hpp:19,
                 from /tmp/tmp/built/BH/include/boost/range/size_type.hpp:20,
                 from /tmp/tmp/built/BH/include/boost/range/size.hpp:21,
                 from /tmp/tmp/built/BH/include/boost/range/functions.hpp:20,
                 from /tmp/tmp/built/BH/include/boost/range/iterator_range_core.hpp:38,
                 from /tmp/tmp/built/BH/include/boost/algorithm/string/replace.hpp:16,
                 from /tmp/tmp/built/BH/include/boost/date_time/date_facet.hpp:17,
                 from /tmp/tmp/built/BH/include/boost/date_time/gregorian/gregorian_io.hpp:16,
                 from /tmp/tmp/built/BH/include/boost/date_time/gregorian/gregorian.hpp:31,
                 from /tmp/tmp/built/BH/include/boost/date_time/posix_time/time_formatters.hpp:12,
                 from /tmp/tmp/built/BH/include/boost/date_time/posix_time/posix_time.hpp:24,
                 from /tmp/tmp/built/BH/include/boost/date_time/local_time/local_time.hpp:11,
                 from /tmp/tmp/built/BH/include/boost/date_time.hpp:15,
                 from anytime.cpp:25:
/tmp/tmp/built/BH/include/boost/concept/detail/general.hpp: In instantiation of ‘static void boost::concepts::constraint<Model>::failed() [with Model = boost::algorithm::FinderConcept<boost::algorithm::detail::first_finderF<__gnu_cxx::__normal_iterator<const char*, std::__cxx11::basic_string<char> >, boost::algorithm::is_equal>, __gnu_cxx::__normal_iterator<const char*, std::__cxx11::basic_string<char> > >]’:
/tmp/tmp/built/BH/include/boost/algorithm/string/find_format.hpp:98:13:   required from ‘void boost::algorithm::find_format_all(SequenceT&, FinderT, FormatterT) [with SequenceT = std::__cxx11::basic_string<char>; FinderT = boost::algorithm::detail::first_finderF<__gnu_cxx::__normal_iterator<const char*, std::__cxx11::basic_string<char> >, boost::algorithm::is_equal>; FormatterT = boost::algorithm::detail::empty_formatF<char>]’
/tmp/tmp/built/BH/include/boost/algorithm/string/erase.hpp:593:48:   required from ‘void boost::algorithm::erase_all(SequenceT&, const RangeT&) [with SequenceT = std::__cxx11::basic_string<char>; RangeT = std::__cxx11::basic_string<char>]’
/tmp/tmp/built/BH/include/boost/date_time/time_facet.hpp:339:38:   required from ‘OutItrT boost::date_time::time_facet<time_type, CharT, OutItrT>::put(OutItrT, std::ios_base&, boost::date_time::time_facet<time_type, CharT, OutItrT>::char_type, const time_type&) const [with time_type = boost::posix_time::ptime; CharT = char; OutItrT = std::ostreambuf_iterator<char, std::char_traits<char> >; boost::date_time::time_facet<time_type, CharT, OutItrT>::char_type = char]’
/tmp/tmp/built/BH/include/boost/date_time/posix_time/posix_time_io.hpp:52:58:   required from ‘std::basic_ostream<_CharT, _Traits>& boost::posix_time::operator<<(std::basic_ostream<_CharT, _Traits>&, const boost::posix_time::ptime&) [with CharT = char; TraitsT = std::char_traits<char>]’
anytime.cpp:166:95:   required from here
/tmp/tmp/built/BH/include/boost/concept/detail/general.hpp:65:52: warning: ‘this’ pointer is null [-Wnonnull]
   65 |     static void failed() { ((Model*)0)->constraints(); }
      |                            ~~~~~~~~~~~~~~~~~~~~~~~~^~
In file included from /tmp/tmp/built/BH/include/boost/algorithm/string/find_format.hpp:21,
                 from /tmp/tmp/built/BH/include/boost/algorithm/string/replace.hpp:22,
                 from /tmp/tmp/built/BH/include/boost/date_time/date_facet.hpp:17,
                 from /tmp/tmp/built/BH/include/boost/date_time/gregorian/gregorian_io.hpp:16,
                 from /tmp/tmp/built/BH/include/boost/date_time/gregorian/gregorian.hpp:31,
                 from /tmp/tmp/built/BH/include/boost/date_time/posix_time/time_formatters.hpp:12,
                 from /tmp/tmp/built/BH/include/boost/date_time/posix_time/posix_time.hpp:24,
                 from /tmp/tmp/built/BH/include/boost/date_time/local_time/local_time.hpp:11,
                 from /tmp/tmp/built/BH/include/boost/date_time.hpp:15,
                 from anytime.cpp:25:
/tmp/tmp/built/BH/include/boost/algorithm/string/concept.hpp:40:18: note: in a call to non-static member function ‘void boost::algorithm::FinderConcept<FinderT, IteratorT>::constraints() [with FinderT = boost::algorithm::detail::first_finderF<__gnu_cxx::__normal_iterator<const char*, std::__cxx11::basic_string<char> >, boost::algorithm::is_equal>; IteratorT = __gnu_cxx::__normal_iterator<const char*, std::__cxx11::basic_string<char> >]’
   40 |             void constraints()
      |                  ^~~~~~~~~~~
In file included from /tmp/tmp/built/BH/include/boost/concept/assert.hpp:35,
                 from /tmp/tmp/built/BH/include/boost/concept_check.hpp:20,
                 from /tmp/tmp/built/BH/include/boost/range/concepts.hpp:19,
                 from /tmp/tmp/built/BH/include/boost/range/size_type.hpp:20,
                 from /tmp/tmp/built/BH/include/boost/range/size.hpp:21,
                 from /tmp/tmp/built/BH/include/boost/range/functions.hpp:20,
                 from /tmp/tmp/built/BH/include/boost/range/iterator_range_core.hpp:38,
                 from /tmp/tmp/built/BH/include/boost/algorithm/string/replace.hpp:16,
                 from /tmp/tmp/built/BH/include/boost/date_time/date_facet.hpp:17,
                 from /tmp/tmp/built/BH/include/boost/date_time/gregorian/gregorian_io.hpp:16,
                 from /tmp/tmp/built/BH/include/boost/date_time/gregorian/gregorian.hpp:31,
                 from /tmp/tmp/built/BH/include/boost/date_time/posix_time/time_formatters.hpp:12,
                 from /tmp/tmp/built/BH/include/boost/date_time/posix_time/posix_time.hpp:24,
                 from /tmp/tmp/built/BH/include/boost/date_time/local_time/local_time.hpp:11,
                 from /tmp/tmp/built/BH/include/boost/date_time.hpp:15,
                 from anytime.cpp:25:
/tmp/tmp/built/BH/include/boost/concept/detail/general.hpp: In instantiation of ‘static void boost::concepts::constraint<Model>::failed() [with Model = boost::algorithm::FormatterConcept<boost::algorithm::detail::empty_formatF<char>, boost::algorithm::detail::first_finderF<__gnu_cxx::__normal_iterator<const char*, std::__cxx11::basic_string<char> >, boost::algorithm::is_equal>, __gnu_cxx::__normal_iterator<const char*, std::__cxx11::basic_string<char> > >]’:
/tmp/tmp/built/BH/include/boost/algorithm/string/find_format.hpp:103:13:   required from ‘void boost::algorithm::find_format_all(SequenceT&, FinderT, FormatterT) [with SequenceT = std::__cxx11::basic_string<char>; FinderT = boost::algorithm::detail::first_finderF<__gnu_cxx::__normal_iterator<const char*, std::__cxx11::basic_string<char> >, boost::algorithm::is_equal>; FormatterT = boost::algorithm::detail::empty_formatF<char>]’
/tmp/tmp/built/BH/include/boost/algorithm/string/erase.hpp:593:48:   required from ‘void boost::algorithm::erase_all(SequenceT&, const RangeT&) [with SequenceT = std::__cxx11::basic_string<char>; RangeT = std::__cxx11::basic_string<char>]’
/tmp/tmp/built/BH/include/boost/date_time/time_facet.hpp:339:38:   required from ‘OutItrT boost::date_time::time_facet<time_type, CharT, OutItrT>::put(OutItrT, std::ios_base&, boost::date_time::time_facet<time_type, CharT, OutItrT>::char_type, const time_type&) const [with time_type = boost::posix_time::ptime; CharT = char; OutItrT = std::ostreambuf_iterator<char, std::char_traits<char> >; boost::date_time::time_facet<time_type, CharT, OutItrT>::char_type = char]’
/tmp/tmp/built/BH/include/boost/date_time/posix_time/posix_time_io.hpp:52:58:   required from ‘std::basic_ostream<_CharT, _Traits>& boost::posix_time::operator<<(std::basic_ostream<_CharT, _Traits>&, const boost::posix_time::ptime&) [with CharT = char; TraitsT = std::char_traits<char>]’
anytime.cpp:166:95:   required from here
/tmp/tmp/built/BH/include/boost/concept/detail/general.hpp:65:52: warning: ‘this’ pointer is null [-Wnonnull]
   65 |     static void failed() { ((Model*)0)->constraints(); }
      |                            ~~~~~~~~~~~~~~~~~~~~~~~~^~
In file included from /tmp/tmp/built/BH/include/boost/algorithm/string/find_format.hpp:21,
                 from /tmp/tmp/built/BH/include/boost/algorithm/string/replace.hpp:22,
                 from /tmp/tmp/built/BH/include/boost/date_time/date_facet.hpp:17,
                 from /tmp/tmp/built/BH/include/boost/date_time/gregorian/gregorian_io.hpp:16,
                 from /tmp/tmp/built/BH/include/boost/date_time/gregorian/gregorian.hpp:31,
                 from /tmp/tmp/built/BH/include/boost/date_time/posix_time/time_formatters.hpp:12,
                 from /tmp/tmp/built/BH/include/boost/date_time/posix_time/posix_time.hpp:24,
                 from /tmp/tmp/built/BH/include/boost/date_time/local_time/local_time.hpp:11,
                 from /tmp/tmp/built/BH/include/boost/date_time.hpp:15,
                 from anytime.cpp:25:
/tmp/tmp/built/BH/include/boost/algorithm/string/concept.hpp:65:18: note: in a call to non-static member function ‘void boost::algorithm::FormatterConcept<FormatterT, FinderT, IteratorT>::constraints() [with FormatterT = boost::algorithm::detail::empty_formatF<char>; FinderT = boost::algorithm::detail::first_finderF<__gnu_cxx::__normal_iterator<const char*, std::__cxx11::basic_string<char> >, boost::algorithm::is_equal>; IteratorT = __gnu_cxx::__normal_iterator<const char*, std::__cxx11::basic_string<char> >]’
   65 |             void constraints()
      |                  ^~~~~~~~~~~
In file included from /tmp/tmp/built/BH/include/boost/concept/assert.hpp:35,
                 from /tmp/tmp/built/BH/include/boost/concept_check.hpp:20,
                 from /tmp/tmp/built/BH/include/boost/range/concepts.hpp:19,
                 from /tmp/tmp/built/BH/include/boost/range/size_type.hpp:20,
                 from /tmp/tmp/built/BH/include/boost/range/size.hpp:21,
                 from /tmp/tmp/built/BH/include/boost/range/functions.hpp:20,
                 from /tmp/tmp/built/BH/include/boost/range/iterator_range_core.hpp:38,
                 from /tmp/tmp/built/BH/include/boost/algorithm/string/replace.hpp:16,
                 from /tmp/tmp/built/BH/include/boost/date_time/date_facet.hpp:17,
                 from /tmp/tmp/built/BH/include/boost/date_time/gregorian/gregorian_io.hpp:16,
                 from /tmp/tmp/built/BH/include/boost/date_time/gregorian/gregorian.hpp:31,
                 from /tmp/tmp/built/BH/include/boost/date_time/posix_time/time_formatters.hpp:12,
                 from /tmp/tmp/built/BH/include/boost/date_time/posix_time/posix_time.hpp:24,
                 from /tmp/tmp/built/BH/include/boost/date_time/local_time/local_time.hpp:11,
                 from /tmp/tmp/built/BH/include/boost/date_time.hpp:15,
                 from anytime.cpp:25:
/tmp/tmp/built/BH/include/boost/concept/detail/general.hpp: In instantiation of ‘static void boost::concepts::requirement<boost::concepts::failed************ Model::************>::failed() [with Model = boost::concepts::usage_requirements<boost::CopyConstructible<__gnu_cxx::__normal_iterator<const char*, std::__cxx11::basic_string<char> > > >]’:
/tmp/tmp/built/BH/include/boost/concept_check.hpp:167:5:   required from ‘struct boost::CopyConstructible<__gnu_cxx::__normal_iterator<const char*, std::__cxx11::basic_string<char> > >’
/tmp/tmp/built/BH/include/boost/range/concepts.hpp:125:16:   required from ‘struct boost::range_detail::IncrementableIteratorConcept<__gnu_cxx::__normal_iterator<const char*, std::__cxx11::basic_string<char> > >’
/tmp/tmp/built/BH/include/boost/range/concepts.hpp:147:16:   required from ‘struct boost::range_detail::SinglePassIteratorConcept<__gnu_cxx::__normal_iterator<const char*, std::__cxx11::basic_string<char> > >’
/tmp/tmp/built/BH/include/boost/concept/detail/has_constraints.hpp:32:62:   required by substitution of ‘template<class Model> boost::concepts::detail::yes boost::concepts::detail::has_constraints_(Model*, boost::concepts::detail::wrap_constraints<Model, (& Model::constraints)>*) [with Model = boost::range_detail::SinglePassIteratorConcept<__gnu_cxx::__normal_iterator<const char*, std::__cxx11::basic_string<char> > >]’
/tmp/tmp/built/BH/include/boost/concept/detail/has_constraints.hpp:42:5:   required from ‘const bool boost::concepts::not_satisfied<boost::range_detail::SinglePassIteratorConcept<__gnu_cxx::__normal_iterator<const char*, std::__cxx11::basic_string<char> > > >::value’
/tmp/tmp/built/BH/include/boost/concept/detail/has_constraints.hpp:45:51:   [ skipping 14 instantiation contexts, use -ftemplate-backtrace-limit=0 to disable ]
/tmp/tmp/built/BH/include/boost/iterator/iterator_facade.hpp:982:3:   required from ‘typename boost::iterators::detail::enable_if_interoperable<Derived1, Derived2, typename boost::mpl::apply2<boost::iterators::detail::always_bool2, Derived1, Derived2>::type>::type boost::iterators::operator!=(const boost::iterators::iterator_facade<Derived1, V1, TC1, Reference1, Difference1>&, const boost::iterators::iterator_facade<Derived2, V2, TC2, Reference2, Difference2>&) [with Derived1 = boost::iterators::transform_iterator<boost::algorithm::detail::copy_iterator_rangeF<std::__cxx11::basic_string<char>, __gnu_cxx::__normal_iterator<const char*, std::__cxx11::basic_string<char> > >, boost::algorithm::split_iterator<__gnu_cxx::__normal_iterator<const char*, std::__cxx11::basic_string<char> > >, boost::use_default, boost::use_default>; V1 = std::__cxx11::basic_string<char>; TC1 = boost::iterators::forward_traversal_tag; Reference1 = std::__cxx11::basic_string<char>; Difference1 = long int; Derived2 = boost::iterators::transform_iterator<boost::algorithm::detail::copy_iterator_rangeF<std::__cxx11::basic_string<char>, __gnu_cxx::__normal_iterator<const char*, std::__cxx11::basic_string<char> > >, boost::algorithm::split_iterator<__gnu_cxx::__normal_iterator<const char*, std::__cxx11::basic_string<char> > >, boost::use_default, boost::use_default>; V2 = std::__cxx11::basic_string<char>; TC2 = boost::iterators::forward_traversal_tag; Reference2 = std::__cxx11::basic_string<char>; Difference2 = long int; typename boost::iterators::detail::enable_if_interoperable<Derived1, Derived2, typename boost::mpl::apply2<boost::iterators::detail::always_bool2, Derived1, Derived2>::type>::type = bool; typename boost::mpl::apply2<boost::iterators::detail::always_bool2, Derived1, Derived2>::type = bool]’
/usr/include/c++/11/bits/stl_vector.h:1562:21:   required from ‘void std::vector<_Tp, _Alloc>::_M_range_initialize(_InputIterator, _InputIterator, std::input_iterator_tag) [with _InputIterator = boost::iterators::transform_iterator<boost::algorithm::detail::copy_iterator_rangeF<std::__cxx11::basic_string<char>, __gnu_cxx::__normal_iterator<const char*, std::__cxx11::basic_string<char> > >, boost::algorithm::split_iterator<__gnu_cxx::__normal_iterator<const char*, std::__cxx11::basic_string<char> > >, boost::use_default, boost::use_default>; _Tp = std::__cxx11::basic_string<char>; _Alloc = std::allocator<std::__cxx11::basic_string<char> >]’
/usr/include/c++/11/bits/stl_vector.h:657:23:   required from ‘std::vector<_Tp, _Alloc>::vector(_InputIterator, _InputIterator, const allocator_type&) [with _InputIterator = boost::iterators::transform_iterator<boost::algorithm::detail::copy_iterator_rangeF<std::__cxx11::basic_string<char>, __gnu_cxx::__normal_iterator<const char*, std::__cxx11::basic_string<char> > >, boost::algorithm::split_iterator<__gnu_cxx::__normal_iterator<const char*, std::__cxx11::basic_string<char> > >, boost::use_default, boost::use_default>; <template-parameter-2-2> = void; _Tp = std::__cxx11::basic_string<char>; _Alloc = std::allocator<std::__cxx11::basic_string<char> >; std::vector<_Tp, _Alloc>::allocator_type = std::allocator<std::__cxx11::basic_string<char> >]’
/tmp/tmp/built/BH/include/boost/algorithm/string/iter_find.hpp:186:31:   required from ‘SequenceSequenceT& boost::algorithm::iter_split(SequenceSequenceT&, RangeT&&, FinderT) [with SequenceSequenceT = std::vector<std::__cxx11::basic_string<char> >; RangeT = const std::__cxx11::basic_string<char>&; FinderT = boost::algorithm::detail::token_finderF<boost::algorithm::detail::is_any_ofF<char> >]’
/tmp/tmp/built/BH/include/boost/algorithm/string/split.hpp:158:50:   required from ‘SequenceSequenceT& boost::algorithm::split(SequenceSequenceT&, RangeT&&, PredicateT, boost::algorithm::token_compress_mode_type) [with SequenceSequenceT = std::vector<std::__cxx11::basic_string<char> >; RangeT = const std::__cxx11::basic_string<char>&; PredicateT = boost::algorithm::detail::is_any_ofF<char>]’
anytime.cpp:248:17:   required from here
/tmp/tmp/built/BH/include/boost/concept/detail/general.hpp:50:47: warning: ‘this’ pointer is null [-Wnonnull]
   50 |     static void failed() { ((Model*)0)->~Model(); }
      |                            ~~~~~~~~~~~~~~~~~~~^~
In file included from /tmp/tmp/built/BH/include/boost/concept_check.hpp:31,
                 from /tmp/tmp/built/BH/include/boost/range/concepts.hpp:19,
                 from /tmp/tmp/built/BH/include/boost/range/size_type.hpp:20,
                 from /tmp/tmp/built/BH/include/boost/range/size.hpp:21,
                 from /tmp/tmp/built/BH/include/boost/range/functions.hpp:20,
                 from /tmp/tmp/built/BH/include/boost/range/iterator_range_core.hpp:38,
                 from /tmp/tmp/built/BH/include/boost/algorithm/string/replace.hpp:16,
                 from /tmp/tmp/built/BH/include/boost/date_time/date_facet.hpp:17,
                 from /tmp/tmp/built/BH/include/boost/date_time/gregorian/gregorian_io.hpp:16,
                 from /tmp/tmp/built/BH/include/boost/date_time/gregorian/gregorian.hpp:31,
                 from /tmp/tmp/built/BH/include/boost/date_time/posix_time/time_formatters.hpp:12,
                 from /tmp/tmp/built/BH/include/boost/date_time/posix_time/posix_time.hpp:24,
                 from /tmp/tmp/built/BH/include/boost/date_time/local_time/local_time.hpp:11,
                 from /tmp/tmp/built/BH/include/boost/date_time.hpp:15,
                 from anytime.cpp:25:
/tmp/tmp/built/BH/include/boost/concept/usage.hpp:20:5: note: in a call to non-static member function ‘boost::concepts::usage_requirements<Model>::~usage_requirements() [with Model = boost::CopyConstructible<__gnu_cxx::__normal_iterator<const char*, std::__cxx11::basic_string<char> > >]’
   20 |     ~usage_requirements() { ((Model*)0)->~Model(); }
      |     ^
In file included from /tmp/tmp/built/BH/include/boost/concept/assert.hpp:35,
                 from /tmp/tmp/built/BH/include/boost/concept_check.hpp:20,
                 from /tmp/tmp/built/BH/include/boost/range/concepts.hpp:19,
                 from /tmp/tmp/built/BH/include/boost/range/size_type.hpp:20,
                 from /tmp/tmp/built/BH/include/boost/range/size.hpp:21,
                 from /tmp/tmp/built/BH/include/boost/range/functions.hpp:20,
                 from /tmp/tmp/built/BH/include/boost/range/iterator_range_core.hpp:38,
                 from /tmp/tmp/built/BH/include/boost/algorithm/string/replace.hpp:16,
                 from /tmp/tmp/built/BH/include/boost/date_time/date_facet.hpp:17,
                 from /tmp/tmp/built/BH/include/boost/date_time/gregorian/gregorian_io.hpp:16,
                 from /tmp/tmp/built/BH/include/boost/date_time/gregorian/gregorian.hpp:31,
                 from /tmp/tmp/built/BH/include/boost/date_time/posix_time/time_formatters.hpp:12,
                 from /tmp/tmp/built/BH/include/boost/date_time/posix_time/posix_time.hpp:24,
                 from /tmp/tmp/built/BH/include/boost/date_time/local_time/local_time.hpp:11,
                 from /tmp/tmp/built/BH/include/boost/date_time.hpp:15,
                 from anytime.cpp:25:
/tmp/tmp/built/BH/include/boost/concept/detail/general.hpp: In instantiation of ‘static void boost::concepts::requirement<boost::concepts::failed************ Model::************>::failed() [with Model = boost::concepts::usage_requirements<boost::Convertible<boost::iterators::random_access_traversal_tag, boost::iterators::incrementable_traversal_tag> >]’:
/tmp/tmp/built/BH/include/boost/concept_check.hpp:208:5:   required from ‘struct boost::Convertible<boost::iterators::random_access_traversal_tag, boost::iterators::incrementable_traversal_tag>’
/tmp/tmp/built/BH/include/boost/concept/detail/has_constraints.hpp:32:62:   required by substitution of ‘template<class Model> boost::concepts::detail::yes boost::concepts::detail::has_constraints_(Model*, boost::concepts::detail::wrap_constraints<Model, (& Model::constraints)>*) [with Model = boost::Convertible<boost::iterators::random_access_traversal_tag, boost::iterators::incrementable_traversal_tag>]’
/tmp/tmp/built/BH/include/boost/concept/detail/has_constraints.hpp:42:5:   required from ‘const bool boost::concepts::not_satisfied<boost::Convertible<boost::iterators::random_access_traversal_tag, boost::iterators::incrementable_traversal_tag> >::value’
/tmp/tmp/built/BH/include/boost/concept/detail/has_constraints.hpp:45:51:   required from ‘struct boost::concepts::not_satisfied<boost::Convertible<boost::iterators::random_access_traversal_tag, boost::iterators::incrementable_traversal_tag> >’
/tmp/tmp/built/BH/include/boost/concept/detail/general.hpp:72:8:   required from ‘struct boost::concepts::requirement_<void (*)(boost::Convertible<boost::iterators::random_access_traversal_tag, boost::iterators::incrementable_traversal_tag>)>’
/tmp/tmp/built/BH/include/boost/iterator/iterator_concepts.hpp:114:7:   [ skipping 18 instantiation contexts, use -ftemplate-backtrace-limit=0 to disable ]
/tmp/tmp/built/BH/include/boost/iterator/iterator_facade.hpp:982:3:   required from ‘typename boost::iterators::detail::enable_if_interoperable<Derived1, Derived2, typename boost::mpl::apply2<boost::iterators::detail::always_bool2, Derived1, Derived2>::type>::type boost::iterators::operator!=(const boost::iterators::iterator_facade<Derived1, V1, TC1, Reference1, Difference1>&, const boost::iterators::iterator_facade<Derived2, V2, TC2, Reference2, Difference2>&) [with Derived1 = boost::iterators::transform_iterator<boost::algorithm::detail::copy_iterator_rangeF<std::__cxx11::basic_string<char>, __gnu_cxx::__normal_iterator<const char*, std::__cxx11::basic_string<char> > >, boost::algorithm::split_iterator<__gnu_cxx::__normal_iterator<const char*, std::__cxx11::basic_string<char> > >, boost::use_default, boost::use_default>; V1 = std::__cxx11::basic_string<char>; TC1 = boost::iterators::forward_traversal_tag; Reference1 = std::__cxx11::basic_string<char>; Difference1 = long int; Derived2 = boost::iterators::transform_iterator<boost::algorithm::detail::copy_iterator_rangeF<std::__cxx11::basic_string<char>, __gnu_cxx::__normal_iterator<const char*, std::__cxx11::basic_string<char> > >, boost::algorithm::split_iterator<__gnu_cxx::__normal_iterator<const char*, std::__cxx11::basic_string<char> > >, boost::use_default, boost::use_default>; V2 = std::__cxx11::basic_string<char>; TC2 = boost::iterators::forward_traversal_tag; Reference2 = std::__cxx11::basic_string<char>; Difference2 = long int; typename boost::iterators::detail::enable_if_interoperable<Derived1, Derived2, typename boost::mpl::apply2<boost::iterators::detail::always_bool2, Derived1, Derived2>::type>::type = bool; typename boost::mpl::apply2<boost::iterators::detail::always_bool2, Derived1, Derived2>::type = bool]’
/usr/include/c++/11/bits/stl_vector.h:1562:21:   required from ‘void std::vector<_Tp, _Alloc>::_M_range_initialize(_InputIterator, _InputIterator, std::input_iterator_tag) [with _InputIterator = boost::iterators::transform_iterator<boost::algorithm::detail::copy_iterator_rangeF<std::__cxx11::basic_string<char>, __gnu_cxx::__normal_iterator<const char*, std::__cxx11::basic_string<char> > >, boost::algorithm::split_iterator<__gnu_cxx::__normal_iterator<const char*, std::__cxx11::basic_string<char> > >, boost::use_default, boost::use_default>; _Tp = std::__cxx11::basic_string<char>; _Alloc = std::allocator<std::__cxx11::basic_string<char> >]’
/usr/include/c++/11/bits/stl_vector.h:657:23:   required from ‘std::vector<_Tp, _Alloc>::vector(_InputIterator, _InputIterator, const allocator_type&) [with _InputIterator = boost::iterators::transform_iterator<boost::algorithm::detail::copy_iterator_rangeF<std::__cxx11::basic_string<char>, __gnu_cxx::__normal_iterator<const char*, std::__cxx11::basic_string<char> > >, boost::algorithm::split_iterator<__gnu_cxx::__normal_iterator<const char*, std::__cxx11::basic_string<char> > >, boost::use_default, boost::use_default>; <template-parameter-2-2> = void; _Tp = std::__cxx11::basic_string<char>; _Alloc = std::allocator<std::__cxx11::basic_string<char> >; std::vector<_Tp, _Alloc>::allocator_type = std::allocator<std::__cxx11::basic_string<char> >]’
/tmp/tmp/built/BH/include/boost/algorithm/string/iter_find.hpp:186:31:   required from ‘SequenceSequenceT& boost::algorithm::iter_split(SequenceSequenceT&, RangeT&&, FinderT) [with SequenceSequenceT = std::vector<std::__cxx11::basic_string<char> >; RangeT = const std::__cxx11::basic_string<char>&; FinderT = boost::algorithm::detail::token_finderF<boost::algorithm::detail::is_any_ofF<char> >]’
/tmp/tmp/built/BH/include/boost/algorithm/string/split.hpp:158:50:   required from ‘SequenceSequenceT& boost::algorithm::split(SequenceSequenceT&, RangeT&&, PredicateT, boost::algorithm::token_compress_mode_type) [with SequenceSequenceT = std::vector<std::__cxx11::basic_string<char> >; RangeT = const std::__cxx11::basic_string<char>&; PredicateT = boost::algorithm::detail::is_any_ofF<char>]’
anytime.cpp:248:17:   required from here
/tmp/tmp/built/BH/include/boost/concept/detail/general.hpp:50:47: warning: ‘this’ pointer is null [-Wnonnull]
   50 |     static void failed() { ((Model*)0)->~Model(); }
      |                            ~~~~~~~~~~~~~~~~~~~^~
In file included from /tmp/tmp/built/BH/include/boost/concept_check.hpp:31,
                 from /tmp/tmp/built/BH/include/boost/range/concepts.hpp:19,
                 from /tmp/tmp/built/BH/include/boost/range/size_type.hpp:20,
                 from /tmp/tmp/built/BH/include/boost/range/size.hpp:21,
                 from /tmp/tmp/built/BH/include/boost/range/functions.hpp:20,
                 from /tmp/tmp/built/BH/include/boost/range/iterator_range_core.hpp:38,
                 from /tmp/tmp/built/BH/include/boost/algorithm/string/replace.hpp:16,
                 from /tmp/tmp/built/BH/include/boost/date_time/date_facet.hpp:17,
                 from /tmp/tmp/built/BH/include/boost/date_time/gregorian/gregorian_io.hpp:16,
                 from /tmp/tmp/built/BH/include/boost/date_time/gregorian/gregorian.hpp:31,
                 from /tmp/tmp/built/BH/include/boost/date_time/posix_time/time_formatters.hpp:12,
                 from /tmp/tmp/built/BH/include/boost/date_time/posix_time/posix_time.hpp:24,
                 from /tmp/tmp/built/BH/include/boost/date_time/local_time/local_time.hpp:11,
                 from /tmp/tmp/built/BH/include/boost/date_time.hpp:15,
                 from anytime.cpp:25:
/tmp/tmp/built/BH/include/boost/concept/usage.hpp:20:5: note: in a call to non-static member function ‘boost::concepts::usage_requirements<Model>::~usage_requirements() [with Model = boost::Convertible<boost::iterators::random_access_traversal_tag, boost::iterators::incrementable_traversal_tag>]’
   20 |     ~usage_requirements() { ((Model*)0)->~Model(); }
      |     ^
In file included from /tmp/tmp/built/BH/include/boost/concept/assert.hpp:35,
                 from /tmp/tmp/built/BH/include/boost/concept_check.hpp:20,
                 from /tmp/tmp/built/BH/include/boost/range/concepts.hpp:19,
                 from /tmp/tmp/built/BH/include/boost/range/size_type.hpp:20,
                 from /tmp/tmp/built/BH/include/boost/range/size.hpp:21,
                 from /tmp/tmp/built/BH/include/boost/range/functions.hpp:20,
                 from /tmp/tmp/built/BH/include/boost/range/iterator_range_core.hpp:38,
                 from /tmp/tmp/built/BH/include/boost/algorithm/string/replace.hpp:16,
                 from /tmp/tmp/built/BH/include/boost/date_time/date_facet.hpp:17,
                 from /tmp/tmp/built/BH/include/boost/date_time/gregorian/gregorian_io.hpp:16,
                 from /tmp/tmp/built/BH/include/boost/date_time/gregorian/gregorian.hpp:31,
                 from /tmp/tmp/built/BH/include/boost/date_time/posix_time/time_formatters.hpp:12,
                 from /tmp/tmp/built/BH/include/boost/date_time/posix_time/posix_time.hpp:24,
                 from /tmp/tmp/built/BH/include/boost/date_time/local_time/local_time.hpp:11,
                 from /tmp/tmp/built/BH/include/boost/date_time.hpp:15,
                 from anytime.cpp:25:
/tmp/tmp/built/BH/include/boost/concept/detail/general.hpp: In instantiation of ‘static void boost::concepts::requirement<boost::concepts::failed************ Model::************>::failed() [with Model = boost::Convertible<boost::iterators::random_access_traversal_tag, boost::iterators::incrementable_traversal_tag>]’:
/tmp/tmp/built/BH/include/boost/iterator/iterator_concepts.hpp:114:7:   required from ‘struct boost::range_detail::IncrementableIteratorConcept<__gnu_cxx::__normal_iterator<const char*, std::__cxx11::basic_string<char> > >’
/tmp/tmp/built/BH/include/boost/range/concepts.hpp:147:16:   required from ‘struct boost::range_detail::SinglePassIteratorConcept<__gnu_cxx::__normal_iterator<const char*, std::__cxx11::basic_string<char> > >’
/tmp/tmp/built/BH/include/boost/concept/detail/has_constraints.hpp:32:62:   required by substitution of ‘template<class Model> boost::concepts::detail::yes boost::concepts::detail::has_constraints_(Model*, boost::concepts::detail::wrap_constraints<Model, (& Model::constraints)>*) [with Model = boost::range_detail::SinglePassIteratorConcept<__gnu_cxx::__normal_iterator<const char*, std::__cxx11::basic_string<char> > >]’
/tmp/tmp/built/BH/include/boost/concept/detail/has_constraints.hpp:42:5:   required from ‘const bool boost::concepts::not_satisfied<boost::range_detail::SinglePassIteratorConcept<__gnu_cxx::__normal_iterator<const char*, std::__cxx11::basic_string<char> > > >::value’
/tmp/tmp/built/BH/include/boost/concept/detail/has_constraints.hpp:45:51:   required from ‘struct boost::concepts::not_satisfied<boost::range_detail::SinglePassIteratorConcept<__gnu_cxx::__normal_iterator<const char*, std::__cxx11::basic_string<char> > > >’
/tmp/tmp/built/BH/include/boost/concept/detail/general.hpp:72:8:   [ skipping 13 instantiation contexts, use -ftemplate-backtrace-limit=0 to disable ]
/tmp/tmp/built/BH/include/boost/iterator/iterator_facade.hpp:982:3:   required from ‘typename boost::iterators::detail::enable_if_interoperable<Derived1, Derived2, typename boost::mpl::apply2<boost::iterators::detail::always_bool2, Derived1, Derived2>::type>::type boost::iterators::operator!=(const boost::iterators::iterator_facade<Derived1, V1, TC1, Reference1, Difference1>&, const boost::iterators::iterator_facade<Derived2, V2, TC2, Reference2, Difference2>&) [with Derived1 = boost::iterators::transform_iterator<boost::algorithm::detail::copy_iterator_rangeF<std::__cxx11::basic_string<char>, __gnu_cxx::__normal_iterator<const char*, std::__cxx11::basic_string<char> > >, boost::algorithm::split_iterator<__gnu_cxx::__normal_iterator<const char*, std::__cxx11::basic_string<char> > >, boost::use_default, boost::use_default>; V1 = std::__cxx11::basic_string<char>; TC1 = boost::iterators::forward_traversal_tag; Reference1 = std::__cxx11::basic_string<char>; Difference1 = long int; Derived2 = boost::iterators::transform_iterator<boost::algorithm::detail::copy_iterator_rangeF<std::__cxx11::basic_string<char>, __gnu_cxx::__normal_iterator<const char*, std::__cxx11::basic_string<char> > >, boost::algorithm::split_iterator<__gnu_cxx::__normal_iterator<const char*, std::__cxx11::basic_string<char> > >, boost::use_default, boost::use_default>; V2 = std::__cxx11::basic_string<char>; TC2 = boost::iterators::forward_traversal_tag; Reference2 = std::__cxx11::basic_string<char>; Difference2 = long int; typename boost::iterators::detail::enable_if_interoperable<Derived1, Derived2, typename boost::mpl::apply2<boost::iterators::detail::always_bool2, Derived1, Derived2>::type>::type = bool; typename boost::mpl::apply2<boost::iterators::detail::always_bool2, Derived1, Derived2>::type = bool]’
/usr/include/c++/11/bits/stl_vector.h:1562:21:   required from ‘void std::vector<_Tp, _Alloc>::_M_range_initialize(_InputIterator, _InputIterator, std::input_iterator_tag) [with _InputIterator = boost::iterators::transform_iterator<boost::algorithm::detail::copy_iterator_rangeF<std::__cxx11::basic_string<char>, __gnu_cxx::__normal_iterator<const char*, std::__cxx11::basic_string<char> > >, boost::algorithm::split_iterator<__gnu_cxx::__normal_iterator<const char*, std::__cxx11::basic_string<char> > >, boost::use_default, boost::use_default>; _Tp = std::__cxx11::basic_string<char>; _Alloc = std::allocator<std::__cxx11::basic_string<char> >]’
/usr/include/c++/11/bits/stl_vector.h:657:23:   required from ‘std::vector<_Tp, _Alloc>::vector(_InputIterator, _InputIterator, const allocator_type&) [with _InputIterator = boost::iterators::transform_iterator<boost::algorithm::detail::copy_iterator_rangeF<std::__cxx11::basic_string<char>, __gnu_cxx::__normal_iterator<const char*, std::__cxx11::basic_string<char> > >, boost::algorithm::split_iterator<__gnu_cxx::__normal_iterator<const char*, std::__cxx11::basic_string<char> > >, boost::use_default, boost::use_default>; <template-parameter-2-2> = void; _Tp = std::__cxx11::basic_string<char>; _Alloc = std::allocator<std::__cxx11::basic_string<char> >; std::vector<_Tp, _Alloc>::allocator_type = std::allocator<std::__cxx11::basic_string<char> >]’
/tmp/tmp/built/BH/include/boost/algorithm/string/iter_find.hpp:186:31:   required from ‘SequenceSequenceT& boost::algorithm::iter_split(SequenceSequenceT&, RangeT&&, FinderT) [with SequenceSequenceT = std::vector<std::__cxx11::basic_string<char> >; RangeT = const std::__cxx11::basic_string<char>&; FinderT = boost::algorithm::detail::token_finderF<boost::algorithm::detail::is_any_ofF<char> >]’
/tmp/tmp/built/BH/include/boost/algorithm/string/split.hpp:158:50:   required from ‘SequenceSequenceT& boost::algorithm::split(SequenceSequenceT&, RangeT&&, PredicateT, boost::algorithm::token_compress_mode_type) [with SequenceSequenceT = std::vector<std::__cxx11::basic_string<char> >; RangeT = const std::__cxx11::basic_string<char>&; PredicateT = boost::algorithm::detail::is_any_ofF<char>]’
anytime.cpp:248:17:   required from here
/tmp/tmp/built/BH/include/boost/concept/detail/general.hpp:50:47: warning: ‘this’ pointer is null [-Wnonnull]
   50 |     static void failed() { ((Model*)0)->~Model(); }
      |                            ~~~~~~~~~~~~~~~~~~~^~
In file included from /tmp/tmp/built/BH/include/boost/concept_check.hpp:31,
                 from /tmp/tmp/built/BH/include/boost/range/concepts.hpp:19,
                 from /tmp/tmp/built/BH/include/boost/range/size_type.hpp:20,
                 from /tmp/tmp/built/BH/include/boost/range/size.hpp:21,
                 from /tmp/tmp/built/BH/include/boost/range/functions.hpp:20,
                 from /tmp/tmp/built/BH/include/boost/range/iterator_range_core.hpp:38,
                 from /tmp/tmp/built/BH/include/boost/algorithm/string/replace.hpp:16,
                 from /tmp/tmp/built/BH/include/boost/date_time/date_facet.hpp:17,
                 from /tmp/tmp/built/BH/include/boost/date_time/gregorian/gregorian_io.hpp:16,
                 from /tmp/tmp/built/BH/include/boost/date_time/gregorian/gregorian.hpp:31,
                 from /tmp/tmp/built/BH/include/boost/date_time/posix_time/time_formatters.hpp:12,
                 from /tmp/tmp/built/BH/include/boost/date_time/posix_time/posix_time.hpp:24,
                 from /tmp/tmp/built/BH/include/boost/date_time/local_time/local_time.hpp:11,
                 from /tmp/tmp/built/BH/include/boost/date_time.hpp:15,
                 from anytime.cpp:25:
/tmp/tmp/built/BH/include/boost/concept/usage.hpp:37:7: note: in a call to non-static member function ‘boost::Convertible<X, Y>::~Convertible() [with X = boost::iterators::random_access_traversal_tag; Y = boost::iterators::incrementable_traversal_tag]’
   37 |       ~model()
      |       ^
/tmp/tmp/built/BH/include/boost/concept_check.hpp:208:5: note: in expansion of macro ‘BOOST_CONCEPT_USAGE’
  208 |     BOOST_CONCEPT_USAGE(Convertible) {
      |     ^~~~~~~~~~~~~~~~~~~
In file included from /tmp/tmp/built/BH/include/boost/concept/assert.hpp:35,
                 from /tmp/tmp/built/BH/include/boost/concept_check.hpp:20,
                 from /tmp/tmp/built/BH/include/boost/range/concepts.hpp:19,
                 from /tmp/tmp/built/BH/include/boost/range/size_type.hpp:20,
                 from /tmp/tmp/built/BH/include/boost/range/size.hpp:21,
                 from /tmp/tmp/built/BH/include/boost/range/functions.hpp:20,
                 from /tmp/tmp/built/BH/include/boost/range/iterator_range_core.hpp:38,
                 from /tmp/tmp/built/BH/include/boost/algorithm/string/replace.hpp:16,
                 from /tmp/tmp/built/BH/include/boost/date_time/date_facet.hpp:17,
                 from /tmp/tmp/built/BH/include/boost/date_time/gregorian/gregorian_io.hpp:16,
                 from /tmp/tmp/built/BH/include/boost/date_time/gregorian/gregorian.hpp:31,
                 from /tmp/tmp/built/BH/include/boost/date_time/posix_time/time_formatters.hpp:12,
                 from /tmp/tmp/built/BH/include/boost/date_time/posix_time/posix_time.hpp:24,
                 from /tmp/tmp/built/BH/include/boost/date_time/local_time/local_time.hpp:11,
                 from /tmp/tmp/built/BH/include/boost/date_time.hpp:15,
                 from anytime.cpp:25:
/tmp/tmp/built/BH/include/boost/concept/detail/general.hpp: In instantiation of ‘static void boost::concepts::requirement<boost::concepts::failed************ Model::************>::failed() [with Model = boost::concepts::usage_requirements<boost::range_detail::IncrementableIteratorConcept<__gnu_cxx::__normal_iterator<const char*, std::__cxx11::basic_string<char> > > >]’:
/tmp/tmp/built/BH/include/boost/range/concepts.hpp:136:13:   required from ‘struct boost::range_detail::IncrementableIteratorConcept<__gnu_cxx::__normal_iterator<const char*, std::__cxx11::basic_string<char> > >’
/tmp/tmp/built/BH/include/boost/range/concepts.hpp:147:16:   required from ‘struct boost::range_detail::SinglePassIteratorConcept<__gnu_cxx::__normal_iterator<const char*, std::__cxx11::basic_string<char> > >’
/tmp/tmp/built/BH/include/boost/concept/detail/has_constraints.hpp:32:62:   required by substitution of ‘template<class Model> boost::concepts::detail::yes boost::concepts::detail::has_constraints_(Model*, boost::concepts::detail::wrap_constraints<Model, (& Model::constraints)>*) [with Model = boost::range_detail::SinglePassIteratorConcept<__gnu_cxx::__normal_iterator<const char*, std::__cxx11::basic_string<char> > >]’
/tmp/tmp/built/BH/include/boost/concept/detail/has_constraints.hpp:42:5:   required from ‘const bool boost::concepts::not_satisfied<boost::range_detail::SinglePassIteratorConcept<__gnu_cxx::__normal_iterator<const char*, std::__cxx11::basic_string<char> > > >::value’
/tmp/tmp/built/BH/include/boost/concept/detail/has_constraints.hpp:45:51:   required from ‘struct boost::concepts::not_satisfied<boost::range_detail::SinglePassIteratorConcept<__gnu_cxx::__normal_iterator<const char*, std::__cxx11::basic_string<char> > > >’
/tmp/tmp/built/BH/include/boost/concept/detail/general.hpp:72:8:   [ skipping 13 instantiation contexts, use -ftemplate-backtrace-limit=0 to disable ]
/tmp/tmp/built/BH/include/boost/iterator/iterator_facade.hpp:982:3:   required from ‘typename boost::iterators::detail::enable_if_interoperable<Derived1, Derived2, typename boost::mpl::apply2<boost::iterators::detail::always_bool2, Derived1, Derived2>::type>::type boost::iterators::operator!=(const boost::iterators::iterator_facade<Derived1, V1, TC1, Reference1, Difference1>&, const boost::iterators::iterator_facade<Derived2, V2, TC2, Reference2, Difference2>&) [with Derived1 = boost::iterators::transform_iterator<boost::algorithm::detail::copy_iterator_rangeF<std::__cxx11::basic_string<char>, __gnu_cxx::__normal_iterator<const char*, std::__cxx11::basic_string<char> > >, boost::algorithm::split_iterator<__gnu_cxx::__normal_iterator<const char*, std::__cxx11::basic_string<char> > >, boost::use_default, boost::use_default>; V1 = std::__cxx11::basic_string<char>; TC1 = boost::iterators::forward_traversal_tag; Reference1 = std::__cxx11::basic_string<char>; Difference1 = long int; Derived2 = boost::iterators::transform_iterator<boost::algorithm::detail::copy_iterator_rangeF<std::__cxx11::basic_string<char>, __gnu_cxx::__normal_iterator<const char*, std::__cxx11::basic_string<char> > >, boost::algorithm::split_iterator<__gnu_cxx::__normal_iterator<const char*, std::__cxx11::basic_string<char> > >, boost::use_default, boost::use_default>; V2 = std::__cxx11::basic_string<char>; TC2 = boost::iterators::forward_traversal_tag; Reference2 = std::__cxx11::basic_string<char>; Difference2 = long int; typename boost::iterators::detail::enable_if_interoperable<Derived1, Derived2, typename boost::mpl::apply2<boost::iterators::detail::always_bool2, Derived1, Derived2>::type>::type = bool; typename boost::mpl::apply2<boost::iterators::detail::always_bool2, Derived1, Derived2>::type = bool]’
/usr/include/c++/11/bits/stl_vector.h:1562:21:   required from ‘void std::vector<_Tp, _Alloc>::_M_range_initialize(_InputIterator, _InputIterator, std::input_iterator_tag) [with _InputIterator = boost::iterators::transform_iterator<boost::algorithm::detail::copy_iterator_rangeF<std::__cxx11::basic_string<char>, __gnu_cxx::__normal_iterator<const char*, std::__cxx11::basic_string<char> > >, boost::algorithm::split_iterator<__gnu_cxx::__normal_iterator<const char*, std::__cxx11::basic_string<char> > >, boost::use_default, boost::use_default>; _Tp = std::__cxx11::basic_string<char>; _Alloc = std::allocator<std::__cxx11::basic_string<char> >]’
/usr/include/c++/11/bits/stl_vector.h:657:23:   required from ‘std::vector<_Tp, _Alloc>::vector(_InputIterator, _InputIterator, const allocator_type&) [with _InputIterator = boost::iterators::transform_iterator<boost::algorithm::detail::copy_iterator_rangeF<std::__cxx11::basic_string<char>, __gnu_cxx::__normal_iterator<const char*, std::__cxx11::basic_string<char> > >, boost::algorithm::split_iterator<__gnu_cxx::__normal_iterator<const char*, std::__cxx11::basic_string<char> > >, boost::use_default, boost::use_default>; <template-parameter-2-2> = void; _Tp = std::__cxx11::basic_string<char>; _Alloc = std::allocator<std::__cxx11::basic_string<char> >; std::vector<_Tp, _Alloc>::allocator_type = std::allocator<std::__cxx11::basic_string<char> >]’
/tmp/tmp/built/BH/include/boost/algorithm/string/iter_find.hpp:186:31:   required from ‘SequenceSequenceT& boost::algorithm::iter_split(SequenceSequenceT&, RangeT&&, FinderT) [with SequenceSequenceT = std::vector<std::__cxx11::basic_string<char> >; RangeT = const std::__cxx11::basic_string<char>&; FinderT = boost::algorithm::detail::token_finderF<boost::algorithm::detail::is_any_ofF<char> >]’
/tmp/tmp/built/BH/include/boost/algorithm/string/split.hpp:158:50:   required from ‘SequenceSequenceT& boost::algorithm::split(SequenceSequenceT&, RangeT&&, PredicateT, boost::algorithm::token_compress_mode_type) [with SequenceSequenceT = std::vector<std::__cxx11::basic_string<char> >; RangeT = const std::__cxx11::basic_string<char>&; PredicateT = boost::algorithm::detail::is_any_ofF<char>]’
anytime.cpp:248:17:   required from here
/tmp/tmp/built/BH/include/boost/concept/detail/general.hpp:50:47: warning: ‘this’ pointer is null [-Wnonnull]
   50 |     static void failed() { ((Model*)0)->~Model(); }
      |                            ~~~~~~~~~~~~~~~~~~~^~
In file included from /tmp/tmp/built/BH/include/boost/concept_check.hpp:31,
                 from /tmp/tmp/built/BH/include/boost/range/concepts.hpp:19,
                 from /tmp/tmp/built/BH/include/boost/range/size_type.hpp:20,
                 from /tmp/tmp/built/BH/include/boost/range/size.hpp:21,
                 from /tmp/tmp/built/BH/include/boost/range/functions.hpp:20,
                 from /tmp/tmp/built/BH/include/boost/range/iterator_range_core.hpp:38,
                 from /tmp/tmp/built/BH/include/boost/algorithm/string/replace.hpp:16,
                 from /tmp/tmp/built/BH/include/boost/date_time/date_facet.hpp:17,
                 from /tmp/tmp/built/BH/include/boost/date_time/gregorian/gregorian_io.hpp:16,
                 from /tmp/tmp/built/BH/include/boost/date_time/gregorian/gregorian.hpp:31,
                 from /tmp/tmp/built/BH/include/boost/date_time/posix_time/time_formatters.hpp:12,
                 from /tmp/tmp/built/BH/include/boost/date_time/posix_time/posix_time.hpp:24,
                 from /tmp/tmp/built/BH/include/boost/date_time/local_time/local_time.hpp:11,
                 from /tmp/tmp/built/BH/include/boost/date_time.hpp:15,
                 from anytime.cpp:25:
/tmp/tmp/built/BH/include/boost/concept/usage.hpp:20:5: note: in a call to non-static member function ‘boost::concepts::usage_requirements<Model>::~usage_requirements() [with Model = boost::range_detail::IncrementableIteratorConcept<__gnu_cxx::__normal_iterator<const char*, std::__cxx11::basic_string<char> > >]’
   20 |     ~usage_requirements() { ((Model*)0)->~Model(); }
      |     ^
In file included from /tmp/tmp/built/BH/include/boost/concept/assert.hpp:35,
                 from /tmp/tmp/built/BH/include/boost/concept_check.hpp:20,
                 from /tmp/tmp/built/BH/include/boost/range/concepts.hpp:19,
                 from /tmp/tmp/built/BH/include/boost/range/size_type.hpp:20,
                 from /tmp/tmp/built/BH/include/boost/range/size.hpp:21,
                 from /tmp/tmp/built/BH/include/boost/range/functions.hpp:20,
                 from /tmp/tmp/built/BH/include/boost/range/iterator_range_core.hpp:38,
                 from /tmp/tmp/built/BH/include/boost/algorithm/string/replace.hpp:16,
                 from /tmp/tmp/built/BH/include/boost/date_time/date_facet.hpp:17,
                 from /tmp/tmp/built/BH/include/boost/date_time/gregorian/gregorian_io.hpp:16,
                 from /tmp/tmp/built/BH/include/boost/date_time/gregorian/gregorian.hpp:31,
                 from /tmp/tmp/built/BH/include/boost/date_time/posix_time/time_formatters.hpp:12,
                 from /tmp/tmp/built/BH/include/boost/date_time/posix_time/posix_time.hpp:24,
                 from /tmp/tmp/built/BH/include/boost/date_time/local_time/local_time.hpp:11,
                 from /tmp/tmp/built/BH/include/boost/date_time.hpp:15,
                 from anytime.cpp:25:
/tmp/tmp/built/BH/include/boost/concept/detail/general.hpp: In instantiation of ‘static void boost::concepts::requirement<boost::concepts::failed************ Model::************>::failed() [with Model = boost::concepts::usage_requirements<boost::EqualityComparable<__gnu_cxx::__normal_iterator<const char*, std::__cxx11::basic_string<char> > > >]’:
/tmp/tmp/built/BH/include/boost/concept_check.hpp:233:5:   required from ‘struct boost::EqualityComparable<__gnu_cxx::__normal_iterator<const char*, std::__cxx11::basic_string<char> > >’
/tmp/tmp/built/BH/include/boost/range/concepts.hpp:147:16:   required from ‘struct boost::range_detail::SinglePassIteratorConcept<__gnu_cxx::__normal_iterator<const char*, std::__cxx11::basic_string<char> > >’
/tmp/tmp/built/BH/include/boost/concept/detail/has_constraints.hpp:32:62:   required by substitution of ‘template<class Model> boost::concepts::detail::yes boost::concepts::detail::has_constraints_(Model*, boost::concepts::detail::wrap_constraints<Model, (& Model::constraints)>*) [with Model = boost::range_detail::SinglePassIteratorConcept<__gnu_cxx::__normal_iterator<const char*, std::__cxx11::basic_string<char> > >]’
/tmp/tmp/built/BH/include/boost/concept/detail/has_constraints.hpp:42:5:   required from ‘const bool boost::concepts::not_satisfied<boost::range_detail::SinglePassIteratorConcept<__gnu_cxx::__normal_iterator<const char*, std::__cxx11::basic_string<char> > > >::value’
/tmp/tmp/built/BH/include/boost/concept/detail/has_constraints.hpp:45:51:   required from ‘struct boost::concepts::not_satisfied<boost::range_detail::SinglePassIteratorConcept<__gnu_cxx::__normal_iterator<const char*, std::__cxx11::basic_string<char> > > >’
/tmp/tmp/built/BH/include/boost/concept/detail/general.hpp:72:8:   [ skipping 13 instantiation contexts, use -ftemplate-backtrace-limit=0 to disable ]
/tmp/tmp/built/BH/include/boost/iterator/iterator_facade.hpp:982:3:   required from ‘typename boost::iterators::detail::enable_if_interoperable<Derived1, Derived2, typename boost::mpl::apply2<boost::iterators::detail::always_bool2, Derived1, Derived2>::type>::type boost::iterators::operator!=(const boost::iterators::iterator_facade<Derived1, V1, TC1, Reference1, Difference1>&, const boost::iterators::iterator_facade<Derived2, V2, TC2, Reference2, Difference2>&) [with Derived1 = boost::iterators::transform_iterator<boost::algorithm::detail::copy_iterator_rangeF<std::__cxx11::basic_string<char>, __gnu_cxx::__normal_iterator<const char*, std::__cxx11::basic_string<char> > >, boost::algorithm::split_iterator<__gnu_cxx::__normal_iterator<const char*, std::__cxx11::basic_string<char> > >, boost::use_default, boost::use_default>; V1 = std::__cxx11::basic_string<char>; TC1 = boost::iterators::forward_traversal_tag; Reference1 = std::__cxx11::basic_string<char>; Difference1 = long int; Derived2 = boost::iterators::transform_iterator<boost::algorithm::detail::copy_iterator_rangeF<std::__cxx11::basic_string<char>, __gnu_cxx::__normal_iterator<const char*, std::__cxx11::basic_string<char> > >, boost::algorithm::split_iterator<__gnu_cxx::__normal_iterator<const char*, std::__cxx11::basic_string<char> > >, boost::use_default, boost::use_default>; V2 = std::__cxx11::basic_string<char>; TC2 = boost::iterators::forward_traversal_tag; Reference2 = std::__cxx11::basic_string<char>; Difference2 = long int; typename boost::iterators::detail::enable_if_interoperable<Derived1, Derived2, typename boost::mpl::apply2<boost::iterators::detail::always_bool2, Derived1, Derived2>::type>::type = bool; typename boost::mpl::apply2<boost::iterators::detail::always_bool2, Derived1, Derived2>::type = bool]’
/usr/include/c++/11/bits/stl_vector.h:1562:21:   required from ‘void std::vector<_Tp, _Alloc>::_M_range_initialize(_InputIterator, _InputIterator, std::input_iterator_tag) [with _InputIterator = boost::iterators::transform_iterator<boost::algorithm::detail::copy_iterator_rangeF<std::__cxx11::basic_string<char>, __gnu_cxx::__normal_iterator<const char*, std::__cxx11::basic_string<char> > >, boost::algorithm::split_iterator<__gnu_cxx::__normal_iterator<const char*, std::__cxx11::basic_string<char> > >, boost::use_default, boost::use_default>; _Tp = std::__cxx11::basic_string<char>; _Alloc = std::allocator<std::__cxx11::basic_string<char> >]’
/usr/include/c++/11/bits/stl_vector.h:657:23:   required from ‘std::vector<_Tp, _Alloc>::vector(_InputIterator, _InputIterator, const allocator_type&) [with _InputIterator = boost::iterators::transform_iterator<boost::algorithm::detail::copy_iterator_rangeF<std::__cxx11::basic_string<char>, __gnu_cxx::__normal_iterator<const char*, std::__cxx11::basic_string<char> > >, boost::algorithm::split_iterator<__gnu_cxx::__normal_iterator<const char*, std::__cxx11::basic_string<char> > >, boost::use_default, boost::use_default>; <template-parameter-2-2> = void; _Tp = std::__cxx11::basic_string<char>; _Alloc = std::allocator<std::__cxx11::basic_string<char> >; std::vector<_Tp, _Alloc>::allocator_type = std::allocator<std::__cxx11::basic_string<char> >]’
/tmp/tmp/built/BH/include/boost/algorithm/string/iter_find.hpp:186:31:   required from ‘SequenceSequenceT& boost::algorithm::iter_split(SequenceSequenceT&, RangeT&&, FinderT) [with SequenceSequenceT = std::vector<std::__cxx11::basic_string<char> >; RangeT = const std::__cxx11::basic_string<char>&; FinderT = boost::algorithm::detail::token_finderF<boost::algorithm::detail::is_any_ofF<char> >]’
/tmp/tmp/built/BH/include/boost/algorithm/string/split.hpp:158:50:   required from ‘SequenceSequenceT& boost::algorithm::split(SequenceSequenceT&, RangeT&&, PredicateT, boost::algorithm::token_compress_mode_type) [with SequenceSequenceT = std::vector<std::__cxx11::basic_string<char> >; RangeT = const std::__cxx11::basic_string<char>&; PredicateT = boost::algorithm::detail::is_any_ofF<char>]’
anytime.cpp:248:17:   required from here
/tmp/tmp/built/BH/include/boost/concept/detail/general.hpp:50:47: warning: ‘this’ pointer is null [-Wnonnull]
   50 |     static void failed() { ((Model*)0)->~Model(); }
      |                            ~~~~~~~~~~~~~~~~~~~^~
In file included from /tmp/tmp/built/BH/include/boost/concept_check.hpp:31,
                 from /tmp/tmp/built/BH/include/boost/range/concepts.hpp:19,
                 from /tmp/tmp/built/BH/include/boost/range/size_type.hpp:20,
                 from /tmp/tmp/built/BH/include/boost/range/size.hpp:21,
                 from /tmp/tmp/built/BH/include/boost/range/functions.hpp:20,
                 from /tmp/tmp/built/BH/include/boost/range/iterator_range_core.hpp:38,
                 from /tmp/tmp/built/BH/include/boost/algorithm/string/replace.hpp:16,
                 from /tmp/tmp/built/BH/include/boost/date_time/date_facet.hpp:17,
                 from /tmp/tmp/built/BH/include/boost/date_time/gregorian/gregorian_io.hpp:16,
                 from /tmp/tmp/built/BH/include/boost/date_time/gregorian/gregorian.hpp:31,
                 from /tmp/tmp/built/BH/include/boost/date_time/posix_time/time_formatters.hpp:12,
                 from /tmp/tmp/built/BH/include/boost/date_time/posix_time/posix_time.hpp:24,
                 from /tmp/tmp/built/BH/include/boost/date_time/local_time/local_time.hpp:11,
                 from /tmp/tmp/built/BH/include/boost/date_time.hpp:15,
                 from anytime.cpp:25:
/tmp/tmp/built/BH/include/boost/concept/usage.hpp:20:5: note: in a call to non-static member function ‘boost::concepts::usage_requirements<Model>::~usage_requirements() [with Model = boost::EqualityComparable<__gnu_cxx::__normal_iterator<const char*, std::__cxx11::basic_string<char> > >]’
   20 |     ~usage_requirements() { ((Model*)0)->~Model(); }
      |     ^
In file included from /tmp/tmp/built/BH/include/boost/concept/assert.hpp:35,
                 from /tmp/tmp/built/BH/include/boost/concept_check.hpp:20,
                 from /tmp/tmp/built/BH/include/boost/range/concepts.hpp:19,
                 from /tmp/tmp/built/BH/include/boost/range/size_type.hpp:20,
                 from /tmp/tmp/built/BH/include/boost/range/size.hpp:21,
                 from /tmp/tmp/built/BH/include/boost/range/functions.hpp:20,
                 from /tmp/tmp/built/BH/include/boost/range/iterator_range_core.hpp:38,
                 from /tmp/tmp/built/BH/include/boost/algorithm/string/replace.hpp:16,
                 from /tmp/tmp/built/BH/include/boost/date_time/date_facet.hpp:17,
                 from /tmp/tmp/built/BH/include/boost/date_time/gregorian/gregorian_io.hpp:16,
                 from /tmp/tmp/built/BH/include/boost/date_time/gregorian/gregorian.hpp:31,
                 from /tmp/tmp/built/BH/include/boost/date_time/posix_time/time_formatters.hpp:12,
                 from /tmp/tmp/built/BH/include/boost/date_time/posix_time/posix_time.hpp:24,
                 from /tmp/tmp/built/BH/include/boost/date_time/local_time/local_time.hpp:11,
                 from /tmp/tmp/built/BH/include/boost/date_time.hpp:15,
                 from anytime.cpp:25:
/tmp/tmp/built/BH/include/boost/concept/detail/general.hpp: In instantiation of ‘static void boost::concepts::requirement<boost::concepts::failed************ Model::************>::failed() [with Model = boost::concepts::usage_requirements<boost::Convertible<boost::iterators::random_access_traversal_tag, boost::iterators::single_pass_traversal_tag> >]’:
/tmp/tmp/built/BH/include/boost/concept_check.hpp:208:5:   required from ‘struct boost::Convertible<boost::iterators::random_access_traversal_tag, boost::iterators::single_pass_traversal_tag>’
/tmp/tmp/built/BH/include/boost/concept/detail/has_constraints.hpp:32:62:   required by substitution of ‘template<class Model> boost::concepts::detail::yes boost::concepts::detail::has_constraints_(Model*, boost::concepts::detail::wrap_constraints<Model, (& Model::constraints)>*) [with Model = boost::Convertible<boost::iterators::random_access_traversal_tag, boost::iterators::single_pass_traversal_tag>]’
/tmp/tmp/built/BH/include/boost/concept/detail/has_constraints.hpp:42:5:   required from ‘const bool boost::concepts::not_satisfied<boost::Convertible<boost::iterators::random_access_traversal_tag, boost::iterators::single_pass_traversal_tag> >::value’
/tmp/tmp/built/BH/include/boost/concept/detail/has_constraints.hpp:45:51:   required from ‘struct boost::concepts::not_satisfied<boost::Convertible<boost::iterators::random_access_traversal_tag, boost::iterators::single_pass_traversal_tag> >’
/tmp/tmp/built/BH/include/boost/concept/detail/general.hpp:72:8:   required from ‘struct boost::concepts::requirement_<void (*)(boost::Convertible<boost::iterators::random_access_traversal_tag, boost::iterators::single_pass_traversal_tag>)>’
/tmp/tmp/built/BH/include/boost/range/concepts.hpp:152:13:   [ skipping 17 instantiation contexts, use -ftemplate-backtrace-limit=0 to disable ]
/tmp/tmp/built/BH/include/boost/iterator/iterator_facade.hpp:982:3:   required from ‘typename boost::iterators::detail::enable_if_interoperable<Derived1, Derived2, typename boost::mpl::apply2<boost::iterators::detail::always_bool2, Derived1, Derived2>::type>::type boost::iterators::operator!=(const boost::iterators::iterator_facade<Derived1, V1, TC1, Reference1, Difference1>&, const boost::iterators::iterator_facade<Derived2, V2, TC2, Reference2, Difference2>&) [with Derived1 = boost::iterators::transform_iterator<boost::algorithm::detail::copy_iterator_rangeF<std::__cxx11::basic_string<char>, __gnu_cxx::__normal_iterator<const char*, std::__cxx11::basic_string<char> > >, boost::algorithm::split_iterator<__gnu_cxx::__normal_iterator<const char*, std::__cxx11::basic_string<char> > >, boost::use_default, boost::use_default>; V1 = std::__cxx11::basic_string<char>; TC1 = boost::iterators::forward_traversal_tag; Reference1 = std::__cxx11::basic_string<char>; Difference1 = long int; Derived2 = boost::iterators::transform_iterator<boost::algorithm::detail::copy_iterator_rangeF<std::__cxx11::basic_string<char>, __gnu_cxx::__normal_iterator<const char*, std::__cxx11::basic_string<char> > >, boost::algorithm::split_iterator<__gnu_cxx::__normal_iterator<const char*, std::__cxx11::basic_string<char> > >, boost::use_default, boost::use_default>; V2 = std::__cxx11::basic_string<char>; TC2 = boost::iterators::forward_traversal_tag; Reference2 = std::__cxx11::basic_string<char>; Difference2 = long int; typename boost::iterators::detail::enable_if_interoperable<Derived1, Derived2, typename boost::mpl::apply2<boost::iterators::detail::always_bool2, Derived1, Derived2>::type>::type = bool; typename boost::mpl::apply2<boost::iterators::detail::always_bool2, Derived1, Derived2>::type = bool]’
/usr/include/c++/11/bits/stl_vector.h:1562:21:   required from ‘void std::vector<_Tp, _Alloc>::_M_range_initialize(_InputIterator, _InputIterator, std::input_iterator_tag) [with _InputIterator = boost::iterators::transform_iterator<boost::algorithm::detail::copy_iterator_rangeF<std::__cxx11::basic_string<char>, __gnu_cxx::__normal_iterator<const char*, std::__cxx11::basic_string<char> > >, boost::algorithm::split_iterator<__gnu_cxx::__normal_iterator<const char*, std::__cxx11::basic_string<char> > >, boost::use_default, boost::use_default>; _Tp = std::__cxx11::basic_string<char>; _Alloc = std::allocator<std::__cxx11::basic_string<char> >]’
/usr/include/c++/11/bits/stl_vector.h:657:23:   required from ‘std::vector<_Tp, _Alloc>::vector(_InputIterator, _InputIterator, const allocator_type&) [with _InputIterator = boost::iterators::transform_iterator<boost::algorithm::detail::copy_iterator_rangeF<std::__cxx11::basic_string<char>, __gnu_cxx::__normal_iterator<const char*, std::__cxx11::basic_string<char> > >, boost::algorithm::split_iterator<__gnu_cxx::__normal_iterator<const char*, std::__cxx11::basic_string<char> > >, boost::use_default, boost::use_default>; <template-parameter-2-2> = void; _Tp = std::__cxx11::basic_string<char>; _Alloc = std::allocator<std::__cxx11::basic_string<char> >; std::vector<_Tp, _Alloc>::allocator_type = std::allocator<std::__cxx11::basic_string<char> >]’
/tmp/tmp/built/BH/include/boost/algorithm/string/iter_find.hpp:186:31:   required from ‘SequenceSequenceT& boost::algorithm::iter_split(SequenceSequenceT&, RangeT&&, FinderT) [with SequenceSequenceT = std::vector<std::__cxx11::basic_string<char> >; RangeT = const std::__cxx11::basic_string<char>&; FinderT = boost::algorithm::detail::token_finderF<boost::algorithm::detail::is_any_ofF<char> >]’
/tmp/tmp/built/BH/include/boost/algorithm/string/split.hpp:158:50:   required from ‘SequenceSequenceT& boost::algorithm::split(SequenceSequenceT&, RangeT&&, PredicateT, boost::algorithm::token_compress_mode_type) [with SequenceSequenceT = std::vector<std::__cxx11::basic_string<char> >; RangeT = const std::__cxx11::basic_string<char>&; PredicateT = boost::algorithm::detail::is_any_ofF<char>]’
anytime.cpp:248:17:   required from here
/tmp/tmp/built/BH/include/boost/concept/detail/general.hpp:50:47: warning: ‘this’ pointer is null [-Wnonnull]
   50 |     static void failed() { ((Model*)0)->~Model(); }
      |                            ~~~~~~~~~~~~~~~~~~~^~
In file included from /tmp/tmp/built/BH/include/boost/concept_check.hpp:31,
                 from /tmp/tmp/built/BH/include/boost/range/concepts.hpp:19,
                 from /tmp/tmp/built/BH/include/boost/range/size_type.hpp:20,
                 from /tmp/tmp/built/BH/include/boost/range/size.hpp:21,
                 from /tmp/tmp/built/BH/include/boost/range/functions.hpp:20,
                 from /tmp/tmp/built/BH/include/boost/range/iterator_range_core.hpp:38,
                 from /tmp/tmp/built/BH/include/boost/algorithm/string/replace.hpp:16,
                 from /tmp/tmp/built/BH/include/boost/date_time/date_facet.hpp:17,
                 from /tmp/tmp/built/BH/include/boost/date_time/gregorian/gregorian_io.hpp:16,
                 from /tmp/tmp/built/BH/include/boost/date_time/gregorian/gregorian.hpp:31,
                 from /tmp/tmp/built/BH/include/boost/date_time/posix_time/time_formatters.hpp:12,
                 from /tmp/tmp/built/BH/include/boost/date_time/posix_time/posix_time.hpp:24,
                 from /tmp/tmp/built/BH/include/boost/date_time/local_time/local_time.hpp:11,
                 from /tmp/tmp/built/BH/include/boost/date_time.hpp:15,
                 from anytime.cpp:25:
/tmp/tmp/built/BH/include/boost/concept/usage.hpp:20:5: note: in a call to non-static member function ‘boost::concepts::usage_requirements<Model>::~usage_requirements() [with Model = boost::Convertible<boost::iterators::random_access_traversal_tag, boost::iterators::single_pass_traversal_tag>]’
   20 |     ~usage_requirements() { ((Model*)0)->~Model(); }
      |     ^
In file included from /tmp/tmp/built/BH/include/boost/concept/assert.hpp:35,
                 from /tmp/tmp/built/BH/include/boost/concept_check.hpp:20,
                 from /tmp/tmp/built/BH/include/boost/range/concepts.hpp:19,
                 from /tmp/tmp/built/BH/include/boost/range/size_type.hpp:20,
                 from /tmp/tmp/built/BH/include/boost/range/size.hpp:21,
                 from /tmp/tmp/built/BH/include/boost/range/functions.hpp:20,
                 from /tmp/tmp/built/BH/include/boost/range/iterator_range_core.hpp:38,
                 from /tmp/tmp/built/BH/include/boost/algorithm/string/replace.hpp:16,
                 from /tmp/tmp/built/BH/include/boost/date_time/date_facet.hpp:17,
                 from /tmp/tmp/built/BH/include/boost/date_time/gregorian/gregorian_io.hpp:16,
                 from /tmp/tmp/built/BH/include/boost/date_time/gregorian/gregorian.hpp:31,
                 from /tmp/tmp/built/BH/include/boost/date_time/posix_time/time_formatters.hpp:12,
                 from /tmp/tmp/built/BH/include/boost/date_time/posix_time/posix_time.hpp:24,
                 from /tmp/tmp/built/BH/include/boost/date_time/local_time/local_time.hpp:11,
                 from /tmp/tmp/built/BH/include/boost/date_time.hpp:15,
                 from anytime.cpp:25:
/tmp/tmp/built/BH/include/boost/concept/detail/general.hpp: In instantiation of ‘static void boost::concepts::requirement<boost::concepts::failed************ Model::************>::failed() [with Model = boost::Convertible<boost::iterators::random_access_traversal_tag, boost::iterators::single_pass_traversal_tag>]’:
/tmp/tmp/built/BH/include/boost/range/concepts.hpp:152:13:   required from ‘struct boost::range_detail::SinglePassIteratorConcept<__gnu_cxx::__normal_iterator<const char*, std::__cxx11::basic_string<char> > >’
/tmp/tmp/built/BH/include/boost/concept/detail/has_constraints.hpp:32:62:   required by substitution of ‘template<class Model> boost::concepts::detail::yes boost::concepts::detail::has_constraints_(Model*, boost::concepts::detail::wrap_constraints<Model, (& Model::constraints)>*) [with Model = boost::range_detail::SinglePassIteratorConcept<__gnu_cxx::__normal_iterator<const char*, std::__cxx11::basic_string<char> > >]’
/tmp/tmp/built/BH/include/boost/concept/detail/has_constraints.hpp:42:5:   required from ‘const bool boost::concepts::not_satisfied<boost::range_detail::SinglePassIteratorConcept<__gnu_cxx::__normal_iterator<const char*, std::__cxx11::basic_string<char> > > >::value’
/tmp/tmp/built/BH/include/boost/concept/detail/has_constraints.hpp:45:51:   required from ‘struct boost::concepts::not_satisfied<boost::range_detail::SinglePassIteratorConcept<__gnu_cxx::__normal_iterator<const char*, std::__cxx11::basic_string<char> > > >’
/tmp/tmp/built/BH/include/boost/concept/detail/general.hpp:72:8:   required from ‘struct boost::concepts::requirement_<void (*)(boost::range_detail::SinglePassIteratorConcept<__gnu_cxx::__normal_iterator<const char*, std::__cxx11::basic_string<char> > >)>’
/tmp/tmp/built/BH/include/boost/range/concepts.hpp:278:9:   [ skipping 12 instantiation contexts, use -ftemplate-backtrace-limit=0 to disable ]
/tmp/tmp/built/BH/include/boost/iterator/iterator_facade.hpp:982:3:   required from ‘typename boost::iterators::detail::enable_if_interoperable<Derived1, Derived2, typename boost::mpl::apply2<boost::iterators::detail::always_bool2, Derived1, Derived2>::type>::type boost::iterators::operator!=(const boost::iterators::iterator_facade<Derived1, V1, TC1, Reference1, Difference1>&, const boost::iterators::iterator_facade<Derived2, V2, TC2, Reference2, Difference2>&) [with Derived1 = boost::iterators::transform_iterator<boost::algorithm::detail::copy_iterator_rangeF<std::__cxx11::basic_string<char>, __gnu_cxx::__normal_iterator<const char*, std::__cxx11::basic_string<char> > >, boost::algorithm::split_iterator<__gnu_cxx::__normal_iterator<const char*, std::__cxx11::basic_string<char> > >, boost::use_default, boost::use_default>; V1 = std::__cxx11::basic_string<char>; TC1 = boost::iterators::forward_traversal_tag; Reference1 = std::__cxx11::basic_string<char>; Difference1 = long int; Derived2 = boost::iterators::transform_iterator<boost::algorithm::detail::copy_iterator_rangeF<std::__cxx11::basic_string<char>, __gnu_cxx::__normal_iterator<const char*, std::__cxx11::basic_string<char> > >, boost::algorithm::split_iterator<__gnu_cxx::__normal_iterator<const char*, std::__cxx11::basic_string<char> > >, boost::use_default, boost::use_default>; V2 = std::__cxx11::basic_string<char>; TC2 = boost::iterators::forward_traversal_tag; Reference2 = std::__cxx11::basic_string<char>; Difference2 = long int; typename boost::iterators::detail::enable_if_interoperable<Derived1, Derived2, typename boost::mpl::apply2<boost::iterators::detail::always_bool2, Derived1, Derived2>::type>::type = bool; typename boost::mpl::apply2<boost::iterators::detail::always_bool2, Derived1, Derived2>::type = bool]’
/usr/include/c++/11/bits/stl_vector.h:1562:21:   required from ‘void std::vector<_Tp, _Alloc>::_M_range_initialize(_InputIterator, _InputIterator, std::input_iterator_tag) [with _InputIterator = boost::iterators::transform_iterator<boost::algorithm::detail::copy_iterator_rangeF<std::__cxx11::basic_string<char>, __gnu_cxx::__normal_iterator<const char*, std::__cxx11::basic_string<char> > >, boost::algorithm::split_iterator<__gnu_cxx::__normal_iterator<const char*, std::__cxx11::basic_string<char> > >, boost::use_default, boost::use_default>; _Tp = std::__cxx11::basic_string<char>; _Alloc = std::allocator<std::__cxx11::basic_string<char> >]’
/usr/include/c++/11/bits/stl_vector.h:657:23:   required from ‘std::vector<_Tp, _Alloc>::vector(_InputIterator, _InputIterator, const allocator_type&) [with _InputIterator = boost::iterators::transform_iterator<boost::algorithm::detail::copy_iterator_rangeF<std::__cxx11::basic_string<char>, __gnu_cxx::__normal_iterator<const char*, std::__cxx11::basic_string<char> > >, boost::algorithm::split_iterator<__gnu_cxx::__normal_iterator<const char*, std::__cxx11::basic_string<char> > >, boost::use_default, boost::use_default>; <template-parameter-2-2> = void; _Tp = std::__cxx11::basic_string<char>; _Alloc = std::allocator<std::__cxx11::basic_string<char> >; std::vector<_Tp, _Alloc>::allocator_type = std::allocator<std::__cxx11::basic_string<char> >]’
/tmp/tmp/built/BH/include/boost/algorithm/string/iter_find.hpp:186:31:   required from ‘SequenceSequenceT& boost::algorithm::iter_split(SequenceSequenceT&, RangeT&&, FinderT) [with SequenceSequenceT = std::vector<std::__cxx11::basic_string<char> >; RangeT = const std::__cxx11::basic_string<char>&; FinderT = boost::algorithm::detail::token_finderF<boost::algorithm::detail::is_any_ofF<char> >]’
/tmp/tmp/built/BH/include/boost/algorithm/string/split.hpp:158:50:   required from ‘SequenceSequenceT& boost::algorithm::split(SequenceSequenceT&, RangeT&&, PredicateT, boost::algorithm::token_compress_mode_type) [with SequenceSequenceT = std::vector<std::__cxx11::basic_string<char> >; RangeT = const std::__cxx11::basic_string<char>&; PredicateT = boost::algorithm::detail::is_any_ofF<char>]’
anytime.cpp:248:17:   required from here
/tmp/tmp/built/BH/include/boost/concept/detail/general.hpp:50:47: warning: ‘this’ pointer is null [-Wnonnull]
   50 |     static void failed() { ((Model*)0)->~Model(); }
      |                            ~~~~~~~~~~~~~~~~~~~^~
In file included from /tmp/tmp/built/BH/include/boost/concept_check.hpp:31,
                 from /tmp/tmp/built/BH/include/boost/range/concepts.hpp:19,
                 from /tmp/tmp/built/BH/include/boost/range/size_type.hpp:20,
                 from /tmp/tmp/built/BH/include/boost/range/size.hpp:21,
                 from /tmp/tmp/built/BH/include/boost/range/functions.hpp:20,
                 from /tmp/tmp/built/BH/include/boost/range/iterator_range_core.hpp:38,
                 from /tmp/tmp/built/BH/include/boost/algorithm/string/replace.hpp:16,
                 from /tmp/tmp/built/BH/include/boost/date_time/date_facet.hpp:17,
                 from /tmp/tmp/built/BH/include/boost/date_time/gregorian/gregorian_io.hpp:16,
                 from /tmp/tmp/built/BH/include/boost/date_time/gregorian/gregorian.hpp:31,
                 from /tmp/tmp/built/BH/include/boost/date_time/posix_time/time_formatters.hpp:12,
                 from /tmp/tmp/built/BH/include/boost/date_time/posix_time/posix_time.hpp:24,
                 from /tmp/tmp/built/BH/include/boost/date_time/local_time/local_time.hpp:11,
                 from /tmp/tmp/built/BH/include/boost/date_time.hpp:15,
                 from anytime.cpp:25:
/tmp/tmp/built/BH/include/boost/concept/usage.hpp:37:7: note: in a call to non-static member function ‘boost::Convertible<X, Y>::~Convertible() [with X = boost::iterators::random_access_traversal_tag; Y = boost::iterators::single_pass_traversal_tag]’
   37 |       ~model()
      |       ^
/tmp/tmp/built/BH/include/boost/concept_check.hpp:208:5: note: in expansion of macro ‘BOOST_CONCEPT_USAGE’
  208 |     BOOST_CONCEPT_USAGE(Convertible) {
      |     ^~~~~~~~~~~~~~~~~~~
In file included from /tmp/tmp/built/BH/include/boost/concept/assert.hpp:35,
                 from /tmp/tmp/built/BH/include/boost/concept_check.hpp:20,
                 from /tmp/tmp/built/BH/include/boost/range/concepts.hpp:19,
                 from /tmp/tmp/built/BH/include/boost/range/size_type.hpp:20,
                 from /tmp/tmp/built/BH/include/boost/range/size.hpp:21,
                 from /tmp/tmp/built/BH/include/boost/range/functions.hpp:20,
                 from /tmp/tmp/built/BH/include/boost/range/iterator_range_core.hpp:38,
                 from /tmp/tmp/built/BH/include/boost/algorithm/string/replace.hpp:16,
                 from /tmp/tmp/built/BH/include/boost/date_time/date_facet.hpp:17,
                 from /tmp/tmp/built/BH/include/boost/date_time/gregorian/gregorian_io.hpp:16,
                 from /tmp/tmp/built/BH/include/boost/date_time/gregorian/gregorian.hpp:31,
                 from /tmp/tmp/built/BH/include/boost/date_time/posix_time/time_formatters.hpp:12,
                 from /tmp/tmp/built/BH/include/boost/date_time/posix_time/posix_time.hpp:24,
                 from /tmp/tmp/built/BH/include/boost/date_time/local_time/local_time.hpp:11,
                 from /tmp/tmp/built/BH/include/boost/date_time.hpp:15,
                 from anytime.cpp:25:
/tmp/tmp/built/BH/include/boost/concept/detail/general.hpp: In instantiation of ‘static void boost::concepts::requirement<boost::concepts::failed************ Model::************>::failed() [with Model = boost::concepts::usage_requirements<boost::range_detail::SinglePassIteratorConcept<__gnu_cxx::__normal_iterator<const char*, std::__cxx11::basic_string<char> > > >]’:
/tmp/tmp/built/BH/include/boost/range/concepts.hpp:158:13:   required from ‘struct boost::range_detail::SinglePassIteratorConcept<__gnu_cxx::__normal_iterator<const char*, std::__cxx11::basic_string<char> > >’
/tmp/tmp/built/BH/include/boost/concept/detail/has_constraints.hpp:32:62:   required by substitution of ‘template<class Model> boost::concepts::detail::yes boost::concepts::detail::has_constraints_(Model*, boost::concepts::detail::wrap_constraints<Model, (& Model::constraints)>*) [with Model = boost::range_detail::SinglePassIteratorConcept<__gnu_cxx::__normal_iterator<const char*, std::__cxx11::basic_string<char> > >]’
/tmp/tmp/built/BH/include/boost/concept/detail/has_constraints.hpp:42:5:   required from ‘const bool boost::concepts::not_satisfied<boost::range_detail::SinglePassIteratorConcept<__gnu_cxx::__normal_iterator<const char*, std::__cxx11::basic_string<char> > > >::value’
/tmp/tmp/built/BH/include/boost/concept/detail/has_constraints.hpp:45:51:   required from ‘struct boost::concepts::not_satisfied<boost::range_detail::SinglePassIteratorConcept<__gnu_cxx::__normal_iterator<const char*, std::__cxx11::basic_string<char> > > >’
/tmp/tmp/built/BH/include/boost/concept/detail/general.hpp:72:8:   required from ‘struct boost::concepts::requirement_<void (*)(boost::range_detail::SinglePassIteratorConcept<__gnu_cxx::__normal_iterator<const char*, std::__cxx11::basic_string<char> > >)>’
/tmp/tmp/built/BH/include/boost/range/concepts.hpp:278:9:   [ skipping 12 instantiation contexts, use -ftemplate-backtrace-limit=0 to disable ]
/tmp/tmp/built/BH/include/boost/iterator/iterator_facade.hpp:982:3:   required from ‘typename boost::iterators::detail::enable_if_interoperable<Derived1, Derived2, typename boost::mpl::apply2<boost::iterators::detail::always_bool2, Derived1, Derived2>::type>::type boost::iterators::operator!=(const boost::iterators::iterator_facade<Derived1, V1, TC1, Reference1, Difference1>&, const boost::iterators::iterator_facade<Derived2, V2, TC2, Reference2, Difference2>&) [with Derived1 = boost::iterators::transform_iterator<boost::algorithm::detail::copy_iterator_rangeF<std::__cxx11::basic_string<char>, __gnu_cxx::__normal_iterator<const char*, std::__cxx11::basic_string<char> > >, boost::algorithm::split_iterator<__gnu_cxx::__normal_iterator<const char*, std::__cxx11::basic_string<char> > >, boost::use_default, boost::use_default>; V1 = std::__cxx11::basic_string<char>; TC1 = boost::iterators::forward_traversal_tag; Reference1 = std::__cxx11::basic_string<char>; Difference1 = long int; Derived2 = boost::iterators::transform_iterator<boost::algorithm::detail::copy_iterator_rangeF<std::__cxx11::basic_string<char>, __gnu_cxx::__normal_iterator<const char*, std::__cxx11::basic_string<char> > >, boost::algorithm::split_iterator<__gnu_cxx::__normal_iterator<const char*, std::__cxx11::basic_string<char> > >, boost::use_default, boost::use_default>; V2 = std::__cxx11::basic_string<char>; TC2 = boost::iterators::forward_traversal_tag; Reference2 = std::__cxx11::basic_string<char>; Difference2 = long int; typename boost::iterators::detail::enable_if_interoperable<Derived1, Derived2, typename boost::mpl::apply2<boost::iterators::detail::always_bool2, Derived1, Derived2>::type>::type = bool; typename boost::mpl::apply2<boost::iterators::detail::always_bool2, Derived1, Derived2>::type = bool]’
/usr/include/c++/11/bits/stl_vector.h:1562:21:   required from ‘void std::vector<_Tp, _Alloc>::_M_range_initialize(_InputIterator, _InputIterator, std::input_iterator_tag) [with _InputIterator = boost::iterators::transform_iterator<boost::algorithm::detail::copy_iterator_rangeF<std::__cxx11::basic_string<char>, __gnu_cxx::__normal_iterator<const char*, std::__cxx11::basic_string<char> > >, boost::algorithm::split_iterator<__gnu_cxx::__normal_iterator<const char*, std::__cxx11::basic_string<char> > >, boost::use_default, boost::use_default>; _Tp = std::__cxx11::basic_string<char>; _Alloc = std::allocator<std::__cxx11::basic_string<char> >]’
/usr/include/c++/11/bits/stl_vector.h:657:23:   required from ‘std::vector<_Tp, _Alloc>::vector(_InputIterator, _InputIterator, const allocator_type&) [with _InputIterator = boost::iterators::transform_iterator<boost::algorithm::detail::copy_iterator_rangeF<std::__cxx11::basic_string<char>, __gnu_cxx::__normal_iterator<const char*, std::__cxx11::basic_string<char> > >, boost::algorithm::split_iterator<__gnu_cxx::__normal_iterator<const char*, std::__cxx11::basic_string<char> > >, boost::use_default, boost::use_default>; <template-parameter-2-2> = void; _Tp = std::__cxx11::basic_string<char>; _Alloc = std::allocator<std::__cxx11::basic_string<char> >; std::vector<_Tp, _Alloc>::allocator_type = std::allocator<std::__cxx11::basic_string<char> >]’
/tmp/tmp/built/BH/include/boost/algorithm/string/iter_find.hpp:186:31:   required from ‘SequenceSequenceT& boost::algorithm::iter_split(SequenceSequenceT&, RangeT&&, FinderT) [with SequenceSequenceT = std::vector<std::__cxx11::basic_string<char> >; RangeT = const std::__cxx11::basic_string<char>&; FinderT = boost::algorithm::detail::token_finderF<boost::algorithm::detail::is_any_ofF<char> >]’
/tmp/tmp/built/BH/include/boost/algorithm/string/split.hpp:158:50:   required from ‘SequenceSequenceT& boost::algorithm::split(SequenceSequenceT&, RangeT&&, PredicateT, boost::algorithm::token_compress_mode_type) [with SequenceSequenceT = std::vector<std::__cxx11::basic_string<char> >; RangeT = const std::__cxx11::basic_string<char>&; PredicateT = boost::algorithm::detail::is_any_ofF<char>]’
anytime.cpp:248:17:   required from here
/tmp/tmp/built/BH/include/boost/concept/detail/general.hpp:50:47: warning: ‘this’ pointer is null [-Wnonnull]
   50 |     static void failed() { ((Model*)0)->~Model(); }
      |                            ~~~~~~~~~~~~~~~~~~~^~
In file included from /tmp/tmp/built/BH/include/boost/concept_check.hpp:31,
                 from /tmp/tmp/built/BH/include/boost/range/concepts.hpp:19,
                 from /tmp/tmp/built/BH/include/boost/range/size_type.hpp:20,
                 from /tmp/tmp/built/BH/include/boost/range/size.hpp:21,
                 from /tmp/tmp/built/BH/include/boost/range/functions.hpp:20,
                 from /tmp/tmp/built/BH/include/boost/range/iterator_range_core.hpp:38,
                 from /tmp/tmp/built/BH/include/boost/algorithm/string/replace.hpp:16,
                 from /tmp/tmp/built/BH/include/boost/date_time/date_facet.hpp:17,
                 from /tmp/tmp/built/BH/include/boost/date_time/gregorian/gregorian_io.hpp:16,
                 from /tmp/tmp/built/BH/include/boost/date_time/gregorian/gregorian.hpp:31,
                 from /tmp/tmp/built/BH/include/boost/date_time/posix_time/time_formatters.hpp:12,
                 from /tmp/tmp/built/BH/include/boost/date_time/posix_time/posix_time.hpp:24,
                 from /tmp/tmp/built/BH/include/boost/date_time/local_time/local_time.hpp:11,
                 from /tmp/tmp/built/BH/include/boost/date_time.hpp:15,
                 from anytime.cpp:25:
/tmp/tmp/built/BH/include/boost/concept/usage.hpp:20:5: note: in a call to non-static member function ‘boost::concepts::usage_requirements<Model>::~usage_requirements() [with Model = boost::range_detail::SinglePassIteratorConcept<__gnu_cxx::__normal_iterator<const char*, std::__cxx11::basic_string<char> > >]’
   20 |     ~usage_requirements() { ((Model*)0)->~Model(); }
      |     ^
In file included from /tmp/tmp/built/BH/include/boost/concept/assert.hpp:35,
                 from /tmp/tmp/built/BH/include/boost/concept_check.hpp:20,
                 from /tmp/tmp/built/BH/include/boost/range/concepts.hpp:19,
                 from /tmp/tmp/built/BH/include/boost/range/size_type.hpp:20,
                 from /tmp/tmp/built/BH/include/boost/range/size.hpp:21,
                 from /tmp/tmp/built/BH/include/boost/range/functions.hpp:20,
                 from /tmp/tmp/built/BH/include/boost/range/iterator_range_core.hpp:38,
                 from /tmp/tmp/built/BH/include/boost/algorithm/string/replace.hpp:16,
                 from /tmp/tmp/built/BH/include/boost/date_time/date_facet.hpp:17,
                 from /tmp/tmp/built/BH/include/boost/date_time/gregorian/gregorian_io.hpp:16,
                 from /tmp/tmp/built/BH/include/boost/date_time/gregorian/gregorian.hpp:31,
                 from /tmp/tmp/built/BH/include/boost/date_time/posix_time/time_formatters.hpp:12,
                 from /tmp/tmp/built/BH/include/boost/date_time/posix_time/posix_time.hpp:24,
                 from /tmp/tmp/built/BH/include/boost/date_time/local_time/local_time.hpp:11,
                 from /tmp/tmp/built/BH/include/boost/date_time.hpp:15,
                 from anytime.cpp:25:
/tmp/tmp/built/BH/include/boost/concept/detail/general.hpp: In instantiation of ‘static void boost::concepts::requirement<boost::concepts::failed************ Model::************>::failed() [with Model = boost::range_detail::SinglePassIteratorConcept<__gnu_cxx::__normal_iterator<const char*, std::__cxx11::basic_string<char> > >]’:
/tmp/tmp/built/BH/include/boost/range/concepts.hpp:278:9:   required from ‘struct boost::SinglePassRangeConcept<const boost::iterator_range<__gnu_cxx::__normal_iterator<const char*, std::__cxx11::basic_string<char> > > >’
/tmp/tmp/built/BH/include/boost/concept/detail/has_constraints.hpp:32:62:   required by substitution of ‘template<class Model> boost::concepts::detail::yes boost::concepts::detail::has_constraints_(Model*, boost::concepts::detail::wrap_constraints<Model, (& Model::constraints)>*) [with Model = boost::SinglePassRangeConcept<const boost::iterator_range<__gnu_cxx::__normal_iterator<const char*, std::__cxx11::basic_string<char> > > >]’
/tmp/tmp/built/BH/include/boost/concept/detail/has_constraints.hpp:42:5:   required from ‘const bool boost::concepts::not_satisfied<boost::SinglePassRangeConcept<const boost::iterator_range<__gnu_cxx::__normal_iterator<const char*, std::__cxx11::basic_string<char> > > > >::value’
/tmp/tmp/built/BH/include/boost/concept/detail/has_constraints.hpp:45:51:   required from ‘struct boost::concepts::not_satisfied<boost::SinglePassRangeConcept<const boost::iterator_range<__gnu_cxx::__normal_iterator<const char*, std::__cxx11::basic_string<char> > > > >’
/tmp/tmp/built/BH/include/boost/concept/detail/general.hpp:72:8:   required from ‘struct boost::concepts::requirement_<void (*)(boost::SinglePassRangeConcept<const boost::iterator_range<__gnu_cxx::__normal_iterator<const char*, std::__cxx11::basic_string<char> > > >)>’
/tmp/tmp/built/BH/include/boost/range/algorithm/equal.hpp:174:13:   [ skipping 7 instantiation contexts, use -ftemplate-backtrace-limit=0 to disable ]
/tmp/tmp/built/BH/include/boost/iterator/iterator_facade.hpp:982:3:   required from ‘typename boost::iterators::detail::enable_if_interoperable<Derived1, Derived2, typename boost::mpl::apply2<boost::iterators::detail::always_bool2, Derived1, Derived2>::type>::type boost::iterators::operator!=(const boost::iterators::iterator_facade<Derived1, V1, TC1, Reference1, Difference1>&, const boost::iterators::iterator_facade<Derived2, V2, TC2, Reference2, Difference2>&) [with Derived1 = boost::iterators::transform_iterator<boost::algorithm::detail::copy_iterator_rangeF<std::__cxx11::basic_string<char>, __gnu_cxx::__normal_iterator<const char*, std::__cxx11::basic_string<char> > >, boost::algorithm::split_iterator<__gnu_cxx::__normal_iterator<const char*, std::__cxx11::basic_string<char> > >, boost::use_default, boost::use_default>; V1 = std::__cxx11::basic_string<char>; TC1 = boost::iterators::forward_traversal_tag; Reference1 = std::__cxx11::basic_string<char>; Difference1 = long int; Derived2 = boost::iterators::transform_iterator<boost::algorithm::detail::copy_iterator_rangeF<std::__cxx11::basic_string<char>, __gnu_cxx::__normal_iterator<const char*, std::__cxx11::basic_string<char> > >, boost::algorithm::split_iterator<__gnu_cxx::__normal_iterator<const char*, std::__cxx11::basic_string<char> > >, boost::use_default, boost::use_default>; V2 = std::__cxx11::basic_string<char>; TC2 = boost::iterators::forward_traversal_tag; Reference2 = std::__cxx11::basic_string<char>; Difference2 = long int; typename boost::iterators::detail::enable_if_interoperable<Derived1, Derived2, typename boost::mpl::apply2<boost::iterators::detail::always_bool2, Derived1, Derived2>::type>::type = bool; typename boost::mpl::apply2<boost::iterators::detail::always_bool2, Derived1, Derived2>::type = bool]’
/usr/include/c++/11/bits/stl_vector.h:1562:21:   required from ‘void std::vector<_Tp, _Alloc>::_M_range_initialize(_InputIterator, _InputIterator, std::input_iterator_tag) [with _InputIterator = boost::iterators::transform_iterator<boost::algorithm::detail::copy_iterator_rangeF<std::__cxx11::basic_string<char>, __gnu_cxx::__normal_iterator<const char*, std::__cxx11::basic_string<char> > >, boost::algorithm::split_iterator<__gnu_cxx::__normal_iterator<const char*, std::__cxx11::basic_string<char> > >, boost::use_default, boost::use_default>; _Tp = std::__cxx11::basic_string<char>; _Alloc = std::allocator<std::__cxx11::basic_string<char> >]’
/usr/include/c++/11/bits/stl_vector.h:657:23:   required from ‘std::vector<_Tp, _Alloc>::vector(_InputIterator, _InputIterator, const allocator_type&) [with _InputIterator = boost::iterators::transform_iterator<boost::algorithm::detail::copy_iterator_rangeF<std::__cxx11::basic_string<char>, __gnu_cxx::__normal_iterator<const char*, std::__cxx11::basic_string<char> > >, boost::algorithm::split_iterator<__gnu_cxx::__normal_iterator<const char*, std::__cxx11::basic_string<char> > >, boost::use_default, boost::use_default>; <template-parameter-2-2> = void; _Tp = std::__cxx11::basic_string<char>; _Alloc = std::allocator<std::__cxx11::basic_string<char> >; std::vector<_Tp, _Alloc>::allocator_type = std::allocator<std::__cxx11::basic_string<char> >]’
/tmp/tmp/built/BH/include/boost/algorithm/string/iter_find.hpp:186:31:   required from ‘SequenceSequenceT& boost::algorithm::iter_split(SequenceSequenceT&, RangeT&&, FinderT) [with SequenceSequenceT = std::vector<std::__cxx11::basic_string<char> >; RangeT = const std::__cxx11::basic_string<char>&; FinderT = boost::algorithm::detail::token_finderF<boost::algorithm::detail::is_any_ofF<char> >]’
/tmp/tmp/built/BH/include/boost/algorithm/string/split.hpp:158:50:   required from ‘SequenceSequenceT& boost::algorithm::split(SequenceSequenceT&, RangeT&&, PredicateT, boost::algorithm::token_compress_mode_type) [with SequenceSequenceT = std::vector<std::__cxx11::basic_string<char> >; RangeT = const std::__cxx11::basic_string<char>&; PredicateT = boost::algorithm::detail::is_any_ofF<char>]’
anytime.cpp:248:17:   required from here
/tmp/tmp/built/BH/include/boost/concept/detail/general.hpp:50:47: warning: ‘this’ pointer is null [-Wnonnull]
   50 |     static void failed() { ((Model*)0)->~Model(); }
      |                            ~~~~~~~~~~~~~~~~~~~^~
In file included from /tmp/tmp/built/BH/include/boost/concept_check.hpp:31,
                 from /tmp/tmp/built/BH/include/boost/range/concepts.hpp:19,
                 from /tmp/tmp/built/BH/include/boost/range/size_type.hpp:20,
                 from /tmp/tmp/built/BH/include/boost/range/size.hpp:21,
                 from /tmp/tmp/built/BH/include/boost/range/functions.hpp:20,
                 from /tmp/tmp/built/BH/include/boost/range/iterator_range_core.hpp:38,
                 from /tmp/tmp/built/BH/include/boost/algorithm/string/replace.hpp:16,
                 from /tmp/tmp/built/BH/include/boost/date_time/date_facet.hpp:17,
                 from /tmp/tmp/built/BH/include/boost/date_time/gregorian/gregorian_io.hpp:16,
                 from /tmp/tmp/built/BH/include/boost/date_time/gregorian/gregorian.hpp:31,
                 from /tmp/tmp/built/BH/include/boost/date_time/posix_time/time_formatters.hpp:12,
                 from /tmp/tmp/built/BH/include/boost/date_time/posix_time/posix_time.hpp:24,
                 from /tmp/tmp/built/BH/include/boost/date_time/local_time/local_time.hpp:11,
                 from /tmp/tmp/built/BH/include/boost/date_time.hpp:15,
                 from anytime.cpp:25:
/tmp/tmp/built/BH/include/boost/concept/usage.hpp:37:7: note: in a call to non-static member function ‘boost::range_detail::SinglePassIteratorConcept<Iterator>::~SinglePassIteratorConcept() [with Iterator = __gnu_cxx::__normal_iterator<const char*, std::__cxx11::basic_string<char> >]’
   37 |       ~model()
      |       ^
/tmp/tmp/built/BH/include/boost/range/concepts.hpp:158:13: note: in expansion of macro ‘BOOST_CONCEPT_USAGE’
  158 |             BOOST_CONCEPT_USAGE(SinglePassIteratorConcept)
      |             ^~~~~~~~~~~~~~~~~~~
In file included from /tmp/tmp/built/BH/include/boost/concept/assert.hpp:35,
                 from /tmp/tmp/built/BH/include/boost/concept_check.hpp:20,
                 from /tmp/tmp/built/BH/include/boost/range/concepts.hpp:19,
                 from /tmp/tmp/built/BH/include/boost/range/size_type.hpp:20,
                 from /tmp/tmp/built/BH/include/boost/range/size.hpp:21,
                 from /tmp/tmp/built/BH/include/boost/range/functions.hpp:20,
                 from /tmp/tmp/built/BH/include/boost/range/iterator_range_core.hpp:38,
                 from /tmp/tmp/built/BH/include/boost/algorithm/string/replace.hpp:16,
                 from /tmp/tmp/built/BH/include/boost/date_time/date_facet.hpp:17,
                 from /tmp/tmp/built/BH/include/boost/date_time/gregorian/gregorian_io.hpp:16,
                 from /tmp/tmp/built/BH/include/boost/date_time/gregorian/gregorian.hpp:31,
                 from /tmp/tmp/built/BH/include/boost/date_time/posix_time/time_formatters.hpp:12,
                 from /tmp/tmp/built/BH/include/boost/date_time/posix_time/posix_time.hpp:24,
                 from /tmp/tmp/built/BH/include/boost/date_time/local_time/local_time.hpp:11,
                 from /tmp/tmp/built/BH/include/boost/date_time.hpp:15,
                 from anytime.cpp:25:
/tmp/tmp/built/BH/include/boost/concept/detail/general.hpp: In instantiation of ‘static void boost::concepts::requirement<boost::concepts::failed************ Model::************>::failed() [with Model = boost::concepts::usage_requirements<boost::SinglePassRangeConcept<const boost::iterator_range<__gnu_cxx::__normal_iterator<const char*, std::__cxx11::basic_string<char> > > > >]’:
/tmp/tmp/built/BH/include/boost/range/concepts.hpp:284:9:   required from ‘struct boost::SinglePassRangeConcept<const boost::iterator_range<__gnu_cxx::__normal_iterator<const char*, std::__cxx11::basic_string<char> > > >’
/tmp/tmp/built/BH/include/boost/concept/detail/has_constraints.hpp:32:62:   required by substitution of ‘template<class Model> boost::concepts::detail::yes boost::concepts::detail::has_constraints_(Model*, boost::concepts::detail::wrap_constraints<Model, (& Model::constraints)>*) [with Model = boost::SinglePassRangeConcept<const boost::iterator_range<__gnu_cxx::__normal_iterator<const char*, std::__cxx11::basic_string<char> > > >]’
/tmp/tmp/built/BH/include/boost/concept/detail/has_constraints.hpp:42:5:   required from ‘const bool boost::concepts::not_satisfied<boost::SinglePassRangeConcept<const boost::iterator_range<__gnu_cxx::__normal_iterator<const char*, std::__cxx11::basic_string<char> > > > >::value’
/tmp/tmp/built/BH/include/boost/concept/detail/has_constraints.hpp:45:51:   required from ‘struct boost::concepts::not_satisfied<boost::SinglePassRangeConcept<const boost::iterator_range<__gnu_cxx::__normal_iterator<const char*, std::__cxx11::basic_string<char> > > > >’
/tmp/tmp/built/BH/include/boost/concept/detail/general.hpp:72:8:   required from ‘struct boost::concepts::requirement_<void (*)(boost::SinglePassRangeConcept<const boost::iterator_range<__gnu_cxx::__normal_iterator<const char*, std::__cxx11::basic_string<char> > > >)>’
/tmp/tmp/built/BH/include/boost/range/algorithm/equal.hpp:174:13:   [ skipping 7 instantiation contexts, use -ftemplate-backtrace-limit=0 to disable ]
/tmp/tmp/built/BH/include/boost/iterator/iterator_facade.hpp:982:3:   required from ‘typename boost::iterators::detail::enable_if_interoperable<Derived1, Derived2, typename boost::mpl::apply2<boost::iterators::detail::always_bool2, Derived1, Derived2>::type>::type boost::iterators::operator!=(const boost::iterators::iterator_facade<Derived1, V1, TC1, Reference1, Difference1>&, const boost::iterators::iterator_facade<Derived2, V2, TC2, Reference2, Difference2>&) [with Derived1 = boost::iterators::transform_iterator<boost::algorithm::detail::copy_iterator_rangeF<std::__cxx11::basic_string<char>, __gnu_cxx::__normal_iterator<const char*, std::__cxx11::basic_string<char> > >, boost::algorithm::split_iterator<__gnu_cxx::__normal_iterator<const char*, std::__cxx11::basic_string<char> > >, boost::use_default, boost::use_default>; V1 = std::__cxx11::basic_string<char>; TC1 = boost::iterators::forward_traversal_tag; Reference1 = std::__cxx11::basic_string<char>; Difference1 = long int; Derived2 = boost::iterators::transform_iterator<boost::algorithm::detail::copy_iterator_rangeF<std::__cxx11::basic_string<char>, __gnu_cxx::__normal_iterator<const char*, std::__cxx11::basic_string<char> > >, boost::algorithm::split_iterator<__gnu_cxx::__normal_iterator<const char*, std::__cxx11::basic_string<char> > >, boost::use_default, boost::use_default>; V2 = std::__cxx11::basic_string<char>; TC2 = boost::iterators::forward_traversal_tag; Reference2 = std::__cxx11::basic_string<char>; Difference2 = long int; typename boost::iterators::detail::enable_if_interoperable<Derived1, Derived2, typename boost::mpl::apply2<boost::iterators::detail::always_bool2, Derived1, Derived2>::type>::type = bool; typename boost::mpl::apply2<boost::iterators::detail::always_bool2, Derived1, Derived2>::type = bool]’
/usr/include/c++/11/bits/stl_vector.h:1562:21:   required from ‘void std::vector<_Tp, _Alloc>::_M_range_initialize(_InputIterator, _InputIterator, std::input_iterator_tag) [with _InputIterator = boost::iterators::transform_iterator<boost::algorithm::detail::copy_iterator_rangeF<std::__cxx11::basic_string<char>, __gnu_cxx::__normal_iterator<const char*, std::__cxx11::basic_string<char> > >, boost::algorithm::split_iterator<__gnu_cxx::__normal_iterator<const char*, std::__cxx11::basic_string<char> > >, boost::use_default, boost::use_default>; _Tp = std::__cxx11::basic_string<char>; _Alloc = std::allocator<std::__cxx11::basic_string<char> >]’
/usr/include/c++/11/bits/stl_vector.h:657:23:   required from ‘std::vector<_Tp, _Alloc>::vector(_InputIterator, _InputIterator, const allocator_type&) [with _InputIterator = boost::iterators::transform_iterator<boost::algorithm::detail::copy_iterator_rangeF<std::__cxx11::basic_string<char>, __gnu_cxx::__normal_iterator<const char*, std::__cxx11::basic_string<char> > >, boost::algorithm::split_iterator<__gnu_cxx::__normal_iterator<const char*, std::__cxx11::basic_string<char> > >, boost::use_default, boost::use_default>; <template-parameter-2-2> = void; _Tp = std::__cxx11::basic_string<char>; _Alloc = std::allocator<std::__cxx11::basic_string<char> >; std::vector<_Tp, _Alloc>::allocator_type = std::allocator<std::__cxx11::basic_string<char> >]’
/tmp/tmp/built/BH/include/boost/algorithm/string/iter_find.hpp:186:31:   required from ‘SequenceSequenceT& boost::algorithm::iter_split(SequenceSequenceT&, RangeT&&, FinderT) [with SequenceSequenceT = std::vector<std::__cxx11::basic_string<char> >; RangeT = const std::__cxx11::basic_string<char>&; FinderT = boost::algorithm::detail::token_finderF<boost::algorithm::detail::is_any_ofF<char> >]’
/tmp/tmp/built/BH/include/boost/algorithm/string/split.hpp:158:50:   required from ‘SequenceSequenceT& boost::algorithm::split(SequenceSequenceT&, RangeT&&, PredicateT, boost::algorithm::token_compress_mode_type) [with SequenceSequenceT = std::vector<std::__cxx11::basic_string<char> >; RangeT = const std::__cxx11::basic_string<char>&; PredicateT = boost::algorithm::detail::is_any_ofF<char>]’
anytime.cpp:248:17:   required from here
/tmp/tmp/built/BH/include/boost/concept/detail/general.hpp:50:47: warning: ‘this’ pointer is null [-Wnonnull]
   50 |     static void failed() { ((Model*)0)->~Model(); }
      |                            ~~~~~~~~~~~~~~~~~~~^~
In file included from /tmp/tmp/built/BH/include/boost/concept_check.hpp:31,
                 from /tmp/tmp/built/BH/include/boost/range/concepts.hpp:19,
                 from /tmp/tmp/built/BH/include/boost/range/size_type.hpp:20,
                 from /tmp/tmp/built/BH/include/boost/range/size.hpp:21,
                 from /tmp/tmp/built/BH/include/boost/range/functions.hpp:20,
                 from /tmp/tmp/built/BH/include/boost/range/iterator_range_core.hpp:38,
                 from /tmp/tmp/built/BH/include/boost/algorithm/string/replace.hpp:16,
                 from /tmp/tmp/built/BH/include/boost/date_time/date_facet.hpp:17,
                 from /tmp/tmp/built/BH/include/boost/date_time/gregorian/gregorian_io.hpp:16,
                 from /tmp/tmp/built/BH/include/boost/date_time/gregorian/gregorian.hpp:31,
                 from /tmp/tmp/built/BH/include/boost/date_time/posix_time/time_formatters.hpp:12,
                 from /tmp/tmp/built/BH/include/boost/date_time/posix_time/posix_time.hpp:24,
                 from /tmp/tmp/built/BH/include/boost/date_time/local_time/local_time.hpp:11,
                 from /tmp/tmp/built/BH/include/boost/date_time.hpp:15,
                 from anytime.cpp:25:
/tmp/tmp/built/BH/include/boost/concept/usage.hpp:20:5: note: in a call to non-static member function ‘boost::concepts::usage_requirements<Model>::~usage_requirements() [with Model = boost::SinglePassRangeConcept<const boost::iterator_range<__gnu_cxx::__normal_iterator<const char*, std::__cxx11::basic_string<char> > > >]’
   20 |     ~usage_requirements() { ((Model*)0)->~Model(); }
      |     ^
In file included from /tmp/tmp/built/BH/include/boost/concept/assert.hpp:35,
                 from /tmp/tmp/built/BH/include/boost/concept_check.hpp:20,
                 from /tmp/tmp/built/BH/include/boost/range/concepts.hpp:19,
                 from /tmp/tmp/built/BH/include/boost/range/size_type.hpp:20,
                 from /tmp/tmp/built/BH/include/boost/range/size.hpp:21,
                 from /tmp/tmp/built/BH/include/boost/range/functions.hpp:20,
                 from /tmp/tmp/built/BH/include/boost/range/iterator_range_core.hpp:38,
                 from /tmp/tmp/built/BH/include/boost/algorithm/string/replace.hpp:16,
                 from /tmp/tmp/built/BH/include/boost/date_time/date_facet.hpp:17,
                 from /tmp/tmp/built/BH/include/boost/date_time/gregorian/gregorian_io.hpp:16,
                 from /tmp/tmp/built/BH/include/boost/date_time/gregorian/gregorian.hpp:31,
                 from /tmp/tmp/built/BH/include/boost/date_time/posix_time/time_formatters.hpp:12,
                 from /tmp/tmp/built/BH/include/boost/date_time/posix_time/posix_time.hpp:24,
                 from /tmp/tmp/built/BH/include/boost/date_time/local_time/local_time.hpp:11,
                 from /tmp/tmp/built/BH/include/boost/date_time.hpp:15,
                 from anytime.cpp:25:
/tmp/tmp/built/BH/include/boost/concept/detail/general.hpp: In instantiation of ‘static void boost::concepts::requirement<boost::concepts::failed************ Model::************>::failed() [with Model = boost::SinglePassRangeConcept<const boost::iterator_range<__gnu_cxx::__normal_iterator<const char*, std::__cxx11::basic_string<char> > > >]’:
/tmp/tmp/built/BH/include/boost/range/algorithm/equal.hpp:174:13:   required from ‘bool boost::range::equal(const SinglePassRange1&, const SinglePassRange2&) [with SinglePassRange1 = boost::iterator_range<__gnu_cxx::__normal_iterator<const char*, std::__cxx11::basic_string<char> > >; SinglePassRange2 = boost::iterator_range<__gnu_cxx::__normal_iterator<const char*, std::__cxx11::basic_string<char> > >]’
/tmp/tmp/built/BH/include/boost/range/iterator_range_core.hpp:644:32:   required from ‘bool boost::operator==(const boost::iterator_range<IteratorT>&, const boost::iterator_range<Iterator2T>&) [with Iterator1T = __gnu_cxx::__normal_iterator<const char*, std::__cxx11::basic_string<char> >; Iterator2T = __gnu_cxx::__normal_iterator<const char*, std::__cxx11::basic_string<char> >]’
/tmp/tmp/built/BH/include/boost/algorithm/string/find_iterator.hpp:359:32:   required from ‘bool boost::algorithm::split_iterator<IteratorT>::equal(const boost::algorithm::split_iterator<IteratorT>&) const [with IteratorT = __gnu_cxx::__normal_iterator<const char*, std::__cxx11::basic_string<char> >]’
/tmp/tmp/built/BH/include/boost/iterator/iterator_facade.hpp:649:26:   required from ‘static bool boost::iterators::iterator_core_access::equal(const Facade1&, const Facade2&, mpl_::true_) [with Facade1 = boost::algorithm::split_iterator<__gnu_cxx::__normal_iterator<const char*, std::__cxx11::basic_string<char> > >; Facade2 = boost::algorithm::split_iterator<__gnu_cxx::__normal_iterator<const char*, std::__cxx11::basic_string<char> > >; mpl_::true_ = mpl_::bool_<true>]’
/tmp/tmp/built/BH/include/boost/iterator/iterator_facade.hpp:981:3:   required from ‘typename boost::iterators::detail::enable_if_interoperable<Derived1, Derived2, typename boost::mpl::apply2<boost::iterators::detail::always_bool2, Derived1, Derived2>::type>::type boost::iterators::operator==(const boost::iterators::iterator_facade<Derived1, V1, TC1, Reference1, Difference1>&, const boost::iterators::iterator_facade<Derived2, V2, TC2, Reference2, Difference2>&) [with Derived1 = boost::algorithm::split_iterator<__gnu_cxx::__normal_iterator<const char*, std::__cxx11::basic_string<char> > >; V1 = const boost::iterator_range<__gnu_cxx::__normal_iterator<const char*, std::__cxx11::basic_string<char> > >; TC1 = boost::iterators::forward_traversal_tag; Reference1 = const boost::iterator_range<__gnu_cxx::__normal_iterator<const char*, std::__cxx11::basic_string<char> > >&; Difference1 = long int; Derived2 = boost::algorithm::split_iterator<__gnu_cxx::__normal_iterator<const char*, std::__cxx11::basic_string<char> > >; V2 = const boost::iterator_range<__gnu_cxx::__normal_iterator<const char*, std::__cxx11::basic_string<char> > >; TC2 = boost::iterators::forward_traversal_tag; Reference2 = const boost::iterator_range<__gnu_cxx::__normal_iterator<const char*, std::__cxx11::basic_string<char> > >&; Difference2 = long int; typename boost::iterators::detail::enable_if_interoperable<Derived1, Derived2, typename boost::mpl::apply2<boost::iterators::detail::always_bool2, Derived1, Derived2>::type>::type = bool; typename boost::mpl::apply2<boost::iterators::detail::always_bool2, Derived1, Derived2>::type = bool]’
/tmp/tmp/built/BH/include/boost/iterator/iterator_adaptor.hpp:305:29:   [ skipping 2 instantiation contexts, use -ftemplate-backtrace-limit=0 to disable ]
/tmp/tmp/built/BH/include/boost/iterator/iterator_facade.hpp:982:3:   required from ‘typename boost::iterators::detail::enable_if_interoperable<Derived1, Derived2, typename boost::mpl::apply2<boost::iterators::detail::always_bool2, Derived1, Derived2>::type>::type boost::iterators::operator!=(const boost::iterators::iterator_facade<Derived1, V1, TC1, Reference1, Difference1>&, const boost::iterators::iterator_facade<Derived2, V2, TC2, Reference2, Difference2>&) [with Derived1 = boost::iterators::transform_iterator<boost::algorithm::detail::copy_iterator_rangeF<std::__cxx11::basic_string<char>, __gnu_cxx::__normal_iterator<const char*, std::__cxx11::basic_string<char> > >, boost::algorithm::split_iterator<__gnu_cxx::__normal_iterator<const char*, std::__cxx11::basic_string<char> > >, boost::use_default, boost::use_default>; V1 = std::__cxx11::basic_string<char>; TC1 = boost::iterators::forward_traversal_tag; Reference1 = std::__cxx11::basic_string<char>; Difference1 = long int; Derived2 = boost::iterators::transform_iterator<boost::algorithm::detail::copy_iterator_rangeF<std::__cxx11::basic_string<char>, __gnu_cxx::__normal_iterator<const char*, std::__cxx11::basic_string<char> > >, boost::algorithm::split_iterator<__gnu_cxx::__normal_iterator<const char*, std::__cxx11::basic_string<char> > >, boost::use_default, boost::use_default>; V2 = std::__cxx11::basic_string<char>; TC2 = boost::iterators::forward_traversal_tag; Reference2 = std::__cxx11::basic_string<char>; Difference2 = long int; typename boost::iterators::detail::enable_if_interoperable<Derived1, Derived2, typename boost::mpl::apply2<boost::iterators::detail::always_bool2, Derived1, Derived2>::type>::type = bool; typename boost::mpl::apply2<boost::iterators::detail::always_bool2, Derived1, Derived2>::type = bool]’
/usr/include/c++/11/bits/stl_vector.h:1562:21:   required from ‘void std::vector<_Tp, _Alloc>::_M_range_initialize(_InputIterator, _InputIterator, std::input_iterator_tag) [with _InputIterator = boost::iterators::transform_iterator<boost::algorithm::detail::copy_iterator_rangeF<std::__cxx11::basic_string<char>, __gnu_cxx::__normal_iterator<const char*, std::__cxx11::basic_string<char> > >, boost::algorithm::split_iterator<__gnu_cxx::__normal_iterator<const char*, std::__cxx11::basic_string<char> > >, boost::use_default, boost::use_default>; _Tp = std::__cxx11::basic_string<char>; _Alloc = std::allocator<std::__cxx11::basic_string<char> >]’
/usr/include/c++/11/bits/stl_vector.h:657:23:   required from ‘std::vector<_Tp, _Alloc>::vector(_InputIterator, _InputIterator, const allocator_type&) [with _InputIterator = boost::iterators::transform_iterator<boost::algorithm::detail::copy_iterator_rangeF<std::__cxx11::basic_string<char>, __gnu_cxx::__normal_iterator<const char*, std::__cxx11::basic_string<char> > >, boost::algorithm::split_iterator<__gnu_cxx::__normal_iterator<const char*, std::__cxx11::basic_string<char> > >, boost::use_default, boost::use_default>; <template-parameter-2-2> = void; _Tp = std::__cxx11::basic_string<char>; _Alloc = std::allocator<std::__cxx11::basic_string<char> >; std::vector<_Tp, _Alloc>::allocator_type = std::allocator<std::__cxx11::basic_string<char> >]’
/tmp/tmp/built/BH/include/boost/algorithm/string/iter_find.hpp:186:31:   required from ‘SequenceSequenceT& boost::algorithm::iter_split(SequenceSequenceT&, RangeT&&, FinderT) [with SequenceSequenceT = std::vector<std::__cxx11::basic_string<char> >; RangeT = const std::__cxx11::basic_string<char>&; FinderT = boost::algorithm::detail::token_finderF<boost::algorithm::detail::is_any_ofF<char> >]’
/tmp/tmp/built/BH/include/boost/algorithm/string/split.hpp:158:50:   required from ‘SequenceSequenceT& boost::algorithm::split(SequenceSequenceT&, RangeT&&, PredicateT, boost::algorithm::token_compress_mode_type) [with SequenceSequenceT = std::vector<std::__cxx11::basic_string<char> >; RangeT = const std::__cxx11::basic_string<char>&; PredicateT = boost::algorithm::detail::is_any_ofF<char>]’
anytime.cpp:248:17:   required from here
/tmp/tmp/built/BH/include/boost/concept/detail/general.hpp:50:47: warning: ‘this’ pointer is null [-Wnonnull]
   50 |     static void failed() { ((Model*)0)->~Model(); }
      |                            ~~~~~~~~~~~~~~~~~~~^~
In file included from /tmp/tmp/built/BH/include/boost/concept_check.hpp:31,
                 from /tmp/tmp/built/BH/include/boost/range/concepts.hpp:19,
                 from /tmp/tmp/built/BH/include/boost/range/size_type.hpp:20,
                 from /tmp/tmp/built/BH/include/boost/range/size.hpp:21,
                 from /tmp/tmp/built/BH/include/boost/range/functions.hpp:20,
                 from /tmp/tmp/built/BH/include/boost/range/iterator_range_core.hpp:38,
                 from /tmp/tmp/built/BH/include/boost/algorithm/string/replace.hpp:16,
                 from /tmp/tmp/built/BH/include/boost/date_time/date_facet.hpp:17,
                 from /tmp/tmp/built/BH/include/boost/date_time/gregorian/gregorian_io.hpp:16,
                 from /tmp/tmp/built/BH/include/boost/date_time/gregorian/gregorian.hpp:31,
                 from /tmp/tmp/built/BH/include/boost/date_time/posix_time/time_formatters.hpp:12,
                 from /tmp/tmp/built/BH/include/boost/date_time/posix_time/posix_time.hpp:24,
                 from /tmp/tmp/built/BH/include/boost/date_time/local_time/local_time.hpp:11,
                 from /tmp/tmp/built/BH/include/boost/date_time.hpp:15,
                 from anytime.cpp:25:
/tmp/tmp/built/BH/include/boost/concept/usage.hpp:37:7: note: in a call to non-static member function ‘boost::SinglePassRangeConcept<T>::~SinglePassRangeConcept() [with T = const boost::iterator_range<__gnu_cxx::__normal_iterator<const char*, std::__cxx11::basic_string<char> > >]’
   37 |       ~model()
      |       ^
/tmp/tmp/built/BH/include/boost/range/concepts.hpp:284:9: note: in expansion of macro ‘BOOST_CONCEPT_USAGE’
  284 |         BOOST_CONCEPT_USAGE(SinglePassRangeConcept)
      |         ^~~~~~~~~~~~~~~~~~~
/tmp/tmp/built/BH/include/boost/concept/usage.hpp: In instantiation of ‘boost::concepts::usage_requirements<Model>::~usage_requirements() [with Model = boost::CopyConstructible<__gnu_cxx::__normal_iterator<const char*, std::__cxx11::basic_string<char> > >]’:
/tmp/tmp/built/BH/include/boost/concept/detail/general.hpp:50:47:   required from ‘static void boost::concepts::requirement<boost::concepts::failed************ Model::************>::failed() [with Model = boost::concepts::usage_requirements<boost::CopyConstructible<__gnu_cxx::__normal_iterator<const char*, std::__cxx11::basic_string<char> > > >]’
/tmp/tmp/built/BH/include/boost/concept_check.hpp:167:5:   required from ‘struct boost::CopyConstructible<__gnu_cxx::__normal_iterator<const char*, std::__cxx11::basic_string<char> > >’
/tmp/tmp/built/BH/include/boost/range/concepts.hpp:125:16:   required from ‘struct boost::range_detail::IncrementableIteratorConcept<__gnu_cxx::__normal_iterator<const char*, std::__cxx11::basic_string<char> > >’
/tmp/tmp/built/BH/include/boost/range/concepts.hpp:147:16:   required from ‘struct boost::range_detail::SinglePassIteratorConcept<__gnu_cxx::__normal_iterator<const char*, std::__cxx11::basic_string<char> > >’
/tmp/tmp/built/BH/include/boost/concept/detail/has_constraints.hpp:32:62:   required by substitution of ‘template<class Model> boost::concepts::detail::yes boost::concepts::detail::has_constraints_(Model*, boost::concepts::detail::wrap_constraints<Model, (& Model::constraints)>*) [with Model = boost::range_detail::SinglePassIteratorConcept<__gnu_cxx::__normal_iterator<const char*, std::__cxx11::basic_string<char> > >]’
/tmp/tmp/built/BH/include/boost/concept/detail/has_constraints.hpp:42:5:   [ skipping 15 instantiation contexts, use -ftemplate-backtrace-limit=0 to disable ]
/tmp/tmp/built/BH/include/boost/iterator/iterator_facade.hpp:982:3:   required from ‘typename boost::iterators::detail::enable_if_interoperable<Derived1, Derived2, typename boost::mpl::apply2<boost::iterators::detail::always_bool2, Derived1, Derived2>::type>::type boost::iterators::operator!=(const boost::iterators::iterator_facade<Derived1, V1, TC1, Reference1, Difference1>&, const boost::iterators::iterator_facade<Derived2, V2, TC2, Reference2, Difference2>&) [with Derived1 = boost::iterators::transform_iterator<boost::algorithm::detail::copy_iterator_rangeF<std::__cxx11::basic_string<char>, __gnu_cxx::__normal_iterator<const char*, std::__cxx11::basic_string<char> > >, boost::algorithm::split_iterator<__gnu_cxx::__normal_iterator<const char*, std::__cxx11::basic_string<char> > >, boost::use_default, boost::use_default>; V1 = std::__cxx11::basic_string<char>; TC1 = boost::iterators::forward_traversal_tag; Reference1 = std::__cxx11::basic_string<char>; Difference1 = long int; Derived2 = boost::iterators::transform_iterator<boost::algorithm::detail::copy_iterator_rangeF<std::__cxx11::basic_string<char>, __gnu_cxx::__normal_iterator<const char*, std::__cxx11::basic_string<char> > >, boost::algorithm::split_iterator<__gnu_cxx::__normal_iterator<const char*, std::__cxx11::basic_string<char> > >, boost::use_default, boost::use_default>; V2 = std::__cxx11::basic_string<char>; TC2 = boost::iterators::forward_traversal_tag; Reference2 = std::__cxx11::basic_string<char>; Difference2 = long int; typename boost::iterators::detail::enable_if_interoperable<Derived1, Derived2, typename boost::mpl::apply2<boost::iterators::detail::always_bool2, Derived1, Derived2>::type>::type = bool; typename boost::mpl::apply2<boost::iterators::detail::always_bool2, Derived1, Derived2>::type = bool]’
/usr/include/c++/11/bits/stl_vector.h:1562:21:   required from ‘void std::vector<_Tp, _Alloc>::_M_range_initialize(_InputIterator, _InputIterator, std::input_iterator_tag) [with _InputIterator = boost::iterators::transform_iterator<boost::algorithm::detail::copy_iterator_rangeF<std::__cxx11::basic_string<char>, __gnu_cxx::__normal_iterator<const char*, std::__cxx11::basic_string<char> > >, boost::algorithm::split_iterator<__gnu_cxx::__normal_iterator<const char*, std::__cxx11::basic_string<char> > >, boost::use_default, boost::use_default>; _Tp = std::__cxx11::basic_string<char>; _Alloc = std::allocator<std::__cxx11::basic_string<char> >]’
/usr/include/c++/11/bits/stl_vector.h:657:23:   required from ‘std::vector<_Tp, _Alloc>::vector(_InputIterator, _InputIterator, const allocator_type&) [with _InputIterator = boost::iterators::transform_iterator<boost::algorithm::detail::copy_iterator_rangeF<std::__cxx11::basic_string<char>, __gnu_cxx::__normal_iterator<const char*, std::__cxx11::basic_string<char> > >, boost::algorithm::split_iterator<__gnu_cxx::__normal_iterator<const char*, std::__cxx11::basic_string<char> > >, boost::use_default, boost::use_default>; <template-parameter-2-2> = void; _Tp = std::__cxx11::basic_string<char>; _Alloc = std::allocator<std::__cxx11::basic_string<char> >; std::vector<_Tp, _Alloc>::allocator_type = std::allocator<std::__cxx11::basic_string<char> >]’
/tmp/tmp/built/BH/include/boost/algorithm/string/iter_find.hpp:186:31:   required from ‘SequenceSequenceT& boost::algorithm::iter_split(SequenceSequenceT&, RangeT&&, FinderT) [with SequenceSequenceT = std::vector<std::__cxx11::basic_string<char> >; RangeT = const std::__cxx11::basic_string<char>&; FinderT = boost::algorithm::detail::token_finderF<boost::algorithm::detail::is_any_ofF<char> >]’
/tmp/tmp/built/BH/include/boost/algorithm/string/split.hpp:158:50:   required from ‘SequenceSequenceT& boost::algorithm::split(SequenceSequenceT&, RangeT&&, PredicateT, boost::algorithm::token_compress_mode_type) [with SequenceSequenceT = std::vector<std::__cxx11::basic_string<char> >; RangeT = const std::__cxx11::basic_string<char>&; PredicateT = boost::algorithm::detail::is_any_ofF<char>]’
anytime.cpp:248:17:   required from here
/tmp/tmp/built/BH/include/boost/concept/usage.hpp:20:48: warning: ‘this’ pointer is null [-Wnonnull]
   20 |     ~usage_requirements() { ((Model*)0)->~Model(); }
      |                             ~~~~~~~~~~~~~~~~~~~^~
/tmp/tmp/built/BH/include/boost/concept/usage.hpp:37:7: note: in a call to non-static member function ‘boost::CopyConstructible<TT>::~CopyConstructible() [with TT = __gnu_cxx::__normal_iterator<const char*, std::__cxx11::basic_string<char> >]’
   37 |       ~model()
      |       ^
/tmp/tmp/built/BH/include/boost/concept_check.hpp:167:5: note: in expansion of macro ‘BOOST_CONCEPT_USAGE’
  167 |     BOOST_CONCEPT_USAGE(CopyConstructible) {
      |     ^~~~~~~~~~~~~~~~~~~
/tmp/tmp/built/BH/include/boost/concept/usage.hpp: In instantiation of ‘boost::concepts::usage_requirements<Model>::~usage_requirements() [with Model = boost::Convertible<boost::iterators::random_access_traversal_tag, boost::iterators::incrementable_traversal_tag>]’:
/tmp/tmp/built/BH/include/boost/concept/detail/general.hpp:50:47:   required from ‘static void boost::concepts::requirement<boost::concepts::failed************ Model::************>::failed() [with Model = boost::concepts::usage_requirements<boost::Convertible<boost::iterators::random_access_traversal_tag, boost::iterators::incrementable_traversal_tag> >]’
/tmp/tmp/built/BH/include/boost/concept_check.hpp:208:5:   required from ‘struct boost::Convertible<boost::iterators::random_access_traversal_tag, boost::iterators::incrementable_traversal_tag>’
/tmp/tmp/built/BH/include/boost/concept/detail/has_constraints.hpp:32:62:   required by substitution of ‘template<class Model> boost::concepts::detail::yes boost::concepts::detail::has_constraints_(Model*, boost::concepts::detail::wrap_constraints<Model, (& Model::constraints)>*) [with Model = boost::Convertible<boost::iterators::random_access_traversal_tag, boost::iterators::incrementable_traversal_tag>]’
/tmp/tmp/built/BH/include/boost/concept/detail/has_constraints.hpp:42:5:   required from ‘const bool boost::concepts::not_satisfied<boost::Convertible<boost::iterators::random_access_traversal_tag, boost::iterators::incrementable_traversal_tag> >::value’
/tmp/tmp/built/BH/include/boost/concept/detail/has_constraints.hpp:45:51:   required from ‘struct boost::concepts::not_satisfied<boost::Convertible<boost::iterators::random_access_traversal_tag, boost::iterators::incrementable_traversal_tag> >’
/tmp/tmp/built/BH/include/boost/concept/detail/general.hpp:72:8:   [ skipping 19 instantiation contexts, use -ftemplate-backtrace-limit=0 to disable ]
/tmp/tmp/built/BH/include/boost/iterator/iterator_facade.hpp:982:3:   required from ‘typename boost::iterators::detail::enable_if_interoperable<Derived1, Derived2, typename boost::mpl::apply2<boost::iterators::detail::always_bool2, Derived1, Derived2>::type>::type boost::iterators::operator!=(const boost::iterators::iterator_facade<Derived1, V1, TC1, Reference1, Difference1>&, const boost::iterators::iterator_facade<Derived2, V2, TC2, Reference2, Difference2>&) [with Derived1 = boost::iterators::transform_iterator<boost::algorithm::detail::copy_iterator_rangeF<std::__cxx11::basic_string<char>, __gnu_cxx::__normal_iterator<const char*, std::__cxx11::basic_string<char> > >, boost::algorithm::split_iterator<__gnu_cxx::__normal_iterator<const char*, std::__cxx11::basic_string<char> > >, boost::use_default, boost::use_default>; V1 = std::__cxx11::basic_string<char>; TC1 = boost::iterators::forward_traversal_tag; Reference1 = std::__cxx11::basic_string<char>; Difference1 = long int; Derived2 = boost::iterators::transform_iterator<boost::algorithm::detail::copy_iterator_rangeF<std::__cxx11::basic_string<char>, __gnu_cxx::__normal_iterator<const char*, std::__cxx11::basic_string<char> > >, boost::algorithm::split_iterator<__gnu_cxx::__normal_iterator<const char*, std::__cxx11::basic_string<char> > >, boost::use_default, boost::use_default>; V2 = std::__cxx11::basic_string<char>; TC2 = boost::iterators::forward_traversal_tag; Reference2 = std::__cxx11::basic_string<char>; Difference2 = long int; typename boost::iterators::detail::enable_if_interoperable<Derived1, Derived2, typename boost::mpl::apply2<boost::iterators::detail::always_bool2, Derived1, Derived2>::type>::type = bool; typename boost::mpl::apply2<boost::iterators::detail::always_bool2, Derived1, Derived2>::type = bool]’
/usr/include/c++/11/bits/stl_vector.h:1562:21:   required from ‘void std::vector<_Tp, _Alloc>::_M_range_initialize(_InputIterator, _InputIterator, std::input_iterator_tag) [with _InputIterator = boost::iterators::transform_iterator<boost::algorithm::detail::copy_iterator_rangeF<std::__cxx11::basic_string<char>, __gnu_cxx::__normal_iterator<const char*, std::__cxx11::basic_string<char> > >, boost::algorithm::split_iterator<__gnu_cxx::__normal_iterator<const char*, std::__cxx11::basic_string<char> > >, boost::use_default, boost::use_default>; _Tp = std::__cxx11::basic_string<char>; _Alloc = std::allocator<std::__cxx11::basic_string<char> >]’
/usr/include/c++/11/bits/stl_vector.h:657:23:   required from ‘std::vector<_Tp, _Alloc>::vector(_InputIterator, _InputIterator, const allocator_type&) [with _InputIterator = boost::iterators::transform_iterator<boost::algorithm::detail::copy_iterator_rangeF<std::__cxx11::basic_string<char>, __gnu_cxx::__normal_iterator<const char*, std::__cxx11::basic_string<char> > >, boost::algorithm::split_iterator<__gnu_cxx::__normal_iterator<const char*, std::__cxx11::basic_string<char> > >, boost::use_default, boost::use_default>; <template-parameter-2-2> = void; _Tp = std::__cxx11::basic_string<char>; _Alloc = std::allocator<std::__cxx11::basic_string<char> >; std::vector<_Tp, _Alloc>::allocator_type = std::allocator<std::__cxx11::basic_string<char> >]’
/tmp/tmp/built/BH/include/boost/algorithm/string/iter_find.hpp:186:31:   required from ‘SequenceSequenceT& boost::algorithm::iter_split(SequenceSequenceT&, RangeT&&, FinderT) [with SequenceSequenceT = std::vector<std::__cxx11::basic_string<char> >; RangeT = const std::__cxx11::basic_string<char>&; FinderT = boost::algorithm::detail::token_finderF<boost::algorithm::detail::is_any_ofF<char> >]’
/tmp/tmp/built/BH/include/boost/algorithm/string/split.hpp:158:50:   required from ‘SequenceSequenceT& boost::algorithm::split(SequenceSequenceT&, RangeT&&, PredicateT, boost::algorithm::token_compress_mode_type) [with SequenceSequenceT = std::vector<std::__cxx11::basic_string<char> >; RangeT = const std::__cxx11::basic_string<char>&; PredicateT = boost::algorithm::detail::is_any_ofF<char>]’
anytime.cpp:248:17:   required from here
/tmp/tmp/built/BH/include/boost/concept/usage.hpp:20:48: warning: ‘this’ pointer is null [-Wnonnull]
   20 |     ~usage_requirements() { ((Model*)0)->~Model(); }
      |                             ~~~~~~~~~~~~~~~~~~~^~
/tmp/tmp/built/BH/include/boost/concept/usage.hpp:37:7: note: in a call to non-static member function ‘boost::Convertible<X, Y>::~Convertible() [with X = boost::iterators::random_access_traversal_tag; Y = boost::iterators::incrementable_traversal_tag]’
   37 |       ~model()
      |       ^
/tmp/tmp/built/BH/include/boost/concept_check.hpp:208:5: note: in expansion of macro ‘BOOST_CONCEPT_USAGE’
  208 |     BOOST_CONCEPT_USAGE(Convertible) {
      |     ^~~~~~~~~~~~~~~~~~~
/tmp/tmp/built/BH/include/boost/concept/usage.hpp: In instantiation of ‘boost::concepts::usage_requirements<Model>::~usage_requirements() [with Model = boost::range_detail::IncrementableIteratorConcept<__gnu_cxx::__normal_iterator<const char*, std::__cxx11::basic_string<char> > >]’:
/tmp/tmp/built/BH/include/boost/concept/detail/general.hpp:50:47:   required from ‘static void boost::concepts::requirement<boost::concepts::failed************ Model::************>::failed() [with Model = boost::concepts::usage_requirements<boost::range_detail::IncrementableIteratorConcept<__gnu_cxx::__normal_iterator<const char*, std::__cxx11::basic_string<char> > > >]’
/tmp/tmp/built/BH/include/boost/range/concepts.hpp:136:13:   required from ‘struct boost::range_detail::IncrementableIteratorConcept<__gnu_cxx::__normal_iterator<const char*, std::__cxx11::basic_string<char> > >’
/tmp/tmp/built/BH/include/boost/range/concepts.hpp:147:16:   required from ‘struct boost::range_detail::SinglePassIteratorConcept<__gnu_cxx::__normal_iterator<const char*, std::__cxx11::basic_string<char> > >’
/tmp/tmp/built/BH/include/boost/concept/detail/has_constraints.hpp:32:62:   required by substitution of ‘template<class Model> boost::concepts::detail::yes boost::concepts::detail::has_constraints_(Model*, boost::concepts::detail::wrap_constraints<Model, (& Model::constraints)>*) [with Model = boost::range_detail::SinglePassIteratorConcept<__gnu_cxx::__normal_iterator<const char*, std::__cxx11::basic_string<char> > >]’
/tmp/tmp/built/BH/include/boost/concept/detail/has_constraints.hpp:42:5:   required from ‘const bool boost::concepts::not_satisfied<boost::range_detail::SinglePassIteratorConcept<__gnu_cxx::__normal_iterator<const char*, std::__cxx11::basic_string<char> > > >::value’
/tmp/tmp/built/BH/include/boost/concept/detail/has_constraints.hpp:45:51:   [ skipping 14 instantiation contexts, use -ftemplate-backtrace-limit=0 to disable ]
/tmp/tmp/built/BH/include/boost/iterator/iterator_facade.hpp:982:3:   required from ‘typename boost::iterators::detail::enable_if_interoperable<Derived1, Derived2, typename boost::mpl::apply2<boost::iterators::detail::always_bool2, Derived1, Derived2>::type>::type boost::iterators::operator!=(const boost::iterators::iterator_facade<Derived1, V1, TC1, Reference1, Difference1>&, const boost::iterators::iterator_facade<Derived2, V2, TC2, Reference2, Difference2>&) [with Derived1 = boost::iterators::transform_iterator<boost::algorithm::detail::copy_iterator_rangeF<std::__cxx11::basic_string<char>, __gnu_cxx::__normal_iterator<const char*, std::__cxx11::basic_string<char> > >, boost::algorithm::split_iterator<__gnu_cxx::__normal_iterator<const char*, std::__cxx11::basic_string<char> > >, boost::use_default, boost::use_default>; V1 = std::__cxx11::basic_string<char>; TC1 = boost::iterators::forward_traversal_tag; Reference1 = std::__cxx11::basic_string<char>; Difference1 = long int; Derived2 = boost::iterators::transform_iterator<boost::algorithm::detail::copy_iterator_rangeF<std::__cxx11::basic_string<char>, __gnu_cxx::__normal_iterator<const char*, std::__cxx11::basic_string<char> > >, boost::algorithm::split_iterator<__gnu_cxx::__normal_iterator<const char*, std::__cxx11::basic_string<char> > >, boost::use_default, boost::use_default>; V2 = std::__cxx11::basic_string<char>; TC2 = boost::iterators::forward_traversal_tag; Reference2 = std::__cxx11::basic_string<char>; Difference2 = long int; typename boost::iterators::detail::enable_if_interoperable<Derived1, Derived2, typename boost::mpl::apply2<boost::iterators::detail::always_bool2, Derived1, Derived2>::type>::type = bool; typename boost::mpl::apply2<boost::iterators::detail::always_bool2, Derived1, Derived2>::type = bool]’
/usr/include/c++/11/bits/stl_vector.h:1562:21:   required from ‘void std::vector<_Tp, _Alloc>::_M_range_initialize(_InputIterator, _InputIterator, std::input_iterator_tag) [with _InputIterator = boost::iterators::transform_iterator<boost::algorithm::detail::copy_iterator_rangeF<std::__cxx11::basic_string<char>, __gnu_cxx::__normal_iterator<const char*, std::__cxx11::basic_string<char> > >, boost::algorithm::split_iterator<__gnu_cxx::__normal_iterator<const char*, std::__cxx11::basic_string<char> > >, boost::use_default, boost::use_default>; _Tp = std::__cxx11::basic_string<char>; _Alloc = std::allocator<std::__cxx11::basic_string<char> >]’
/usr/include/c++/11/bits/stl_vector.h:657:23:   required from ‘std::vector<_Tp, _Alloc>::vector(_InputIterator, _InputIterator, const allocator_type&) [with _InputIterator = boost::iterators::transform_iterator<boost::algorithm::detail::copy_iterator_rangeF<std::__cxx11::basic_string<char>, __gnu_cxx::__normal_iterator<const char*, std::__cxx11::basic_string<char> > >, boost::algorithm::split_iterator<__gnu_cxx::__normal_iterator<const char*, std::__cxx11::basic_string<char> > >, boost::use_default, boost::use_default>; <template-parameter-2-2> = void; _Tp = std::__cxx11::basic_string<char>; _Alloc = std::allocator<std::__cxx11::basic_string<char> >; std::vector<_Tp, _Alloc>::allocator_type = std::allocator<std::__cxx11::basic_string<char> >]’
/tmp/tmp/built/BH/include/boost/algorithm/string/iter_find.hpp:186:31:   required from ‘SequenceSequenceT& boost::algorithm::iter_split(SequenceSequenceT&, RangeT&&, FinderT) [with SequenceSequenceT = std::vector<std::__cxx11::basic_string<char> >; RangeT = const std::__cxx11::basic_string<char>&; FinderT = boost::algorithm::detail::token_finderF<boost::algorithm::detail::is_any_ofF<char> >]’
/tmp/tmp/built/BH/include/boost/algorithm/string/split.hpp:158:50:   required from ‘SequenceSequenceT& boost::algorithm::split(SequenceSequenceT&, RangeT&&, PredicateT, boost::algorithm::token_compress_mode_type) [with SequenceSequenceT = std::vector<std::__cxx11::basic_string<char> >; RangeT = const std::__cxx11::basic_string<char>&; PredicateT = boost::algorithm::detail::is_any_ofF<char>]’
anytime.cpp:248:17:   required from here
/tmp/tmp/built/BH/include/boost/concept/usage.hpp:20:48: warning: ‘this’ pointer is null [-Wnonnull]
   20 |     ~usage_requirements() { ((Model*)0)->~Model(); }
      |                             ~~~~~~~~~~~~~~~~~~~^~
/tmp/tmp/built/BH/include/boost/concept/usage.hpp:37:7: note: in a call to non-static member function ‘boost::range_detail::IncrementableIteratorConcept<Iterator>::~IncrementableIteratorConcept() [with Iterator = __gnu_cxx::__normal_iterator<const char*, std::__cxx11::basic_string<char> >]’
   37 |       ~model()
      |       ^
/tmp/tmp/built/BH/include/boost/range/concepts.hpp:136:13: note: in expansion of macro ‘BOOST_CONCEPT_USAGE’
  136 |             BOOST_CONCEPT_USAGE(IncrementableIteratorConcept)
      |             ^~~~~~~~~~~~~~~~~~~
/tmp/tmp/built/BH/include/boost/concept/usage.hpp: In instantiation of ‘boost::concepts::usage_requirements<Model>::~usage_requirements() [with Model = boost::EqualityComparable<__gnu_cxx::__normal_iterator<const char*, std::__cxx11::basic_string<char> > >]’:
/tmp/tmp/built/BH/include/boost/concept/detail/general.hpp:50:47:   required from ‘static void boost::concepts::requirement<boost::concepts::failed************ Model::************>::failed() [with Model = boost::concepts::usage_requirements<boost::EqualityComparable<__gnu_cxx::__normal_iterator<const char*, std::__cxx11::basic_string<char> > > >]’
/tmp/tmp/built/BH/include/boost/concept_check.hpp:233:5:   required from ‘struct boost::EqualityComparable<__gnu_cxx::__normal_iterator<const char*, std::__cxx11::basic_string<char> > >’
/tmp/tmp/built/BH/include/boost/range/concepts.hpp:147:16:   required from ‘struct boost::range_detail::SinglePassIteratorConcept<__gnu_cxx::__normal_iterator<const char*, std::__cxx11::basic_string<char> > >’
/tmp/tmp/built/BH/include/boost/concept/detail/has_constraints.hpp:32:62:   required by substitution of ‘template<class Model> boost::concepts::detail::yes boost::concepts::detail::has_constraints_(Model*, boost::concepts::detail::wrap_constraints<Model, (& Model::constraints)>*) [with Model = boost::range_detail::SinglePassIteratorConcept<__gnu_cxx::__normal_iterator<const char*, std::__cxx11::basic_string<char> > >]’
/tmp/tmp/built/BH/include/boost/concept/detail/has_constraints.hpp:42:5:   required from ‘const bool boost::concepts::not_satisfied<boost::range_detail::SinglePassIteratorConcept<__gnu_cxx::__normal_iterator<const char*, std::__cxx11::basic_string<char> > > >::value’
/tmp/tmp/built/BH/include/boost/concept/detail/has_constraints.hpp:45:51:   [ skipping 14 instantiation contexts, use -ftemplate-backtrace-limit=0 to disable ]
/tmp/tmp/built/BH/include/boost/iterator/iterator_facade.hpp:982:3:   required from ‘typename boost::iterators::detail::enable_if_interoperable<Derived1, Derived2, typename boost::mpl::apply2<boost::iterators::detail::always_bool2, Derived1, Derived2>::type>::type boost::iterators::operator!=(const boost::iterators::iterator_facade<Derived1, V1, TC1, Reference1, Difference1>&, const boost::iterators::iterator_facade<Derived2, V2, TC2, Reference2, Difference2>&) [with Derived1 = boost::iterators::transform_iterator<boost::algorithm::detail::copy_iterator_rangeF<std::__cxx11::basic_string<char>, __gnu_cxx::__normal_iterator<const char*, std::__cxx11::basic_string<char> > >, boost::algorithm::split_iterator<__gnu_cxx::__normal_iterator<const char*, std::__cxx11::basic_string<char> > >, boost::use_default, boost::use_default>; V1 = std::__cxx11::basic_string<char>; TC1 = boost::iterators::forward_traversal_tag; Reference1 = std::__cxx11::basic_string<char>; Difference1 = long int; Derived2 = boost::iterators::transform_iterator<boost::algorithm::detail::copy_iterator_rangeF<std::__cxx11::basic_string<char>, __gnu_cxx::__normal_iterator<const char*, std::__cxx11::basic_string<char> > >, boost::algorithm::split_iterator<__gnu_cxx::__normal_iterator<const char*, std::__cxx11::basic_string<char> > >, boost::use_default, boost::use_default>; V2 = std::__cxx11::basic_string<char>; TC2 = boost::iterators::forward_traversal_tag; Reference2 = std::__cxx11::basic_string<char>; Difference2 = long int; typename boost::iterators::detail::enable_if_interoperable<Derived1, Derived2, typename boost::mpl::apply2<boost::iterators::detail::always_bool2, Derived1, Derived2>::type>::type = bool; typename boost::mpl::apply2<boost::iterators::detail::always_bool2, Derived1, Derived2>::type = bool]’
/usr/include/c++/11/bits/stl_vector.h:1562:21:   required from ‘void std::vector<_Tp, _Alloc>::_M_range_initialize(_InputIterator, _InputIterator, std::input_iterator_tag) [with _InputIterator = boost::iterators::transform_iterator<boost::algorithm::detail::copy_iterator_rangeF<std::__cxx11::basic_string<char>, __gnu_cxx::__normal_iterator<const char*, std::__cxx11::basic_string<char> > >, boost::algorithm::split_iterator<__gnu_cxx::__normal_iterator<const char*, std::__cxx11::basic_string<char> > >, boost::use_default, boost::use_default>; _Tp = std::__cxx11::basic_string<char>; _Alloc = std::allocator<std::__cxx11::basic_string<char> >]’
/usr/include/c++/11/bits/stl_vector.h:657:23:   required from ‘std::vector<_Tp, _Alloc>::vector(_InputIterator, _InputIterator, const allocator_type&) [with _InputIterator = boost::iterators::transform_iterator<boost::algorithm::detail::copy_iterator_rangeF<std::__cxx11::basic_string<char>, __gnu_cxx::__normal_iterator<const char*, std::__cxx11::basic_string<char> > >, boost::algorithm::split_iterator<__gnu_cxx::__normal_iterator<const char*, std::__cxx11::basic_string<char> > >, boost::use_default, boost::use_default>; <template-parameter-2-2> = void; _Tp = std::__cxx11::basic_string<char>; _Alloc = std::allocator<std::__cxx11::basic_string<char> >; std::vector<_Tp, _Alloc>::allocator_type = std::allocator<std::__cxx11::basic_string<char> >]’
/tmp/tmp/built/BH/include/boost/algorithm/string/iter_find.hpp:186:31:   required from ‘SequenceSequenceT& boost::algorithm::iter_split(SequenceSequenceT&, RangeT&&, FinderT) [with SequenceSequenceT = std::vector<std::__cxx11::basic_string<char> >; RangeT = const std::__cxx11::basic_string<char>&; FinderT = boost::algorithm::detail::token_finderF<boost::algorithm::detail::is_any_ofF<char> >]’
/tmp/tmp/built/BH/include/boost/algorithm/string/split.hpp:158:50:   required from ‘SequenceSequenceT& boost::algorithm::split(SequenceSequenceT&, RangeT&&, PredicateT, boost::algorithm::token_compress_mode_type) [with SequenceSequenceT = std::vector<std::__cxx11::basic_string<char> >; RangeT = const std::__cxx11::basic_string<char>&; PredicateT = boost::algorithm::detail::is_any_ofF<char>]’
anytime.cpp:248:17:   required from here
/tmp/tmp/built/BH/include/boost/concept/usage.hpp:20:48: warning: ‘this’ pointer is null [-Wnonnull]
   20 |     ~usage_requirements() { ((Model*)0)->~Model(); }
      |                             ~~~~~~~~~~~~~~~~~~~^~
/tmp/tmp/built/BH/include/boost/concept/usage.hpp:37:7: note: in a call to non-static member function ‘boost::EqualityComparable<TT>::~EqualityComparable() [with TT = __gnu_cxx::__normal_iterator<const char*, std::__cxx11::basic_string<char> >]’
   37 |       ~model()
      |       ^
/tmp/tmp/built/BH/include/boost/concept_check.hpp:233:5: note: in expansion of macro ‘BOOST_CONCEPT_USAGE’
  233 |     BOOST_CONCEPT_USAGE(EqualityComparable) {
      |     ^~~~~~~~~~~~~~~~~~~
/tmp/tmp/built/BH/include/boost/concept/usage.hpp: In instantiation of ‘boost::concepts::usage_requirements<Model>::~usage_requirements() [with Model = boost::Convertible<boost::iterators::random_access_traversal_tag, boost::iterators::single_pass_traversal_tag>]’:
/tmp/tmp/built/BH/include/boost/concept/detail/general.hpp:50:47:   required from ‘static void boost::concepts::requirement<boost::concepts::failed************ Model::************>::failed() [with Model = boost::concepts::usage_requirements<boost::Convertible<boost::iterators::random_access_traversal_tag, boost::iterators::single_pass_traversal_tag> >]’
/tmp/tmp/built/BH/include/boost/concept_check.hpp:208:5:   required from ‘struct boost::Convertible<boost::iterators::random_access_traversal_tag, boost::iterators::single_pass_traversal_tag>’
/tmp/tmp/built/BH/include/boost/concept/detail/has_constraints.hpp:32:62:   required by substitution of ‘template<class Model> boost::concepts::detail::yes boost::concepts::detail::has_constraints_(Model*, boost::concepts::detail::wrap_constraints<Model, (& Model::constraints)>*) [with Model = boost::Convertible<boost::iterators::random_access_traversal_tag, boost::iterators::single_pass_traversal_tag>]’
/tmp/tmp/built/BH/include/boost/concept/detail/has_constraints.hpp:42:5:   required from ‘const bool boost::concepts::not_satisfied<boost::Convertible<boost::iterators::random_access_traversal_tag, boost::iterators::single_pass_traversal_tag> >::value’
/tmp/tmp/built/BH/include/boost/concept/detail/has_constraints.hpp:45:51:   required from ‘struct boost::concepts::not_satisfied<boost::Convertible<boost::iterators::random_access_traversal_tag, boost::iterators::single_pass_traversal_tag> >’
/tmp/tmp/built/BH/include/boost/concept/detail/general.hpp:72:8:   [ skipping 18 instantiation contexts, use -ftemplate-backtrace-limit=0 to disable ]
/tmp/tmp/built/BH/include/boost/iterator/iterator_facade.hpp:982:3:   required from ‘typename boost::iterators::detail::enable_if_interoperable<Derived1, Derived2, typename boost::mpl::apply2<boost::iterators::detail::always_bool2, Derived1, Derived2>::type>::type boost::iterators::operator!=(const boost::iterators::iterator_facade<Derived1, V1, TC1, Reference1, Difference1>&, const boost::iterators::iterator_facade<Derived2, V2, TC2, Reference2, Difference2>&) [with Derived1 = boost::iterators::transform_iterator<boost::algorithm::detail::copy_iterator_rangeF<std::__cxx11::basic_string<char>, __gnu_cxx::__normal_iterator<const char*, std::__cxx11::basic_string<char> > >, boost::algorithm::split_iterator<__gnu_cxx::__normal_iterator<const char*, std::__cxx11::basic_string<char> > >, boost::use_default, boost::use_default>; V1 = std::__cxx11::basic_string<char>; TC1 = boost::iterators::forward_traversal_tag; Reference1 = std::__cxx11::basic_string<char>; Difference1 = long int; Derived2 = boost::iterators::transform_iterator<boost::algorithm::detail::copy_iterator_rangeF<std::__cxx11::basic_string<char>, __gnu_cxx::__normal_iterator<const char*, std::__cxx11::basic_string<char> > >, boost::algorithm::split_iterator<__gnu_cxx::__normal_iterator<const char*, std::__cxx11::basic_string<char> > >, boost::use_default, boost::use_default>; V2 = std::__cxx11::basic_string<char>; TC2 = boost::iterators::forward_traversal_tag; Reference2 = std::__cxx11::basic_string<char>; Difference2 = long int; typename boost::iterators::detail::enable_if_interoperable<Derived1, Derived2, typename boost::mpl::apply2<boost::iterators::detail::always_bool2, Derived1, Derived2>::type>::type = bool; typename boost::mpl::apply2<boost::iterators::detail::always_bool2, Derived1, Derived2>::type = bool]’
/usr/include/c++/11/bits/stl_vector.h:1562:21:   required from ‘void std::vector<_Tp, _Alloc>::_M_range_initialize(_InputIterator, _InputIterator, std::input_iterator_tag) [with _InputIterator = boost::iterators::transform_iterator<boost::algorithm::detail::copy_iterator_rangeF<std::__cxx11::basic_string<char>, __gnu_cxx::__normal_iterator<const char*, std::__cxx11::basic_string<char> > >, boost::algorithm::split_iterator<__gnu_cxx::__normal_iterator<const char*, std::__cxx11::basic_string<char> > >, boost::use_default, boost::use_default>; _Tp = std::__cxx11::basic_string<char>; _Alloc = std::allocator<std::__cxx11::basic_string<char> >]’
/usr/include/c++/11/bits/stl_vector.h:657:23:   required from ‘std::vector<_Tp, _Alloc>::vector(_InputIterator, _InputIterator, const allocator_type&) [with _InputIterator = boost::iterators::transform_iterator<boost::algorithm::detail::copy_iterator_rangeF<std::__cxx11::basic_string<char>, __gnu_cxx::__normal_iterator<const char*, std::__cxx11::basic_string<char> > >, boost::algorithm::split_iterator<__gnu_cxx::__normal_iterator<const char*, std::__cxx11::basic_string<char> > >, boost::use_default, boost::use_default>; <template-parameter-2-2> = void; _Tp = std::__cxx11::basic_string<char>; _Alloc = std::allocator<std::__cxx11::basic_string<char> >; std::vector<_Tp, _Alloc>::allocator_type = std::allocator<std::__cxx11::basic_string<char> >]’
/tmp/tmp/built/BH/include/boost/algorithm/string/iter_find.hpp:186:31:   required from ‘SequenceSequenceT& boost::algorithm::iter_split(SequenceSequenceT&, RangeT&&, FinderT) [with SequenceSequenceT = std::vector<std::__cxx11::basic_string<char> >; RangeT = const std::__cxx11::basic_string<char>&; FinderT = boost::algorithm::detail::token_finderF<boost::algorithm::detail::is_any_ofF<char> >]’
/tmp/tmp/built/BH/include/boost/algorithm/string/split.hpp:158:50:   required from ‘SequenceSequenceT& boost::algorithm::split(SequenceSequenceT&, RangeT&&, PredicateT, boost::algorithm::token_compress_mode_type) [with SequenceSequenceT = std::vector<std::__cxx11::basic_string<char> >; RangeT = const std::__cxx11::basic_string<char>&; PredicateT = boost::algorithm::detail::is_any_ofF<char>]’
anytime.cpp:248:17:   required from here
/tmp/tmp/built/BH/include/boost/concept/usage.hpp:20:48: warning: ‘this’ pointer is null [-Wnonnull]
   20 |     ~usage_requirements() { ((Model*)0)->~Model(); }
      |                             ~~~~~~~~~~~~~~~~~~~^~
/tmp/tmp/built/BH/include/boost/concept/usage.hpp:37:7: note: in a call to non-static member function ‘boost::Convertible<X, Y>::~Convertible() [with X = boost::iterators::random_access_traversal_tag; Y = boost::iterators::single_pass_traversal_tag]’
   37 |       ~model()
      |       ^
/tmp/tmp/built/BH/include/boost/concept_check.hpp:208:5: note: in expansion of macro ‘BOOST_CONCEPT_USAGE’
  208 |     BOOST_CONCEPT_USAGE(Convertible) {
      |     ^~~~~~~~~~~~~~~~~~~
/tmp/tmp/built/BH/include/boost/concept/usage.hpp: In instantiation of ‘boost::concepts::usage_requirements<Model>::~usage_requirements() [with Model = boost::range_detail::SinglePassIteratorConcept<__gnu_cxx::__normal_iterator<const char*, std::__cxx11::basic_string<char> > >]’:
/tmp/tmp/built/BH/include/boost/concept/detail/general.hpp:50:47:   required from ‘static void boost::concepts::requirement<boost::concepts::failed************ Model::************>::failed() [with Model = boost::concepts::usage_requirements<boost::range_detail::SinglePassIteratorConcept<__gnu_cxx::__normal_iterator<const char*, std::__cxx11::basic_string<char> > > >]’
/tmp/tmp/built/BH/include/boost/range/concepts.hpp:158:13:   required from ‘struct boost::range_detail::SinglePassIteratorConcept<__gnu_cxx::__normal_iterator<const char*, std::__cxx11::basic_string<char> > >’
/tmp/tmp/built/BH/include/boost/concept/detail/has_constraints.hpp:32:62:   required by substitution of ‘template<class Model> boost::concepts::detail::yes boost::concepts::detail::has_constraints_(Model*, boost::concepts::detail::wrap_constraints<Model, (& Model::constraints)>*) [with Model = boost::range_detail::SinglePassIteratorConcept<__gnu_cxx::__normal_iterator<const char*, std::__cxx11::basic_string<char> > >]’
/tmp/tmp/built/BH/include/boost/concept/detail/has_constraints.hpp:42:5:   required from ‘const bool boost::concepts::not_satisfied<boost::range_detail::SinglePassIteratorConcept<__gnu_cxx::__normal_iterator<const char*, std::__cxx11::basic_string<char> > > >::value’
/tmp/tmp/built/BH/include/boost/concept/detail/has_constraints.hpp:45:51:   required from ‘struct boost::concepts::not_satisfied<boost::range_detail::SinglePassIteratorConcept<__gnu_cxx::__normal_iterator<const char*, std::__cxx11::basic_string<char> > > >’
/tmp/tmp/built/BH/include/boost/concept/detail/general.hpp:72:8:   [ skipping 13 instantiation contexts, use -ftemplate-backtrace-limit=0 to disable ]
/tmp/tmp/built/BH/include/boost/iterator/iterator_facade.hpp:982:3:   required from ‘typename boost::iterators::detail::enable_if_interoperable<Derived1, Derived2, typename boost::mpl::apply2<boost::iterators::detail::always_bool2, Derived1, Derived2>::type>::type boost::iterators::operator!=(const boost::iterators::iterator_facade<Derived1, V1, TC1, Reference1, Difference1>&, const boost::iterators::iterator_facade<Derived2, V2, TC2, Reference2, Difference2>&) [with Derived1 = boost::iterators::transform_iterator<boost::algorithm::detail::copy_iterator_rangeF<std::__cxx11::basic_string<char>, __gnu_cxx::__normal_iterator<const char*, std::__cxx11::basic_string<char> > >, boost::algorithm::split_iterator<__gnu_cxx::__normal_iterator<const char*, std::__cxx11::basic_string<char> > >, boost::use_default, boost::use_default>; V1 = std::__cxx11::basic_string<char>; TC1 = boost::iterators::forward_traversal_tag; Reference1 = std::__cxx11::basic_string<char>; Difference1 = long int; Derived2 = boost::iterators::transform_iterator<boost::algorithm::detail::copy_iterator_rangeF<std::__cxx11::basic_string<char>, __gnu_cxx::__normal_iterator<const char*, std::__cxx11::basic_string<char> > >, boost::algorithm::split_iterator<__gnu_cxx::__normal_iterator<const char*, std::__cxx11::basic_string<char> > >, boost::use_default, boost::use_default>; V2 = std::__cxx11::basic_string<char>; TC2 = boost::iterators::forward_traversal_tag; Reference2 = std::__cxx11::basic_string<char>; Difference2 = long int; typename boost::iterators::detail::enable_if_interoperable<Derived1, Derived2, typename boost::mpl::apply2<boost::iterators::detail::always_bool2, Derived1, Derived2>::type>::type = bool; typename boost::mpl::apply2<boost::iterators::detail::always_bool2, Derived1, Derived2>::type = bool]’
/usr/include/c++/11/bits/stl_vector.h:1562:21:   required from ‘void std::vector<_Tp, _Alloc>::_M_range_initialize(_InputIterator, _InputIterator, std::input_iterator_tag) [with _InputIterator = boost::iterators::transform_iterator<boost::algorithm::detail::copy_iterator_rangeF<std::__cxx11::basic_string<char>, __gnu_cxx::__normal_iterator<const char*, std::__cxx11::basic_string<char> > >, boost::algorithm::split_iterator<__gnu_cxx::__normal_iterator<const char*, std::__cxx11::basic_string<char> > >, boost::use_default, boost::use_default>; _Tp = std::__cxx11::basic_string<char>; _Alloc = std::allocator<std::__cxx11::basic_string<char> >]’
/usr/include/c++/11/bits/stl_vector.h:657:23:   required from ‘std::vector<_Tp, _Alloc>::vector(_InputIterator, _InputIterator, const allocator_type&) [with _InputIterator = boost::iterators::transform_iterator<boost::algorithm::detail::copy_iterator_rangeF<std::__cxx11::basic_string<char>, __gnu_cxx::__normal_iterator<const char*, std::__cxx11::basic_string<char> > >, boost::algorithm::split_iterator<__gnu_cxx::__normal_iterator<const char*, std::__cxx11::basic_string<char> > >, boost::use_default, boost::use_default>; <template-parameter-2-2> = void; _Tp = std::__cxx11::basic_string<char>; _Alloc = std::allocator<std::__cxx11::basic_string<char> >; std::vector<_Tp, _Alloc>::allocator_type = std::allocator<std::__cxx11::basic_string<char> >]’
/tmp/tmp/built/BH/include/boost/algorithm/string/iter_find.hpp:186:31:   required from ‘SequenceSequenceT& boost::algorithm::iter_split(SequenceSequenceT&, RangeT&&, FinderT) [with SequenceSequenceT = std::vector<std::__cxx11::basic_string<char> >; RangeT = const std::__cxx11::basic_string<char>&; FinderT = boost::algorithm::detail::token_finderF<boost::algorithm::detail::is_any_ofF<char> >]’
/tmp/tmp/built/BH/include/boost/algorithm/string/split.hpp:158:50:   required from ‘SequenceSequenceT& boost::algorithm::split(SequenceSequenceT&, RangeT&&, PredicateT, boost::algorithm::token_compress_mode_type) [with SequenceSequenceT = std::vector<std::__cxx11::basic_string<char> >; RangeT = const std::__cxx11::basic_string<char>&; PredicateT = boost::algorithm::detail::is_any_ofF<char>]’
anytime.cpp:248:17:   required from here
/tmp/tmp/built/BH/include/boost/concept/usage.hpp:20:48: warning: ‘this’ pointer is null [-Wnonnull]
   20 |     ~usage_requirements() { ((Model*)0)->~Model(); }
      |                             ~~~~~~~~~~~~~~~~~~~^~
/tmp/tmp/built/BH/include/boost/concept/usage.hpp:37:7: note: in a call to non-static member function ‘boost::range_detail::SinglePassIteratorConcept<Iterator>::~SinglePassIteratorConcept() [with Iterator = __gnu_cxx::__normal_iterator<const char*, std::__cxx11::basic_string<char> >]’
   37 |       ~model()
      |       ^
/tmp/tmp/built/BH/include/boost/range/concepts.hpp:158:13: note: in expansion of macro ‘BOOST_CONCEPT_USAGE’
  158 |             BOOST_CONCEPT_USAGE(SinglePassIteratorConcept)
      |             ^~~~~~~~~~~~~~~~~~~
/tmp/tmp/built/BH/include/boost/concept/usage.hpp: In instantiation of ‘boost::concepts::usage_requirements<Model>::~usage_requirements() [with Model = boost::SinglePassRangeConcept<const boost::iterator_range<__gnu_cxx::__normal_iterator<const char*, std::__cxx11::basic_string<char> > > >]’:
/tmp/tmp/built/BH/include/boost/concept/detail/general.hpp:50:47:   required from ‘static void boost::concepts::requirement<boost::concepts::failed************ Model::************>::failed() [with Model = boost::concepts::usage_requirements<boost::SinglePassRangeConcept<const boost::iterator_range<__gnu_cxx::__normal_iterator<const char*, std::__cxx11::basic_string<char> > > > >]’
/tmp/tmp/built/BH/include/boost/range/concepts.hpp:284:9:   required from ‘struct boost::SinglePassRangeConcept<const boost::iterator_range<__gnu_cxx::__normal_iterator<const char*, std::__cxx11::basic_string<char> > > >’
/tmp/tmp/built/BH/include/boost/concept/detail/has_constraints.hpp:32:62:   required by substitution of ‘template<class Model> boost::concepts::detail::yes boost::concepts::detail::has_constraints_(Model*, boost::concepts::detail::wrap_constraints<Model, (& Model::constraints)>*) [with Model = boost::SinglePassRangeConcept<const boost::iterator_range<__gnu_cxx::__normal_iterator<const char*, std::__cxx11::basic_string<char> > > >]’
/tmp/tmp/built/BH/include/boost/concept/detail/has_constraints.hpp:42:5:   required from ‘const bool boost::concepts::not_satisfied<boost::SinglePassRangeConcept<const boost::iterator_range<__gnu_cxx::__normal_iterator<const char*, std::__cxx11::basic_string<char> > > > >::value’
/tmp/tmp/built/BH/include/boost/concept/detail/has_constraints.hpp:45:51:   required from ‘struct boost::concepts::not_satisfied<boost::SinglePassRangeConcept<const boost::iterator_range<__gnu_cxx::__normal_iterator<const char*, std::__cxx11::basic_string<char> > > > >’
/tmp/tmp/built/BH/include/boost/concept/detail/general.hpp:72:8:   [ skipping 8 instantiation contexts, use -ftemplate-backtrace-limit=0 to disable ]
/tmp/tmp/built/BH/include/boost/iterator/iterator_facade.hpp:982:3:   required from ‘typename boost::iterators::detail::enable_if_interoperable<Derived1, Derived2, typename boost::mpl::apply2<boost::iterators::detail::always_bool2, Derived1, Derived2>::type>::type boost::iterators::operator!=(const boost::iterators::iterator_facade<Derived1, V1, TC1, Reference1, Difference1>&, const boost::iterators::iterator_facade<Derived2, V2, TC2, Reference2, Difference2>&) [with Derived1 = boost::iterators::transform_iterator<boost::algorithm::detail::copy_iterator_rangeF<std::__cxx11::basic_string<char>, __gnu_cxx::__normal_iterator<const char*, std::__cxx11::basic_string<char> > >, boost::algorithm::split_iterator<__gnu_cxx::__normal_iterator<const char*, std::__cxx11::basic_string<char> > >, boost::use_default, boost::use_default>; V1 = std::__cxx11::basic_string<char>; TC1 = boost::iterators::forward_traversal_tag; Reference1 = std::__cxx11::basic_string<char>; Difference1 = long int; Derived2 = boost::iterators::transform_iterator<boost::algorithm::detail::copy_iterator_rangeF<std::__cxx11::basic_string<char>, __gnu_cxx::__normal_iterator<const char*, std::__cxx11::basic_string<char> > >, boost::algorithm::split_iterator<__gnu_cxx::__normal_iterator<const char*, std::__cxx11::basic_string<char> > >, boost::use_default, boost::use_default>; V2 = std::__cxx11::basic_string<char>; TC2 = boost::iterators::forward_traversal_tag; Reference2 = std::__cxx11::basic_string<char>; Difference2 = long int; typename boost::iterators::detail::enable_if_interoperable<Derived1, Derived2, typename boost::mpl::apply2<boost::iterators::detail::always_bool2, Derived1, Derived2>::type>::type = bool; typename boost::mpl::apply2<boost::iterators::detail::always_bool2, Derived1, Derived2>::type = bool]’
/usr/include/c++/11/bits/stl_vector.h:1562:21:   required from ‘void std::vector<_Tp, _Alloc>::_M_range_initialize(_InputIterator, _InputIterator, std::input_iterator_tag) [with _InputIterator = boost::iterators::transform_iterator<boost::algorithm::detail::copy_iterator_rangeF<std::__cxx11::basic_string<char>, __gnu_cxx::__normal_iterator<const char*, std::__cxx11::basic_string<char> > >, boost::algorithm::split_iterator<__gnu_cxx::__normal_iterator<const char*, std::__cxx11::basic_string<char> > >, boost::use_default, boost::use_default>; _Tp = std::__cxx11::basic_string<char>; _Alloc = std::allocator<std::__cxx11::basic_string<char> >]’
/usr/include/c++/11/bits/stl_vector.h:657:23:   required from ‘std::vector<_Tp, _Alloc>::vector(_InputIterator, _InputIterator, const allocator_type&) [with _InputIterator = boost::iterators::transform_iterator<boost::algorithm::detail::copy_iterator_rangeF<std::__cxx11::basic_string<char>, __gnu_cxx::__normal_iterator<const char*, std::__cxx11::basic_string<char> > >, boost::algorithm::split_iterator<__gnu_cxx::__normal_iterator<const char*, std::__cxx11::basic_string<char> > >, boost::use_default, boost::use_default>; <template-parameter-2-2> = void; _Tp = std::__cxx11::basic_string<char>; _Alloc = std::allocator<std::__cxx11::basic_string<char> >; std::vector<_Tp, _Alloc>::allocator_type = std::allocator<std::__cxx11::basic_string<char> >]’
/tmp/tmp/built/BH/include/boost/algorithm/string/iter_find.hpp:186:31:   required from ‘SequenceSequenceT& boost::algorithm::iter_split(SequenceSequenceT&, RangeT&&, FinderT) [with SequenceSequenceT = std::vector<std::__cxx11::basic_string<char> >; RangeT = const std::__cxx11::basic_string<char>&; FinderT = boost::algorithm::detail::token_finderF<boost::algorithm::detail::is_any_ofF<char> >]’
/tmp/tmp/built/BH/include/boost/algorithm/string/split.hpp:158:50:   required from ‘SequenceSequenceT& boost::algorithm::split(SequenceSequenceT&, RangeT&&, PredicateT, boost::algorithm::token_compress_mode_type) [with SequenceSequenceT = std::vector<std::__cxx11::basic_string<char> >; RangeT = const std::__cxx11::basic_string<char>&; PredicateT = boost::algorithm::detail::is_any_ofF<char>]’
anytime.cpp:248:17:   required from here
/tmp/tmp/built/BH/include/boost/concept/usage.hpp:20:48: warning: ‘this’ pointer is null [-Wnonnull]
   20 |     ~usage_requirements() { ((Model*)0)->~Model(); }
      |                             ~~~~~~~~~~~~~~~~~~~^~
/tmp/tmp/built/BH/include/boost/concept/usage.hpp:37:7: note: in a call to non-static member function ‘boost::SinglePassRangeConcept<T>::~SinglePassRangeConcept() [with T = const boost::iterator_range<__gnu_cxx::__normal_iterator<const char*, std::__cxx11::basic_string<char> > >]’
   37 |       ~model()
      |       ^
/tmp/tmp/built/BH/include/boost/range/concepts.hpp:284:9: note: in expansion of macro ‘BOOST_CONCEPT_USAGE’
  284 |         BOOST_CONCEPT_USAGE(SinglePassRangeConcept)
      |         ^~~~~~~~~~~~~~~~~~~
g++ -std=gnu++11 -shared -L/usr/local/lib/R/lib -L/usr/local/lib -o anytime.so RcppExports.o anytime.o -L/usr/local/lib/R/lib -lR
installing to /tmp/tmp/built/00LOCK-anytime/00new/anytime/libs
** R
** inst
** byte-compile and prepare package for lazy loading
** help
*** installing help indices
** building package indices
** installing vignettes
** testing if installed package can be loaded from temporary location
** checking absolute paths in shared objects and dynamic libraries
** testing if installed package can be loaded from final location
** testing if installed package keeps a record of temporary installation path
* creating tarball
packaged installation of ‘anytime’ as ‘anytime_0.3.9_R_x86_64-pc-linux-gnu.tar.gz’
* DONE (anytime)
* installing *source* package ‘shinyBS’ ...
** package ‘shinyBS’ successfully unpacked and MD5 sums checked
** using staged installation
** R
** inst
** byte-compile and prepare package for lazy loading
** help
*** installing help indices
** building package indices
** testing if installed package can be loaded from temporary location
** testing if installed package can be loaded from final location
** testing if installed package keeps a record of temporary installation path
* creating tarball
packaged installation of ‘shinyBS’ as ‘shinyBS_0.61.1_R_x86_64-pc-linux-gnu.tar.gz’
* DONE (shinyBS)
* installing *source* package ‘shinycssloaders’ ...
** package ‘shinycssloaders’ successfully unpacked and MD5 sums checked
** using staged installation
** R
** inst
** byte-compile and prepare package for lazy loading
** help
*** installing help indices
** building package indices
** testing if installed package can be loaded from temporary location
** testing if installed package can be loaded from final location
** testing if installed package keeps a record of temporary installation path
* creating tarball
packaged installation of ‘shinycssloaders’ as ‘shinycssloaders_1.0.0_R_x86_64-pc-linux-gnu.tar.gz’
* DONE (shinycssloaders)
* installing *source* package ‘shinyjqui’ ...
** package ‘shinyjqui’ successfully unpacked and MD5 sums checked
** using staged installation
** R
** inst
** byte-compile and prepare package for lazy loading
** help
*** installing help indices
*** copying figures
** building package indices
** installing vignettes
** testing if installed package can be loaded from temporary location
** testing if installed package can be loaded from final location
** testing if installed package keeps a record of temporary installation path
* creating tarball
packaged installation of ‘shinyjqui’ as ‘shinyjqui_0.4.1_R_x86_64-pc-linux-gnu.tar.gz’
* DONE (shinyjqui)
* installing *source* package ‘shinyjs’ ...
** package ‘shinyjs’ successfully unpacked and MD5 sums checked
** using staged installation
** R
** inst
** byte-compile and prepare package for lazy loading
** help
*** installing help indices
** building package indices
** installing vignettes
** testing if installed package can be loaded from temporary location
** testing if installed package can be loaded from final location
** testing if installed package keeps a record of temporary installation path
* creating tarball
packaged installation of ‘shinyjs’ as ‘shinyjs_2.1.0_R_x86_64-pc-linux-gnu.tar.gz’
* DONE (shinyjs)
* installing *source* package ‘pool’ ...
** package ‘pool’ successfully unpacked and MD5 sums checked
** using staged installation
** R
** inst
** byte-compile and prepare package for lazy loading
** help
*** installing help indices
** building package indices
** installing vignettes
** testing if installed package can be loaded from temporary location
** testing if installed package can be loaded from final location
** testing if installed package keeps a record of temporary installation path
* creating tarball
packaged installation of ‘pool’ as ‘pool_1.0.2_R_x86_64-pc-linux-gnu.tar.gz’
* DONE (pool)
* installing *source* package ‘gsubfn’ ...
** package ‘gsubfn’ successfully unpacked and MD5 sums checked
** using staged installation
** R
** demo
** inst
** byte-compile and prepare package for lazy loading
** help
*** installing help indices
** building package indices
** installing vignettes
** testing if installed package can be loaded from temporary location
Warning: no DISPLAY variable so Tk is not available
** testing if installed package can be loaded from final location
Warning: no DISPLAY variable so Tk is not available
** testing if installed package keeps a record of temporary installation path
* creating tarball
packaged installation of ‘gsubfn’ as ‘gsubfn_0.7_R_x86_64-pc-linux-gnu.tar.gz’
* DONE (gsubfn)
ERROR: dependency ‘rtracklayer’ is not available for package ‘GenomicFeatures’
* removing ‘/tmp/tmp/built/GenomicFeatures’
* installing *source* package ‘Hmisc’ ...
** package ‘Hmisc’ successfully unpacked and MD5 sums checked
** using staged installation
** libs
using C compiler: ‘gcc (Ubuntu 11.4.0-1ubuntu1~22.04) 11.4.0’
using Fortran compiler: ‘GNU Fortran (Ubuntu 11.4.0-1ubuntu1~22.04) 11.4.0’
gcc -I"/usr/local/lib/R/include" -DNDEBUG   -I/usr/local/include    -fpic  -g -O2 -fstack-protector-strong -Wformat -Werror=format-security -Wdate-time -D_FORTIFY_SOURCE=2 -g  -c Hmisc.c -o Hmisc.o
gfortran  -fpic  -g -O2  -c cidxcn.f -o cidxcn.o
gfortran  -fpic  -g -O2  -c cidxcp.f -o cidxcp.o
gfortran  -fpic  -g -O2  -c hoeffd.f -o hoeffd.o
gcc -I"/usr/local/lib/R/include" -DNDEBUG   -I/usr/local/include    -fpic  -g -O2 -fstack-protector-strong -Wformat -Werror=format-security -Wdate-time -D_FORTIFY_SOURCE=2 -g  -c init.c -o init.o
gfortran  -fpic  -g -O2  -c jacklins.f -o jacklins.o
gfortran  -fpic  -g -O2  -c largrec.f -o largrec.o
gcc -I"/usr/local/lib/R/include" -DNDEBUG   -I/usr/local/include    -fpic  -g -O2 -fstack-protector-strong -Wformat -Werror=format-security -Wdate-time -D_FORTIFY_SOURCE=2 -g  -c mChoice.c -o mChoice.o
gfortran  -fpic  -g -O2  -c maxempr.f -o maxempr.o
gcc -I"/usr/local/lib/R/include" -DNDEBUG   -I/usr/local/include    -fpic  -g -O2 -fstack-protector-strong -Wformat -Werror=format-security -Wdate-time -D_FORTIFY_SOURCE=2 -g  -c nstr.c -o nstr.o
gcc -I"/usr/local/lib/R/include" -DNDEBUG   -I/usr/local/include    -fpic  -g -O2 -fstack-protector-strong -Wformat -Werror=format-security -Wdate-time -D_FORTIFY_SOURCE=2 -g  -c ranksort.c -o ranksort.o
gfortran  -fpic  -g -O2  -c rcorr.f -o rcorr.o
gcc -I"/usr/local/lib/R/include" -DNDEBUG   -I/usr/local/include    -fpic  -g -O2 -fstack-protector-strong -Wformat -Werror=format-security -Wdate-time -D_FORTIFY_SOURCE=2 -g  -c string_box.c -o string_box.o
gfortran  -fpic  -g -O2  -c wclosest.f -o wclosest.o
gcc -shared -L/usr/local/lib/R/lib -L/usr/local/lib -o Hmisc.so Hmisc.o cidxcn.o cidxcp.o hoeffd.o init.o jacklins.o largrec.o mChoice.o maxempr.o nstr.o ranksort.o rcorr.o string_box.o wclosest.o -lgfortran -lm -lquadmath -L/usr/local/lib/R/lib -lR
installing to /tmp/tmp/built/00LOCK-Hmisc/00new/Hmisc/libs
** R
** inst
** byte-compile and prepare package for lazy loading
** help
*** installing help indices
** building package indices
** testing if installed package can be loaded from temporary location
** checking absolute paths in shared objects and dynamic libraries
** testing if installed package can be loaded from final location
** testing if installed package keeps a record of temporary installation path
* creating tarball
packaged installation of ‘Hmisc’ as ‘Hmisc_5.1-1_R_x86_64-pc-linux-gnu.tar.gz’
* DONE (Hmisc)
* installing *source* package ‘shinyWidgets’ ...
** package ‘shinyWidgets’ successfully unpacked and MD5 sums checked
** using staged installation
** R
** data
*** moving datasets to lazyload DB
** inst
** byte-compile and prepare package for lazy loading
** help
*** installing help indices
*** copying figures
** building package indices
** testing if installed package can be loaded from temporary location
** testing if installed package can be loaded from final location
** testing if installed package keeps a record of temporary installation path
* creating tarball
packaged installation of ‘shinyWidgets’ as ‘shinyWidgets_0.8.1_R_x86_64-pc-linux-gnu.tar.gz’
* DONE (shinyWidgets)
* installing *source* package ‘colourpicker’ ...
** package ‘colourpicker’ successfully unpacked and MD5 sums checked
** using staged installation
** R
** inst
** byte-compile and prepare package for lazy loading
** help
*** installing help indices
** building package indices
** testing if installed package can be loaded from temporary location
** testing if installed package can be loaded from final location
** testing if installed package keeps a record of temporary installation path
* creating tarball
packaged installation of ‘colourpicker’ as ‘colourpicker_1.3.0_R_x86_64-pc-linux-gnu.tar.gz’
* DONE (colourpicker)
* installing *source* package ‘sqldf’ ...
** package ‘sqldf’ successfully unpacked and MD5 sums checked
** using staged installation
** R
** demo
** inst
** byte-compile and prepare package for lazy loading
Warning message:
no DISPLAY variable so Tk is not available 
** help
*** installing help indices
** building package indices
** testing if installed package can be loaded from temporary location
Warning: no DISPLAY variable so Tk is not available
** testing if installed package can be loaded from final location
Warning: no DISPLAY variable so Tk is not available
** testing if installed package keeps a record of temporary installation path
* creating tarball
packaged installation of ‘sqldf’ as ‘sqldf_0.4-11_R_x86_64-pc-linux-gnu.tar.gz’
* DONE (sqldf)
* installing *source* package ‘CRISPRball’ ...
** using staged installation
** R
** data
** inst
** byte-compile and prepare package for lazy loading
** help
*** installing help indices
** building package indices
** installing vignettes
** testing if installed package can be loaded from temporary location
** testing if installed package can be loaded from final location
** testing if installed package keeps a record of temporary installation path
* creating tarball
packaged installation of ‘CRISPRball’ as ‘CRISPRball_0.99.10_R_x86_64-pc-linux-gnu.tar.gz’
* DONE (CRISPRball)
ERROR: dependency ‘GenomicFeatures’ is not available for package ‘mygene’
* removing ‘/tmp/tmp/built/mygene’

The downloaded source packages are in
	‘/tmp/RtmpMDjBDB/downloaded_packages’
Warning messages:
1: In install.packages(...) :
  installation of package ‘rtracklayer’ had non-zero exit status
2: In install.packages(...) :
  installation of package ‘GenomicFeatures’ had non-zero exit status
3: In install.packages(...) :
  installation of package ‘mygene’ had non-zero exit status

real	1m47.682s
user	1m30.822s
sys	0m16.896s
* installing *source* package ‘rex’ ...
** package ‘rex’ successfully unpacked and MD5 sums checked
** using staged installation
** R
** inst
** byte-compile and prepare package for lazy loading
** help
*** installing help indices
** building package indices
** installing vignettes
** testing if installed package can be loaded from temporary location
** testing if installed package can be loaded from final location
** testing if installed package keeps a record of temporary installation path
* creating tarball
packaged installation of ‘rex’ as ‘rex_1.2.1_R_x86_64-pc-linux-gnu.tar.gz’
* DONE (rex)
* installing *source* package ‘RMySQL’ ...
** package ‘RMySQL’ successfully unpacked and MD5 sums checked
** using staged installation
Found mysql_config cflags and libs!
Using PKG_CFLAGS=-I/usr/include/mysql 
Using PKG_LIBS=-L/usr/lib/x86_64-linux-gnu -lmysqlclient -lzstd -lssl -lcrypto -lresolv -lm
** libs
using C compiler: ‘gcc (Ubuntu 11.4.0-1ubuntu1~22.04) 11.4.0’
rm -f RMySQL.so RMySQL-init.o connection.o db-apply.o driver.o exception.o fields.o result.o utils.o
gcc -I"/usr/local/lib/R/include" -DNDEBUG -I/usr/include/mysql   -I/usr/local/include    -fpic  -g -O2 -fstack-protector-strong -Wformat -Werror=format-security -Wdate-time -D_FORTIFY_SOURCE=2 -g  -c RMySQL-init.c -o RMySQL-init.o
gcc -I"/usr/local/lib/R/include" -DNDEBUG -I/usr/include/mysql   -I/usr/local/include    -fpic  -g -O2 -fstack-protector-strong -Wformat -Werror=format-security -Wdate-time -D_FORTIFY_SOURCE=2 -g  -c connection.c -o connection.o
gcc -I"/usr/local/lib/R/include" -DNDEBUG -I/usr/include/mysql   -I/usr/local/include    -fpic  -g -O2 -fstack-protector-strong -Wformat -Werror=format-security -Wdate-time -D_FORTIFY_SOURCE=2 -g  -c db-apply.c -o db-apply.o
gcc -I"/usr/local/lib/R/include" -DNDEBUG -I/usr/include/mysql   -I/usr/local/include    -fpic  -g -O2 -fstack-protector-strong -Wformat -Werror=format-security -Wdate-time -D_FORTIFY_SOURCE=2 -g  -c driver.c -o driver.o
gcc -I"/usr/local/lib/R/include" -DNDEBUG -I/usr/include/mysql   -I/usr/local/include    -fpic  -g -O2 -fstack-protector-strong -Wformat -Werror=format-security -Wdate-time -D_FORTIFY_SOURCE=2 -g  -c exception.c -o exception.o
gcc -I"/usr/local/lib/R/include" -DNDEBUG -I/usr/include/mysql   -I/usr/local/include    -fpic  -g -O2 -fstack-protector-strong -Wformat -Werror=format-security -Wdate-time -D_FORTIFY_SOURCE=2 -g  -c fields.c -o fields.o
gcc -I"/usr/local/lib/R/include" -DNDEBUG -I/usr/include/mysql   -I/usr/local/include    -fpic  -g -O2 -fstack-protector-strong -Wformat -Werror=format-security -Wdate-time -D_FORTIFY_SOURCE=2 -g  -c result.c -o result.o
gcc -I"/usr/local/lib/R/include" -DNDEBUG -I/usr/include/mysql   -I/usr/local/include    -fpic  -g -O2 -fstack-protector-strong -Wformat -Werror=format-security -Wdate-time -D_FORTIFY_SOURCE=2 -g  -c utils.c -o utils.o
gcc -shared -L/usr/local/lib/R/lib -L/usr/local/lib -o RMySQL.so RMySQL-init.o connection.o db-apply.o driver.o exception.o fields.o result.o utils.o -L/usr/lib/x86_64-linux-gnu -lmysqlclient -lzstd -lssl -lcrypto -lresolv -lm -L/usr/local/lib/R/lib -lR
installing to /tmp/tmp/built/00LOCK-RMySQL/00new/RMySQL/libs
** R
** byte-compile and prepare package for lazy loading
** help
*** installing help indices
** building package indices
** testing if installed package can be loaded from temporary location
** checking absolute paths in shared objects and dynamic libraries
** testing if installed package can be loaded from final location
** testing if installed package keeps a record of temporary installation path
* creating tarball
packaged installation of ‘RMySQL’ as ‘RMySQL_0.10.27_R_x86_64-pc-linux-gnu.tar.gz’
* DONE (RMySQL)
* installing *source* package ‘pool’ ...
** package ‘pool’ successfully unpacked and MD5 sums checked
** using staged installation
** R
** inst
** byte-compile and prepare package for lazy loading
** help
*** installing help indices
** building package indices
** installing vignettes
** testing if installed package can be loaded from temporary location
** testing if installed package can be loaded from final location
** testing if installed package keeps a record of temporary installation path
* creating tarball
packaged installation of ‘pool’ as ‘pool_1.0.2_R_x86_64-pc-linux-gnu.tar.gz’
* DONE (pool)
* installing *source* package ‘covr’ ...
** package ‘covr’ successfully unpacked and MD5 sums checked
** using staged installation
** libs
using C compiler: ‘gcc (Ubuntu 11.4.0-1ubuntu1~22.04) 11.4.0’
gcc -I"/usr/local/lib/R/include" -DNDEBUG   -I/usr/local/include    -fpic  -g -O2 -fstack-protector-strong -Wformat -Werror=format-security -Wdate-time -D_FORTIFY_SOURCE=2 -g  -c reassign.c -o reassign.o
gcc -shared -L/usr/local/lib/R/lib -L/usr/local/lib -o covr.so reassign.o -L/usr/local/lib/R/lib -lR
installing to /tmp/tmp/built/00LOCK-covr/00new/covr/libs
** R
** inst
** byte-compile and prepare package for lazy loading
** help
*** installing help indices
*** copying figures
** building package indices
** installing vignettes
** testing if installed package can be loaded from temporary location
** checking absolute paths in shared objects and dynamic libraries
** testing if installed package can be loaded from final location
** testing if installed package keeps a record of temporary installation path
* creating tarball
packaged installation of ‘covr’ as ‘covr_3.6.4_R_x86_64-pc-linux-gnu.tar.gz’
* DONE (covr)
